14:01:10.620 debug: 10/30/2025, 2:01:10 PM
14:01:10.620 debug: Project: /Users/fldsmdfr/Documents/GitHub/Blue_Games/Venados/_Editables/Bateando-cocos-editable
14:01:10.620 debug: Targets: editor,preview
14:01:10.622 debug: Incremental file seems great.
14:01:10.622 debug: Engine path: /Applications/Cocos/Creator/3.8.5/CocosCreator.app/Contents/Resources/resources/3d/engine
14:01:10.639 debug: Initializing target [Editor]
14:01:10.639 debug: Loading cache
14:01:10.641 debug: Loading cache costs 1.6484999999993306ms.
14:01:10.641 debug: Engine features shipped in editor: base,gfx-webgl,gfx-webgl2,gfx-empty,gfx-webgpu,3d,animation,skeletal-animation,2d,ui,particle,particle-2d,physics-framework,physics-2d-framework,physics-2d-box2d-wasm,intersection-2d,primitive,profiler,occlusion-query,geometry-renderer,debug-renderer,audio,video,xr,light-probe,terrain,webview,tween,tiled-map,vendor-google,spine,dragon-bones,marionette,procedural-animation,custom-pipeline,custom-pipeline-builtin-scripts,custom-pipeline-post-process,legacy-pipeline,websocket,websocket-server,meshopt
14:01:10.641 debug: Our import map(foo:/bar): {
  "imports": {
    "cc": "cce:/internal/x/cc"
  }
}
14:01:10.641 debug: Initializing target [Preview]
14:01:10.641 debug: Loading cache
14:01:10.643 debug: Loading cache costs 1.107916999999361ms.
14:01:10.643 debug: Our import map(foo:/bar): {
  "imports": {
    "cc": "cce:/internal/x/cc"
  }
}
14:01:10.668 debug: Sync engine features: 2d,3d,animation,audio,base,custom-pipeline,dragon-bones,gfx-webgl,intersection-2d,light-probe,marionette,particle,particle-2d,physics-2d-box2d,physics-ammo,primitive,profiler,skeletal-animation,spine,terrain,tiled-map,tween,ui,video,websocket,webview
14:01:10.670 debug: Reset databases. Enumerated domains: [
  {
    "root": "db://internal/",
    "physical": "/Applications/Cocos/Creator/3.8.5/CocosCreator.app/Contents/Resources/resources/3d/engine/editor/assets"
  },
  {
    "root": "db://assets/",
    "physical": "/Users/fldsmdfr/Documents/GitHub/Blue_Games/Venados/_Editables/Bateando-cocos-editable/assets"
  }
]
14:01:10.670 debug: Our import map(foo:/bar): {
  "imports": {
    "cc": "cce:/internal/x/cc",
    "db://internal/": "file:///Applications/Cocos/Creator/3.8.5/CocosCreator.app/Contents/Resources/resources/3d/engine/editor/assets/",
    "db://assets/": "file:///Users/fldsmdfr/Documents/GitHub/Blue_Games/Venados/_Editables/Bateando-cocos-editable/assets/"
  }
}
14:01:10.670 debug: Our import map(foo:/bar): {
  "imports": {
    "cc": "cce:/internal/x/cc",
    "db://internal/": "file:///Applications/Cocos/Creator/3.8.5/CocosCreator.app/Contents/Resources/resources/3d/engine/editor/assets/",
    "db://assets/": "file:///Users/fldsmdfr/Documents/GitHub/Blue_Games/Venados/_Editables/Bateando-cocos-editable/assets/"
  }
}
14:01:10.670 debug: Pulling asset-db.
14:01:10.675 debug: Fetch asset-db cost: 4.389291999999841ms.
14:01:10.675 debug: Build iteration starts.
Number of accumulated asset changes: 18
Feature changed: false
14:01:10.676 debug: Target(editor) build started.
14:01:10.677 debug: Detected change: cce:/internal/x/cc. Last mtime: Wed Dec 31 1969 18:00:04 GMT-0600 (Central Standard Time), Current mtime: Wed Dec 31 1969 18:00:05 GMT-0600 (Central Standard Time)
14:01:10.677 debug: Inspect cce:/internal/x/cc
14:01:10.706 debug: transform url: 'cce:/internal/x/cc' costs: 28.80 ms
14:01:10.708 debug: Resolve cce:/internal/x/cc-fu/base from cce:/internal/x/cc as external dependency cce:/internal/x/cc-fu/base.
14:01:10.708 debug: Resolve cce:/internal/x/cc-fu/gfx-webgl from cce:/internal/x/cc as external dependency cce:/internal/x/cc-fu/gfx-webgl.
14:01:10.708 debug: Resolve cce:/internal/x/cc-fu/gfx-webgl2 from cce:/internal/x/cc as external dependency cce:/internal/x/cc-fu/gfx-webgl2.
14:01:10.708 debug: Resolve cce:/internal/x/cc-fu/gfx-empty from cce:/internal/x/cc as external dependency cce:/internal/x/cc-fu/gfx-empty.
14:01:10.708 debug: Resolve cce:/internal/x/cc-fu/gfx-webgpu from cce:/internal/x/cc as external dependency cce:/internal/x/cc-fu/gfx-webgpu.
14:01:10.708 debug: Resolve cce:/internal/x/cc-fu/3d from cce:/internal/x/cc as external dependency cce:/internal/x/cc-fu/3d.
14:01:10.708 debug: Resolve cce:/internal/x/cc-fu/animation from cce:/internal/x/cc as external dependency cce:/internal/x/cc-fu/animation.
14:01:10.708 debug: Resolve cce:/internal/x/cc-fu/skeletal-animation from cce:/internal/x/cc as external dependency cce:/internal/x/cc-fu/skeletal-animation.
14:01:10.708 debug: Resolve cce:/internal/x/cc-fu/2d from cce:/internal/x/cc as external dependency cce:/internal/x/cc-fu/2d.
14:01:10.708 debug: Resolve cce:/internal/x/cc-fu/sorting from cce:/internal/x/cc as external dependency cce:/internal/x/cc-fu/sorting.
14:01:10.708 debug: Resolve cce:/internal/x/cc-fu/ui from cce:/internal/x/cc as external dependency cce:/internal/x/cc-fu/ui.
14:01:10.708 debug: Resolve cce:/internal/x/cc-fu/particle from cce:/internal/x/cc as external dependency cce:/internal/x/cc-fu/particle.
14:01:10.708 debug: Resolve cce:/internal/x/cc-fu/particle-2d from cce:/internal/x/cc as external dependency cce:/internal/x/cc-fu/particle-2d.
14:01:10.708 debug: Resolve cce:/internal/x/cc-fu/physics-framework from cce:/internal/x/cc as external dependency cce:/internal/x/cc-fu/physics-framework.
14:01:10.708 debug: Resolve cce:/internal/x/cc-fu/physics-2d-framework from cce:/internal/x/cc as external dependency cce:/internal/x/cc-fu/physics-2d-framework.
14:01:10.708 debug: Resolve cce:/internal/x/cc-fu/physics-2d-box2d-wasm from cce:/internal/x/cc as external dependency cce:/internal/x/cc-fu/physics-2d-box2d-wasm.
14:01:10.708 debug: Resolve cce:/internal/x/cc-fu/intersection-2d from cce:/internal/x/cc as external dependency cce:/internal/x/cc-fu/intersection-2d.
14:01:10.708 debug: Resolve cce:/internal/x/cc-fu/primitive from cce:/internal/x/cc as external dependency cce:/internal/x/cc-fu/primitive.
14:01:10.708 debug: Resolve cce:/internal/x/cc-fu/profiler from cce:/internal/x/cc as external dependency cce:/internal/x/cc-fu/profiler.
14:01:10.708 debug: Resolve cce:/internal/x/cc-fu/geometry-renderer from cce:/internal/x/cc as external dependency cce:/internal/x/cc-fu/geometry-renderer.
14:01:10.708 debug: Resolve cce:/internal/x/cc-fu/audio from cce:/internal/x/cc as external dependency cce:/internal/x/cc-fu/audio.
14:01:10.708 debug: Resolve cce:/internal/x/cc-fu/video from cce:/internal/x/cc as external dependency cce:/internal/x/cc-fu/video.
14:01:10.708 debug: Resolve cce:/internal/x/cc-fu/xr from cce:/internal/x/cc as external dependency cce:/internal/x/cc-fu/xr.
14:01:10.708 debug: Resolve cce:/internal/x/cc-fu/light-probe from cce:/internal/x/cc as external dependency cce:/internal/x/cc-fu/light-probe.
14:01:10.708 debug: Resolve cce:/internal/x/cc-fu/terrain from cce:/internal/x/cc as external dependency cce:/internal/x/cc-fu/terrain.
14:01:10.708 debug: Resolve cce:/internal/x/cc-fu/webview from cce:/internal/x/cc as external dependency cce:/internal/x/cc-fu/webview.
14:01:10.708 debug: Resolve cce:/internal/x/cc-fu/tween from cce:/internal/x/cc as external dependency cce:/internal/x/cc-fu/tween.
14:01:10.708 debug: Resolve cce:/internal/x/cc-fu/tiled-map from cce:/internal/x/cc as external dependency cce:/internal/x/cc-fu/tiled-map.
14:01:10.708 debug: Resolve cce:/internal/x/cc-fu/vendor-google from cce:/internal/x/cc as external dependency cce:/internal/x/cc-fu/vendor-google.
14:01:10.708 debug: Resolve cce:/internal/x/cc-fu/spine from cce:/internal/x/cc as external dependency cce:/internal/x/cc-fu/spine.
14:01:10.708 debug: Resolve cce:/internal/x/cc-fu/dragon-bones from cce:/internal/x/cc as external dependency cce:/internal/x/cc-fu/dragon-bones.
14:01:10.708 debug: Resolve cce:/internal/x/cc-fu/custom-pipeline from cce:/internal/x/cc as external dependency cce:/internal/x/cc-fu/custom-pipeline.
14:01:10.709 debug: Resolve cce:/internal/x/cc-fu/custom-pipeline-post-process from cce:/internal/x/cc as external dependency cce:/internal/x/cc-fu/custom-pipeline-post-process.
14:01:10.709 debug: Resolve cce:/internal/x/cc-fu/legacy-pipeline from cce:/internal/x/cc as external dependency cce:/internal/x/cc-fu/legacy-pipeline.
14:01:10.709 debug: Detected change: cce:/internal/x/prerequisite-imports. Last mtime: Wed Dec 31 1969 18:00:05 GMT-0600 (Central Standard Time), Current mtime: Wed Dec 31 1969 18:00:05 GMT-0600 (Central Standard Time)
14:01:10.709 debug: Inspect cce:/internal/x/prerequisite-imports
14:01:10.717 debug: transform url: 'cce:/internal/x/prerequisite-imports' costs: 8.90 ms
14:01:10.718 debug: Resolve file:///Applications/Cocos/Creator/3.8.5/CocosCreator.app/Contents/Resources/resources/3d/engine/editor/assets/default_renderpipeline/builtin-dof-pass.ts from cce:/internal/x/prerequisite-imports as file:///Applications/Cocos/Creator/3.8.5/CocosCreator.app/Contents/Resources/resources/3d/engine/editor/assets/default_renderpipeline/builtin-dof-pass.ts.
14:01:10.718 debug: Resolve file:///Applications/Cocos/Creator/3.8.5/CocosCreator.app/Contents/Resources/resources/3d/engine/editor/assets/default_renderpipeline/builtin-pipeline-pass.ts from cce:/internal/x/prerequisite-imports as file:///Applications/Cocos/Creator/3.8.5/CocosCreator.app/Contents/Resources/resources/3d/engine/editor/assets/default_renderpipeline/builtin-pipeline-pass.ts.
14:01:10.718 debug: Resolve file:///Applications/Cocos/Creator/3.8.5/CocosCreator.app/Contents/Resources/resources/3d/engine/editor/assets/default_renderpipeline/builtin-pipeline-settings.ts from cce:/internal/x/prerequisite-imports as file:///Applications/Cocos/Creator/3.8.5/CocosCreator.app/Contents/Resources/resources/3d/engine/editor/assets/default_renderpipeline/builtin-pipeline-settings.ts.
14:01:10.718 debug: Resolve file:///Applications/Cocos/Creator/3.8.5/CocosCreator.app/Contents/Resources/resources/3d/engine/editor/assets/default_renderpipeline/builtin-pipeline-types.ts from cce:/internal/x/prerequisite-imports as file:///Applications/Cocos/Creator/3.8.5/CocosCreator.app/Contents/Resources/resources/3d/engine/editor/assets/default_renderpipeline/builtin-pipeline-types.ts.
14:01:10.719 debug: Resolve file:///Applications/Cocos/Creator/3.8.5/CocosCreator.app/Contents/Resources/resources/3d/engine/editor/assets/default_renderpipeline/builtin-pipeline.ts from cce:/internal/x/prerequisite-imports as file:///Applications/Cocos/Creator/3.8.5/CocosCreator.app/Contents/Resources/resources/3d/engine/editor/assets/default_renderpipeline/builtin-pipeline.ts.
14:01:10.719 debug: Resolve file:///Applications/Cocos/Creator/3.8.5/CocosCreator.app/Contents/Resources/resources/3d/engine/editor/assets/tools/debug-view-runtime-control.ts from cce:/internal/x/prerequisite-imports as file:///Applications/Cocos/Creator/3.8.5/CocosCreator.app/Contents/Resources/resources/3d/engine/editor/assets/tools/debug-view-runtime-control.ts.
14:01:10.719 debug: Resolve file:///Users/fldsmdfr/Documents/GitHub/Blue_Games/Venados/_Editables/Bateando-cocos-editable/assets/scripts/BallCtrl.ts from cce:/internal/x/prerequisite-imports as file:///Users/fldsmdfr/Documents/GitHub/Blue_Games/Venados/_Editables/Bateando-cocos-editable/assets/scripts/BallCtrl.ts.
14:01:10.719 debug: Resolve file:///Users/fldsmdfr/Documents/GitHub/Blue_Games/Venados/_Editables/Bateando-cocos-editable/assets/scripts/BallSpawner.ts from cce:/internal/x/prerequisite-imports as file:///Users/fldsmdfr/Documents/GitHub/Blue_Games/Venados/_Editables/Bateando-cocos-editable/assets/scripts/BallSpawner.ts.
14:01:10.719 debug: Resolve file:///Users/fldsmdfr/Documents/GitHub/Blue_Games/Venados/_Editables/Bateando-cocos-editable/assets/scripts/BateosCtrl.ts from cce:/internal/x/prerequisite-imports as file:///Users/fldsmdfr/Documents/GitHub/Blue_Games/Venados/_Editables/Bateando-cocos-editable/assets/scripts/BateosCtrl.ts.
14:01:10.719 debug: Resolve file:///Users/fldsmdfr/Documents/GitHub/Blue_Games/Venados/_Editables/Bateando-cocos-editable/assets/scripts/BatterAi.ts from cce:/internal/x/prerequisite-imports as file:///Users/fldsmdfr/Documents/GitHub/Blue_Games/Venados/_Editables/Bateando-cocos-editable/assets/scripts/BatterAi.ts.
14:01:10.719 debug: Resolve file:///Users/fldsmdfr/Documents/GitHub/Blue_Games/Venados/_Editables/Bateando-cocos-editable/assets/scripts/FinalScoreCtrl.ts from cce:/internal/x/prerequisite-imports as file:///Users/fldsmdfr/Documents/GitHub/Blue_Games/Venados/_Editables/Bateando-cocos-editable/assets/scripts/FinalScoreCtrl.ts.
14:01:10.719 debug: Resolve file:///Users/fldsmdfr/Documents/GitHub/Blue_Games/Venados/_Editables/Bateando-cocos-editable/assets/scripts/GameManager.ts from cce:/internal/x/prerequisite-imports as file:///Users/fldsmdfr/Documents/GitHub/Blue_Games/Venados/_Editables/Bateando-cocos-editable/assets/scripts/GameManager.ts.
14:01:10.719 debug: Resolve file:///Users/fldsmdfr/Documents/GitHub/Blue_Games/Venados/_Editables/Bateando-cocos-editable/assets/scripts/InstructionsCtrl.ts from cce:/internal/x/prerequisite-imports as file:///Users/fldsmdfr/Documents/GitHub/Blue_Games/Venados/_Editables/Bateando-cocos-editable/assets/scripts/InstructionsCtrl.ts.
14:01:10.719 debug: Resolve file:///Users/fldsmdfr/Documents/GitHub/Blue_Games/Venados/_Editables/Bateando-cocos-editable/assets/scripts/MiniLabelCtrl.ts from cce:/internal/x/prerequisite-imports as file:///Users/fldsmdfr/Documents/GitHub/Blue_Games/Venados/_Editables/Bateando-cocos-editable/assets/scripts/MiniLabelCtrl.ts.
14:01:10.719 debug: Resolve file:///Users/fldsmdfr/Documents/GitHub/Blue_Games/Venados/_Editables/Bateando-cocos-editable/assets/scripts/PlayerAnimationCtrl.ts from cce:/internal/x/prerequisite-imports as file:///Users/fldsmdfr/Documents/GitHub/Blue_Games/Venados/_Editables/Bateando-cocos-editable/assets/scripts/PlayerAnimationCtrl.ts.
14:01:10.719 debug: Resolve file:///Users/fldsmdfr/Documents/GitHub/Blue_Games/Venados/_Editables/Bateando-cocos-editable/assets/scripts/SceneRouter.ts from cce:/internal/x/prerequisite-imports as file:///Users/fldsmdfr/Documents/GitHub/Blue_Games/Venados/_Editables/Bateando-cocos-editable/assets/scripts/SceneRouter.ts.
14:01:10.719 debug: Resolve file:///Users/fldsmdfr/Documents/GitHub/Blue_Games/Venados/_Editables/Bateando-cocos-editable/assets/scripts/ScoreCtrl.ts from cce:/internal/x/prerequisite-imports as file:///Users/fldsmdfr/Documents/GitHub/Blue_Games/Venados/_Editables/Bateando-cocos-editable/assets/scripts/ScoreCtrl.ts.
14:01:10.719 debug: Resolve file:///Users/fldsmdfr/Documents/GitHub/Blue_Games/Venados/_Editables/Bateando-cocos-editable/assets/scripts/SplashCtrl.ts from cce:/internal/x/prerequisite-imports as file:///Users/fldsmdfr/Documents/GitHub/Blue_Games/Venados/_Editables/Bateando-cocos-editable/assets/scripts/SplashCtrl.ts.
14:01:10.720 debug: Resolve cce:/internal/code-quality/cr.mjs from file:///Applications/Cocos/Creator/3.8.5/CocosCreator.app/Contents/Resources/resources/3d/engine/editor/assets/default_renderpipeline/builtin-dof-pass.ts as cce:/internal/code-quality/cr.mjs.
14:01:10.720 debug: Detected change: cce:/internal/code-quality/cr.mjs. Last mtime: Thu Oct 16 2025 15:47:28 GMT-0600 (Central Standard Time), Current mtime: Thu Oct 30 2025 14:01:05 GMT-0600 (Central Standard Time)
14:01:10.720 debug: Inspect cce:/internal/code-quality/cr.mjs
14:01:10.724 debug: transform url: 'cce:/internal/code-quality/cr.mjs' costs: 4.40 ms
14:01:10.725 debug: Resolve cc from file:///Applications/Cocos/Creator/3.8.5/CocosCreator.app/Contents/Resources/resources/3d/engine/editor/assets/default_renderpipeline/builtin-dof-pass.ts as cce:/internal/x/cc.
14:01:10.725 debug: Resolve cc from file:///Applications/Cocos/Creator/3.8.5/CocosCreator.app/Contents/Resources/resources/3d/engine/editor/assets/default_renderpipeline/builtin-dof-pass.ts as cce:/internal/x/cc.
14:01:10.725 debug: Resolve cc from file:///Applications/Cocos/Creator/3.8.5/CocosCreator.app/Contents/Resources/resources/3d/engine/editor/assets/default_renderpipeline/builtin-dof-pass.ts as cce:/internal/x/cc.
14:01:10.725 debug: Resolve cc/env from file:///Applications/Cocos/Creator/3.8.5/CocosCreator.app/Contents/Resources/resources/3d/engine/editor/assets/default_renderpipeline/builtin-dof-pass.ts as external dependency cc/env.
14:01:10.725 debug: Resolve ./builtin-pipeline-settings from file:///Applications/Cocos/Creator/3.8.5/CocosCreator.app/Contents/Resources/resources/3d/engine/editor/assets/default_renderpipeline/builtin-dof-pass.ts as file:///Applications/Cocos/Creator/3.8.5/CocosCreator.app/Contents/Resources/resources/3d/engine/editor/assets/default_renderpipeline/builtin-pipeline-settings.ts.
14:01:10.725 debug: Resolve ./builtin-pipeline-pass from file:///Applications/Cocos/Creator/3.8.5/CocosCreator.app/Contents/Resources/resources/3d/engine/editor/assets/default_renderpipeline/builtin-dof-pass.ts as file:///Applications/Cocos/Creator/3.8.5/CocosCreator.app/Contents/Resources/resources/3d/engine/editor/assets/default_renderpipeline/builtin-pipeline-pass.ts.
14:01:10.725 debug: Resolve ./builtin-pipeline from file:///Applications/Cocos/Creator/3.8.5/CocosCreator.app/Contents/Resources/resources/3d/engine/editor/assets/default_renderpipeline/builtin-dof-pass.ts as file:///Applications/Cocos/Creator/3.8.5/CocosCreator.app/Contents/Resources/resources/3d/engine/editor/assets/default_renderpipeline/builtin-pipeline.ts.
14:01:10.725 debug: Resolve cce:/internal/code-quality/cr.mjs from file:///Applications/Cocos/Creator/3.8.5/CocosCreator.app/Contents/Resources/resources/3d/engine/editor/assets/default_renderpipeline/builtin-pipeline-settings.ts as cce:/internal/code-quality/cr.mjs.
14:01:10.725 debug: Resolve cc from file:///Applications/Cocos/Creator/3.8.5/CocosCreator.app/Contents/Resources/resources/3d/engine/editor/assets/default_renderpipeline/builtin-pipeline-settings.ts as cce:/internal/x/cc.
14:01:10.725 debug: Resolve cc from file:///Applications/Cocos/Creator/3.8.5/CocosCreator.app/Contents/Resources/resources/3d/engine/editor/assets/default_renderpipeline/builtin-pipeline-settings.ts as cce:/internal/x/cc.
14:01:10.725 debug: Resolve cc from file:///Applications/Cocos/Creator/3.8.5/CocosCreator.app/Contents/Resources/resources/3d/engine/editor/assets/default_renderpipeline/builtin-pipeline-settings.ts as cce:/internal/x/cc.
14:01:10.725 debug: Resolve cc/env from file:///Applications/Cocos/Creator/3.8.5/CocosCreator.app/Contents/Resources/resources/3d/engine/editor/assets/default_renderpipeline/builtin-pipeline-settings.ts as external dependency cc/env.
14:01:10.725 debug: Resolve ./builtin-pipeline-types from file:///Applications/Cocos/Creator/3.8.5/CocosCreator.app/Contents/Resources/resources/3d/engine/editor/assets/default_renderpipeline/builtin-pipeline-settings.ts as file:///Applications/Cocos/Creator/3.8.5/CocosCreator.app/Contents/Resources/resources/3d/engine/editor/assets/default_renderpipeline/builtin-pipeline-types.ts.
14:01:10.725 debug: Resolve cc from file:///Applications/Cocos/Creator/3.8.5/CocosCreator.app/Contents/Resources/resources/3d/engine/editor/assets/default_renderpipeline/builtin-pipeline-types.ts as cce:/internal/x/cc.
14:01:10.725 debug: Resolve cc from file:///Applications/Cocos/Creator/3.8.5/CocosCreator.app/Contents/Resources/resources/3d/engine/editor/assets/default_renderpipeline/builtin-pipeline-types.ts as cce:/internal/x/cc.
14:01:10.725 debug: Resolve cc from file:///Applications/Cocos/Creator/3.8.5/CocosCreator.app/Contents/Resources/resources/3d/engine/editor/assets/default_renderpipeline/builtin-pipeline-types.ts as cce:/internal/x/cc.
14:01:10.725 debug: Resolve cce:/internal/code-quality/cr.mjs from file:///Applications/Cocos/Creator/3.8.5/CocosCreator.app/Contents/Resources/resources/3d/engine/editor/assets/default_renderpipeline/builtin-pipeline-pass.ts as cce:/internal/code-quality/cr.mjs.
14:01:10.726 debug: Resolve cc from file:///Applications/Cocos/Creator/3.8.5/CocosCreator.app/Contents/Resources/resources/3d/engine/editor/assets/default_renderpipeline/builtin-pipeline-pass.ts as cce:/internal/x/cc.
14:01:10.726 debug: Resolve cc from file:///Applications/Cocos/Creator/3.8.5/CocosCreator.app/Contents/Resources/resources/3d/engine/editor/assets/default_renderpipeline/builtin-pipeline-pass.ts as cce:/internal/x/cc.
14:01:10.726 debug: Resolve cc from file:///Applications/Cocos/Creator/3.8.5/CocosCreator.app/Contents/Resources/resources/3d/engine/editor/assets/default_renderpipeline/builtin-pipeline-pass.ts as cce:/internal/x/cc.
14:01:10.726 debug: Resolve ./builtin-pipeline-settings from file:///Applications/Cocos/Creator/3.8.5/CocosCreator.app/Contents/Resources/resources/3d/engine/editor/assets/default_renderpipeline/builtin-pipeline-pass.ts as file:///Applications/Cocos/Creator/3.8.5/CocosCreator.app/Contents/Resources/resources/3d/engine/editor/assets/default_renderpipeline/builtin-pipeline-settings.ts.
14:01:10.726 debug: Resolve cc/env from file:///Applications/Cocos/Creator/3.8.5/CocosCreator.app/Contents/Resources/resources/3d/engine/editor/assets/default_renderpipeline/builtin-pipeline-pass.ts as external dependency cc/env.
14:01:10.726 debug: Resolve cce:/internal/code-quality/cr.mjs from file:///Applications/Cocos/Creator/3.8.5/CocosCreator.app/Contents/Resources/resources/3d/engine/editor/assets/default_renderpipeline/builtin-pipeline.ts as cce:/internal/code-quality/cr.mjs.
14:01:10.726 debug: Resolve cc from file:///Applications/Cocos/Creator/3.8.5/CocosCreator.app/Contents/Resources/resources/3d/engine/editor/assets/default_renderpipeline/builtin-pipeline.ts as cce:/internal/x/cc.
14:01:10.726 debug: Resolve cc from file:///Applications/Cocos/Creator/3.8.5/CocosCreator.app/Contents/Resources/resources/3d/engine/editor/assets/default_renderpipeline/builtin-pipeline.ts as cce:/internal/x/cc.
14:01:10.726 debug: Resolve cc from file:///Applications/Cocos/Creator/3.8.5/CocosCreator.app/Contents/Resources/resources/3d/engine/editor/assets/default_renderpipeline/builtin-pipeline.ts as cce:/internal/x/cc.
14:01:10.726 debug: Resolve cc/env from file:///Applications/Cocos/Creator/3.8.5/CocosCreator.app/Contents/Resources/resources/3d/engine/editor/assets/default_renderpipeline/builtin-pipeline.ts as external dependency cc/env.
14:01:10.726 debug: Resolve ./builtin-pipeline-types from file:///Applications/Cocos/Creator/3.8.5/CocosCreator.app/Contents/Resources/resources/3d/engine/editor/assets/default_renderpipeline/builtin-pipeline.ts as file:///Applications/Cocos/Creator/3.8.5/CocosCreator.app/Contents/Resources/resources/3d/engine/editor/assets/default_renderpipeline/builtin-pipeline-types.ts.
14:01:10.726 debug: Resolve cc from file:///Applications/Cocos/Creator/3.8.5/CocosCreator.app/Contents/Resources/resources/3d/engine/editor/assets/tools/debug-view-runtime-control.ts as cce:/internal/x/cc.
14:01:10.726 debug: Resolve cc from file:///Applications/Cocos/Creator/3.8.5/CocosCreator.app/Contents/Resources/resources/3d/engine/editor/assets/tools/debug-view-runtime-control.ts as cce:/internal/x/cc.
14:01:10.726 debug: Resolve cc from file:///Applications/Cocos/Creator/3.8.5/CocosCreator.app/Contents/Resources/resources/3d/engine/editor/assets/tools/debug-view-runtime-control.ts as cce:/internal/x/cc.
14:01:10.726 debug: Resolve cc from file:///Users/fldsmdfr/Documents/GitHub/Blue_Games/Venados/_Editables/Bateando-cocos-editable/assets/scripts/BallCtrl.ts as cce:/internal/x/cc.
14:01:10.726 debug: Resolve cc from file:///Users/fldsmdfr/Documents/GitHub/Blue_Games/Venados/_Editables/Bateando-cocos-editable/assets/scripts/BallCtrl.ts as cce:/internal/x/cc.
14:01:10.726 debug: Resolve cc from file:///Users/fldsmdfr/Documents/GitHub/Blue_Games/Venados/_Editables/Bateando-cocos-editable/assets/scripts/BallCtrl.ts as cce:/internal/x/cc.
14:01:10.726 debug: Resolve cc from file:///Users/fldsmdfr/Documents/GitHub/Blue_Games/Venados/_Editables/Bateando-cocos-editable/assets/scripts/BallSpawner.ts as cce:/internal/x/cc.
14:01:10.726 debug: Resolve cc from file:///Users/fldsmdfr/Documents/GitHub/Blue_Games/Venados/_Editables/Bateando-cocos-editable/assets/scripts/BallSpawner.ts as cce:/internal/x/cc.
14:01:10.726 debug: Resolve cc from file:///Users/fldsmdfr/Documents/GitHub/Blue_Games/Venados/_Editables/Bateando-cocos-editable/assets/scripts/BallSpawner.ts as cce:/internal/x/cc.
14:01:10.726 debug: Resolve cce:/internal/code-quality/cr.mjs from file:///Users/fldsmdfr/Documents/GitHub/Blue_Games/Venados/_Editables/Bateando-cocos-editable/assets/scripts/BateosCtrl.ts as cce:/internal/code-quality/cr.mjs.
14:01:10.726 debug: Resolve cc from file:///Users/fldsmdfr/Documents/GitHub/Blue_Games/Venados/_Editables/Bateando-cocos-editable/assets/scripts/BateosCtrl.ts as cce:/internal/x/cc.
14:01:10.726 debug: Resolve cc from file:///Users/fldsmdfr/Documents/GitHub/Blue_Games/Venados/_Editables/Bateando-cocos-editable/assets/scripts/BateosCtrl.ts as cce:/internal/x/cc.
14:01:10.726 debug: Resolve cc from file:///Users/fldsmdfr/Documents/GitHub/Blue_Games/Venados/_Editables/Bateando-cocos-editable/assets/scripts/BateosCtrl.ts as cce:/internal/x/cc.
14:01:10.726 debug: Resolve ./SceneRouter from file:///Users/fldsmdfr/Documents/GitHub/Blue_Games/Venados/_Editables/Bateando-cocos-editable/assets/scripts/BateosCtrl.ts as file:///Users/fldsmdfr/Documents/GitHub/Blue_Games/Venados/_Editables/Bateando-cocos-editable/assets/scripts/SceneRouter.ts.
14:01:10.726 debug: Resolve cc from file:///Users/fldsmdfr/Documents/GitHub/Blue_Games/Venados/_Editables/Bateando-cocos-editable/assets/scripts/SceneRouter.ts as cce:/internal/x/cc.
14:01:10.726 debug: Resolve cc from file:///Users/fldsmdfr/Documents/GitHub/Blue_Games/Venados/_Editables/Bateando-cocos-editable/assets/scripts/SceneRouter.ts as cce:/internal/x/cc.
14:01:10.726 debug: Resolve cc from file:///Users/fldsmdfr/Documents/GitHub/Blue_Games/Venados/_Editables/Bateando-cocos-editable/assets/scripts/SceneRouter.ts as cce:/internal/x/cc.
14:01:10.726 debug: Resolve cce:/internal/code-quality/cr.mjs from file:///Users/fldsmdfr/Documents/GitHub/Blue_Games/Venados/_Editables/Bateando-cocos-editable/assets/scripts/BatterAi.ts as cce:/internal/code-quality/cr.mjs.
14:01:10.726 debug: Resolve cc from file:///Users/fldsmdfr/Documents/GitHub/Blue_Games/Venados/_Editables/Bateando-cocos-editable/assets/scripts/BatterAi.ts as cce:/internal/x/cc.
14:01:10.726 debug: Resolve cc from file:///Users/fldsmdfr/Documents/GitHub/Blue_Games/Venados/_Editables/Bateando-cocos-editable/assets/scripts/BatterAi.ts as cce:/internal/x/cc.
14:01:10.726 debug: Resolve cc from file:///Users/fldsmdfr/Documents/GitHub/Blue_Games/Venados/_Editables/Bateando-cocos-editable/assets/scripts/BatterAi.ts as cce:/internal/x/cc.
14:01:10.726 debug: Resolve ./BallCtrl from file:///Users/fldsmdfr/Documents/GitHub/Blue_Games/Venados/_Editables/Bateando-cocos-editable/assets/scripts/BatterAi.ts as file:///Users/fldsmdfr/Documents/GitHub/Blue_Games/Venados/_Editables/Bateando-cocos-editable/assets/scripts/BallCtrl.ts.
14:01:10.726 debug: Resolve cce:/internal/code-quality/cr.mjs from file:///Users/fldsmdfr/Documents/GitHub/Blue_Games/Venados/_Editables/Bateando-cocos-editable/assets/scripts/FinalScoreCtrl.ts as cce:/internal/code-quality/cr.mjs.
14:01:10.726 debug: Resolve cc from file:///Users/fldsmdfr/Documents/GitHub/Blue_Games/Venados/_Editables/Bateando-cocos-editable/assets/scripts/FinalScoreCtrl.ts as cce:/internal/x/cc.
14:01:10.726 debug: Resolve cc from file:///Users/fldsmdfr/Documents/GitHub/Blue_Games/Venados/_Editables/Bateando-cocos-editable/assets/scripts/FinalScoreCtrl.ts as cce:/internal/x/cc.
14:01:10.726 debug: Resolve cc from file:///Users/fldsmdfr/Documents/GitHub/Blue_Games/Venados/_Editables/Bateando-cocos-editable/assets/scripts/FinalScoreCtrl.ts as cce:/internal/x/cc.
14:01:10.727 debug: Resolve ./SceneRouter from file:///Users/fldsmdfr/Documents/GitHub/Blue_Games/Venados/_Editables/Bateando-cocos-editable/assets/scripts/FinalScoreCtrl.ts as file:///Users/fldsmdfr/Documents/GitHub/Blue_Games/Venados/_Editables/Bateando-cocos-editable/assets/scripts/SceneRouter.ts.
14:01:10.727 debug: Resolve cce:/internal/code-quality/cr.mjs from file:///Users/fldsmdfr/Documents/GitHub/Blue_Games/Venados/_Editables/Bateando-cocos-editable/assets/scripts/GameManager.ts as cce:/internal/code-quality/cr.mjs.
14:01:10.727 debug: Resolve cc from file:///Users/fldsmdfr/Documents/GitHub/Blue_Games/Venados/_Editables/Bateando-cocos-editable/assets/scripts/GameManager.ts as cce:/internal/x/cc.
14:01:10.727 debug: Resolve cc from file:///Users/fldsmdfr/Documents/GitHub/Blue_Games/Venados/_Editables/Bateando-cocos-editable/assets/scripts/GameManager.ts as cce:/internal/x/cc.
14:01:10.727 debug: Resolve cc from file:///Users/fldsmdfr/Documents/GitHub/Blue_Games/Venados/_Editables/Bateando-cocos-editable/assets/scripts/GameManager.ts as cce:/internal/x/cc.
14:01:10.727 debug: Resolve ./BallCtrl from file:///Users/fldsmdfr/Documents/GitHub/Blue_Games/Venados/_Editables/Bateando-cocos-editable/assets/scripts/GameManager.ts as file:///Users/fldsmdfr/Documents/GitHub/Blue_Games/Venados/_Editables/Bateando-cocos-editable/assets/scripts/BallCtrl.ts.
14:01:10.727 debug: Resolve cce:/internal/code-quality/cr.mjs from file:///Users/fldsmdfr/Documents/GitHub/Blue_Games/Venados/_Editables/Bateando-cocos-editable/assets/scripts/InstructionsCtrl.ts as cce:/internal/code-quality/cr.mjs.
14:01:10.727 debug: Resolve cc from file:///Users/fldsmdfr/Documents/GitHub/Blue_Games/Venados/_Editables/Bateando-cocos-editable/assets/scripts/InstructionsCtrl.ts as cce:/internal/x/cc.
14:01:10.727 debug: Resolve cc from file:///Users/fldsmdfr/Documents/GitHub/Blue_Games/Venados/_Editables/Bateando-cocos-editable/assets/scripts/InstructionsCtrl.ts as cce:/internal/x/cc.
14:01:10.727 debug: Resolve cc from file:///Users/fldsmdfr/Documents/GitHub/Blue_Games/Venados/_Editables/Bateando-cocos-editable/assets/scripts/InstructionsCtrl.ts as cce:/internal/x/cc.
14:01:10.727 debug: Resolve ./SceneRouter from file:///Users/fldsmdfr/Documents/GitHub/Blue_Games/Venados/_Editables/Bateando-cocos-editable/assets/scripts/InstructionsCtrl.ts as file:///Users/fldsmdfr/Documents/GitHub/Blue_Games/Venados/_Editables/Bateando-cocos-editable/assets/scripts/SceneRouter.ts.
14:01:10.727 debug: Resolve cc from file:///Users/fldsmdfr/Documents/GitHub/Blue_Games/Venados/_Editables/Bateando-cocos-editable/assets/scripts/MiniLabelCtrl.ts as cce:/internal/x/cc.
14:01:10.727 debug: Resolve cc from file:///Users/fldsmdfr/Documents/GitHub/Blue_Games/Venados/_Editables/Bateando-cocos-editable/assets/scripts/MiniLabelCtrl.ts as cce:/internal/x/cc.
14:01:10.727 debug: Resolve cc from file:///Users/fldsmdfr/Documents/GitHub/Blue_Games/Venados/_Editables/Bateando-cocos-editable/assets/scripts/MiniLabelCtrl.ts as cce:/internal/x/cc.
14:01:10.727 debug: Resolve cc from file:///Users/fldsmdfr/Documents/GitHub/Blue_Games/Venados/_Editables/Bateando-cocos-editable/assets/scripts/PlayerAnimationCtrl.ts as cce:/internal/x/cc.
14:01:10.727 debug: Resolve cc from file:///Users/fldsmdfr/Documents/GitHub/Blue_Games/Venados/_Editables/Bateando-cocos-editable/assets/scripts/PlayerAnimationCtrl.ts as cce:/internal/x/cc.
14:01:10.727 debug: Resolve cc from file:///Users/fldsmdfr/Documents/GitHub/Blue_Games/Venados/_Editables/Bateando-cocos-editable/assets/scripts/PlayerAnimationCtrl.ts as cce:/internal/x/cc.
14:01:10.727 debug: Resolve cc from file:///Users/fldsmdfr/Documents/GitHub/Blue_Games/Venados/_Editables/Bateando-cocos-editable/assets/scripts/ScoreCtrl.ts as cce:/internal/x/cc.
14:01:10.727 debug: Resolve cc from file:///Users/fldsmdfr/Documents/GitHub/Blue_Games/Venados/_Editables/Bateando-cocos-editable/assets/scripts/ScoreCtrl.ts as cce:/internal/x/cc.
14:01:10.727 debug: Resolve cc from file:///Users/fldsmdfr/Documents/GitHub/Blue_Games/Venados/_Editables/Bateando-cocos-editable/assets/scripts/ScoreCtrl.ts as cce:/internal/x/cc.
14:01:10.727 debug: Resolve cce:/internal/code-quality/cr.mjs from file:///Users/fldsmdfr/Documents/GitHub/Blue_Games/Venados/_Editables/Bateando-cocos-editable/assets/scripts/SplashCtrl.ts as cce:/internal/code-quality/cr.mjs.
14:01:10.727 debug: Resolve cc from file:///Users/fldsmdfr/Documents/GitHub/Blue_Games/Venados/_Editables/Bateando-cocos-editable/assets/scripts/SplashCtrl.ts as cce:/internal/x/cc.
14:01:10.727 debug: Resolve cc from file:///Users/fldsmdfr/Documents/GitHub/Blue_Games/Venados/_Editables/Bateando-cocos-editable/assets/scripts/SplashCtrl.ts as cce:/internal/x/cc.
14:01:10.727 debug: Resolve cc from file:///Users/fldsmdfr/Documents/GitHub/Blue_Games/Venados/_Editables/Bateando-cocos-editable/assets/scripts/SplashCtrl.ts as cce:/internal/x/cc.
14:01:10.727 debug: Resolve ./SceneRouter from file:///Users/fldsmdfr/Documents/GitHub/Blue_Games/Venados/_Editables/Bateando-cocos-editable/assets/scripts/SplashCtrl.ts as file:///Users/fldsmdfr/Documents/GitHub/Blue_Games/Venados/_Editables/Bateando-cocos-editable/assets/scripts/SceneRouter.ts.
14:01:10.731 debug: Target(editor) ends with cost 55.25995899999998ms.
14:01:10.731 debug: Target(preview) build started.
14:01:10.732 debug: Detected change: cce:/internal/x/cc. Last mtime: Wed Dec 31 1969 18:00:04 GMT-0600 (Central Standard Time), Current mtime: Wed Dec 31 1969 18:00:05 GMT-0600 (Central Standard Time)
14:01:10.732 debug: Inspect cce:/internal/x/cc
14:01:10.745 debug: transform url: 'cce:/internal/x/cc' costs: 12.50 ms
14:01:10.746 debug: Resolve cce:/internal/x/cc-fu/2d from cce:/internal/x/cc as external dependency cce:/internal/x/cc-fu/2d.
14:01:10.746 debug: Resolve cce:/internal/x/cc-fu/sorting from cce:/internal/x/cc as external dependency cce:/internal/x/cc-fu/sorting.
14:01:10.746 debug: Resolve cce:/internal/x/cc-fu/3d from cce:/internal/x/cc as external dependency cce:/internal/x/cc-fu/3d.
14:01:10.746 debug: Resolve cce:/internal/x/cc-fu/animation from cce:/internal/x/cc as external dependency cce:/internal/x/cc-fu/animation.
14:01:10.746 debug: Resolve cce:/internal/x/cc-fu/audio from cce:/internal/x/cc as external dependency cce:/internal/x/cc-fu/audio.
14:01:10.746 debug: Resolve cce:/internal/x/cc-fu/base from cce:/internal/x/cc as external dependency cce:/internal/x/cc-fu/base.
14:01:10.746 debug: Resolve cce:/internal/x/cc-fu/custom-pipeline from cce:/internal/x/cc as external dependency cce:/internal/x/cc-fu/custom-pipeline.
14:01:10.746 debug: Resolve cce:/internal/x/cc-fu/dragon-bones from cce:/internal/x/cc as external dependency cce:/internal/x/cc-fu/dragon-bones.
14:01:10.746 debug: Resolve cce:/internal/x/cc-fu/gfx-webgl from cce:/internal/x/cc as external dependency cce:/internal/x/cc-fu/gfx-webgl.
14:01:10.746 debug: Resolve cce:/internal/x/cc-fu/intersection-2d from cce:/internal/x/cc as external dependency cce:/internal/x/cc-fu/intersection-2d.
14:01:10.746 debug: Resolve cce:/internal/x/cc-fu/light-probe from cce:/internal/x/cc as external dependency cce:/internal/x/cc-fu/light-probe.
14:01:10.746 debug: Resolve cce:/internal/x/cc-fu/particle from cce:/internal/x/cc as external dependency cce:/internal/x/cc-fu/particle.
14:01:10.746 debug: Resolve cce:/internal/x/cc-fu/particle-2d from cce:/internal/x/cc as external dependency cce:/internal/x/cc-fu/particle-2d.
14:01:10.746 debug: Resolve cce:/internal/x/cc-fu/physics-2d-box2d from cce:/internal/x/cc as external dependency cce:/internal/x/cc-fu/physics-2d-box2d.
14:01:10.746 debug: Resolve cce:/internal/x/cc-fu/physics-2d-framework from cce:/internal/x/cc as external dependency cce:/internal/x/cc-fu/physics-2d-framework.
14:01:10.746 debug: Resolve cce:/internal/x/cc-fu/physics-ammo from cce:/internal/x/cc as external dependency cce:/internal/x/cc-fu/physics-ammo.
14:01:10.746 debug: Resolve cce:/internal/x/cc-fu/physics-framework from cce:/internal/x/cc as external dependency cce:/internal/x/cc-fu/physics-framework.
14:01:10.746 debug: Resolve cce:/internal/x/cc-fu/primitive from cce:/internal/x/cc as external dependency cce:/internal/x/cc-fu/primitive.
14:01:10.746 debug: Resolve cce:/internal/x/cc-fu/profiler from cce:/internal/x/cc as external dependency cce:/internal/x/cc-fu/profiler.
14:01:10.746 debug: Resolve cce:/internal/x/cc-fu/skeletal-animation from cce:/internal/x/cc as external dependency cce:/internal/x/cc-fu/skeletal-animation.
14:01:10.746 debug: Resolve cce:/internal/x/cc-fu/spine from cce:/internal/x/cc as external dependency cce:/internal/x/cc-fu/spine.
14:01:10.746 debug: Resolve cce:/internal/x/cc-fu/terrain from cce:/internal/x/cc as external dependency cce:/internal/x/cc-fu/terrain.
14:01:10.746 debug: Resolve cce:/internal/x/cc-fu/tiled-map from cce:/internal/x/cc as external dependency cce:/internal/x/cc-fu/tiled-map.
14:01:10.746 debug: Resolve cce:/internal/x/cc-fu/tween from cce:/internal/x/cc as external dependency cce:/internal/x/cc-fu/tween.
14:01:10.746 debug: Resolve cce:/internal/x/cc-fu/ui from cce:/internal/x/cc as external dependency cce:/internal/x/cc-fu/ui.
14:01:10.746 debug: Resolve cce:/internal/x/cc-fu/video from cce:/internal/x/cc as external dependency cce:/internal/x/cc-fu/video.
14:01:10.746 debug: Resolve cce:/internal/x/cc-fu/webview from cce:/internal/x/cc as external dependency cce:/internal/x/cc-fu/webview.
14:01:10.746 debug: Detected change: cce:/internal/x/prerequisite-imports. Last mtime: Wed Dec 31 1969 18:00:05 GMT-0600 (Central Standard Time), Current mtime: Wed Dec 31 1969 18:00:05 GMT-0600 (Central Standard Time)
14:01:10.746 debug: Inspect cce:/internal/x/prerequisite-imports
14:01:10.753 debug: transform url: 'cce:/internal/x/prerequisite-imports' costs: 6.50 ms
14:01:10.753 debug: Resolve file:///Applications/Cocos/Creator/3.8.5/CocosCreator.app/Contents/Resources/resources/3d/engine/editor/assets/default_renderpipeline/builtin-dof-pass.ts from cce:/internal/x/prerequisite-imports as file:///Applications/Cocos/Creator/3.8.5/CocosCreator.app/Contents/Resources/resources/3d/engine/editor/assets/default_renderpipeline/builtin-dof-pass.ts.
14:01:10.753 debug: Resolve file:///Applications/Cocos/Creator/3.8.5/CocosCreator.app/Contents/Resources/resources/3d/engine/editor/assets/default_renderpipeline/builtin-pipeline-pass.ts from cce:/internal/x/prerequisite-imports as file:///Applications/Cocos/Creator/3.8.5/CocosCreator.app/Contents/Resources/resources/3d/engine/editor/assets/default_renderpipeline/builtin-pipeline-pass.ts.
14:01:10.753 debug: Resolve file:///Applications/Cocos/Creator/3.8.5/CocosCreator.app/Contents/Resources/resources/3d/engine/editor/assets/default_renderpipeline/builtin-pipeline-settings.ts from cce:/internal/x/prerequisite-imports as file:///Applications/Cocos/Creator/3.8.5/CocosCreator.app/Contents/Resources/resources/3d/engine/editor/assets/default_renderpipeline/builtin-pipeline-settings.ts.
14:01:10.753 debug: Resolve file:///Applications/Cocos/Creator/3.8.5/CocosCreator.app/Contents/Resources/resources/3d/engine/editor/assets/default_renderpipeline/builtin-pipeline-types.ts from cce:/internal/x/prerequisite-imports as file:///Applications/Cocos/Creator/3.8.5/CocosCreator.app/Contents/Resources/resources/3d/engine/editor/assets/default_renderpipeline/builtin-pipeline-types.ts.
14:01:10.754 debug: Resolve file:///Applications/Cocos/Creator/3.8.5/CocosCreator.app/Contents/Resources/resources/3d/engine/editor/assets/default_renderpipeline/builtin-pipeline.ts from cce:/internal/x/prerequisite-imports as file:///Applications/Cocos/Creator/3.8.5/CocosCreator.app/Contents/Resources/resources/3d/engine/editor/assets/default_renderpipeline/builtin-pipeline.ts.
14:01:10.754 debug: Resolve file:///Applications/Cocos/Creator/3.8.5/CocosCreator.app/Contents/Resources/resources/3d/engine/editor/assets/tools/debug-view-runtime-control.ts from cce:/internal/x/prerequisite-imports as file:///Applications/Cocos/Creator/3.8.5/CocosCreator.app/Contents/Resources/resources/3d/engine/editor/assets/tools/debug-view-runtime-control.ts.
14:01:10.754 debug: Resolve file:///Users/fldsmdfr/Documents/GitHub/Blue_Games/Venados/_Editables/Bateando-cocos-editable/assets/scripts/BallCtrl.ts from cce:/internal/x/prerequisite-imports as file:///Users/fldsmdfr/Documents/GitHub/Blue_Games/Venados/_Editables/Bateando-cocos-editable/assets/scripts/BallCtrl.ts.
14:01:10.754 debug: Resolve file:///Users/fldsmdfr/Documents/GitHub/Blue_Games/Venados/_Editables/Bateando-cocos-editable/assets/scripts/BallSpawner.ts from cce:/internal/x/prerequisite-imports as file:///Users/fldsmdfr/Documents/GitHub/Blue_Games/Venados/_Editables/Bateando-cocos-editable/assets/scripts/BallSpawner.ts.
14:01:10.754 debug: Resolve file:///Users/fldsmdfr/Documents/GitHub/Blue_Games/Venados/_Editables/Bateando-cocos-editable/assets/scripts/BateosCtrl.ts from cce:/internal/x/prerequisite-imports as file:///Users/fldsmdfr/Documents/GitHub/Blue_Games/Venados/_Editables/Bateando-cocos-editable/assets/scripts/BateosCtrl.ts.
14:01:10.754 debug: Resolve file:///Users/fldsmdfr/Documents/GitHub/Blue_Games/Venados/_Editables/Bateando-cocos-editable/assets/scripts/BatterAi.ts from cce:/internal/x/prerequisite-imports as file:///Users/fldsmdfr/Documents/GitHub/Blue_Games/Venados/_Editables/Bateando-cocos-editable/assets/scripts/BatterAi.ts.
14:01:10.754 debug: Resolve file:///Users/fldsmdfr/Documents/GitHub/Blue_Games/Venados/_Editables/Bateando-cocos-editable/assets/scripts/FinalScoreCtrl.ts from cce:/internal/x/prerequisite-imports as file:///Users/fldsmdfr/Documents/GitHub/Blue_Games/Venados/_Editables/Bateando-cocos-editable/assets/scripts/FinalScoreCtrl.ts.
14:01:10.754 debug: Resolve file:///Users/fldsmdfr/Documents/GitHub/Blue_Games/Venados/_Editables/Bateando-cocos-editable/assets/scripts/GameManager.ts from cce:/internal/x/prerequisite-imports as file:///Users/fldsmdfr/Documents/GitHub/Blue_Games/Venados/_Editables/Bateando-cocos-editable/assets/scripts/GameManager.ts.
14:01:10.754 debug: Resolve file:///Users/fldsmdfr/Documents/GitHub/Blue_Games/Venados/_Editables/Bateando-cocos-editable/assets/scripts/InstructionsCtrl.ts from cce:/internal/x/prerequisite-imports as file:///Users/fldsmdfr/Documents/GitHub/Blue_Games/Venados/_Editables/Bateando-cocos-editable/assets/scripts/InstructionsCtrl.ts.
14:01:10.754 debug: Resolve file:///Users/fldsmdfr/Documents/GitHub/Blue_Games/Venados/_Editables/Bateando-cocos-editable/assets/scripts/MiniLabelCtrl.ts from cce:/internal/x/prerequisite-imports as file:///Users/fldsmdfr/Documents/GitHub/Blue_Games/Venados/_Editables/Bateando-cocos-editable/assets/scripts/MiniLabelCtrl.ts.
14:01:10.754 debug: Resolve file:///Users/fldsmdfr/Documents/GitHub/Blue_Games/Venados/_Editables/Bateando-cocos-editable/assets/scripts/PlayerAnimationCtrl.ts from cce:/internal/x/prerequisite-imports as file:///Users/fldsmdfr/Documents/GitHub/Blue_Games/Venados/_Editables/Bateando-cocos-editable/assets/scripts/PlayerAnimationCtrl.ts.
14:01:10.754 debug: Resolve file:///Users/fldsmdfr/Documents/GitHub/Blue_Games/Venados/_Editables/Bateando-cocos-editable/assets/scripts/SceneRouter.ts from cce:/internal/x/prerequisite-imports as file:///Users/fldsmdfr/Documents/GitHub/Blue_Games/Venados/_Editables/Bateando-cocos-editable/assets/scripts/SceneRouter.ts.
14:01:10.754 debug: Resolve file:///Users/fldsmdfr/Documents/GitHub/Blue_Games/Venados/_Editables/Bateando-cocos-editable/assets/scripts/ScoreCtrl.ts from cce:/internal/x/prerequisite-imports as file:///Users/fldsmdfr/Documents/GitHub/Blue_Games/Venados/_Editables/Bateando-cocos-editable/assets/scripts/ScoreCtrl.ts.
14:01:10.754 debug: Resolve file:///Users/fldsmdfr/Documents/GitHub/Blue_Games/Venados/_Editables/Bateando-cocos-editable/assets/scripts/SplashCtrl.ts from cce:/internal/x/prerequisite-imports as file:///Users/fldsmdfr/Documents/GitHub/Blue_Games/Venados/_Editables/Bateando-cocos-editable/assets/scripts/SplashCtrl.ts.
14:01:10.754 debug: Resolve cce:/internal/code-quality/cr.mjs from file:///Applications/Cocos/Creator/3.8.5/CocosCreator.app/Contents/Resources/resources/3d/engine/editor/assets/default_renderpipeline/builtin-dof-pass.ts as cce:/internal/code-quality/cr.mjs.
14:01:10.754 debug: Detected change: cce:/internal/code-quality/cr.mjs. Last mtime: Thu Oct 16 2025 15:47:28 GMT-0600 (Central Standard Time), Current mtime: Thu Oct 30 2025 14:01:05 GMT-0600 (Central Standard Time)
14:01:10.754 debug: Inspect cce:/internal/code-quality/cr.mjs
14:01:10.759 debug: transform url: 'cce:/internal/code-quality/cr.mjs' costs: 4.60 ms
14:01:10.759 debug: Resolve cc from file:///Applications/Cocos/Creator/3.8.5/CocosCreator.app/Contents/Resources/resources/3d/engine/editor/assets/default_renderpipeline/builtin-dof-pass.ts as cce:/internal/x/cc.
14:01:10.759 debug: Resolve cc from file:///Applications/Cocos/Creator/3.8.5/CocosCreator.app/Contents/Resources/resources/3d/engine/editor/assets/default_renderpipeline/builtin-dof-pass.ts as cce:/internal/x/cc.
14:01:10.759 debug: Resolve cc from file:///Applications/Cocos/Creator/3.8.5/CocosCreator.app/Contents/Resources/resources/3d/engine/editor/assets/default_renderpipeline/builtin-dof-pass.ts as cce:/internal/x/cc.
14:01:10.759 debug: Resolve cc/env from file:///Applications/Cocos/Creator/3.8.5/CocosCreator.app/Contents/Resources/resources/3d/engine/editor/assets/default_renderpipeline/builtin-dof-pass.ts as external dependency cc/env.
14:01:10.760 debug: Resolve ./builtin-pipeline-settings from file:///Applications/Cocos/Creator/3.8.5/CocosCreator.app/Contents/Resources/resources/3d/engine/editor/assets/default_renderpipeline/builtin-dof-pass.ts as file:///Applications/Cocos/Creator/3.8.5/CocosCreator.app/Contents/Resources/resources/3d/engine/editor/assets/default_renderpipeline/builtin-pipeline-settings.ts.
14:01:10.760 debug: Resolve ./builtin-pipeline-pass from file:///Applications/Cocos/Creator/3.8.5/CocosCreator.app/Contents/Resources/resources/3d/engine/editor/assets/default_renderpipeline/builtin-dof-pass.ts as file:///Applications/Cocos/Creator/3.8.5/CocosCreator.app/Contents/Resources/resources/3d/engine/editor/assets/default_renderpipeline/builtin-pipeline-pass.ts.
14:01:10.760 debug: Resolve ./builtin-pipeline from file:///Applications/Cocos/Creator/3.8.5/CocosCreator.app/Contents/Resources/resources/3d/engine/editor/assets/default_renderpipeline/builtin-dof-pass.ts as file:///Applications/Cocos/Creator/3.8.5/CocosCreator.app/Contents/Resources/resources/3d/engine/editor/assets/default_renderpipeline/builtin-pipeline.ts.
14:01:10.760 debug: Resolve cce:/internal/code-quality/cr.mjs from file:///Applications/Cocos/Creator/3.8.5/CocosCreator.app/Contents/Resources/resources/3d/engine/editor/assets/default_renderpipeline/builtin-pipeline-settings.ts as cce:/internal/code-quality/cr.mjs.
14:01:10.760 debug: Resolve cc from file:///Applications/Cocos/Creator/3.8.5/CocosCreator.app/Contents/Resources/resources/3d/engine/editor/assets/default_renderpipeline/builtin-pipeline-settings.ts as cce:/internal/x/cc.
14:01:10.760 debug: Resolve cc from file:///Applications/Cocos/Creator/3.8.5/CocosCreator.app/Contents/Resources/resources/3d/engine/editor/assets/default_renderpipeline/builtin-pipeline-settings.ts as cce:/internal/x/cc.
14:01:10.760 debug: Resolve cc from file:///Applications/Cocos/Creator/3.8.5/CocosCreator.app/Contents/Resources/resources/3d/engine/editor/assets/default_renderpipeline/builtin-pipeline-settings.ts as cce:/internal/x/cc.
14:01:10.760 debug: Resolve cc/env from file:///Applications/Cocos/Creator/3.8.5/CocosCreator.app/Contents/Resources/resources/3d/engine/editor/assets/default_renderpipeline/builtin-pipeline-settings.ts as external dependency cc/env.
14:01:10.760 debug: Resolve ./builtin-pipeline-types from file:///Applications/Cocos/Creator/3.8.5/CocosCreator.app/Contents/Resources/resources/3d/engine/editor/assets/default_renderpipeline/builtin-pipeline-settings.ts as file:///Applications/Cocos/Creator/3.8.5/CocosCreator.app/Contents/Resources/resources/3d/engine/editor/assets/default_renderpipeline/builtin-pipeline-types.ts.
14:01:10.760 debug: Resolve cc from file:///Applications/Cocos/Creator/3.8.5/CocosCreator.app/Contents/Resources/resources/3d/engine/editor/assets/default_renderpipeline/builtin-pipeline-types.ts as cce:/internal/x/cc.
14:01:10.760 debug: Resolve cc from file:///Applications/Cocos/Creator/3.8.5/CocosCreator.app/Contents/Resources/resources/3d/engine/editor/assets/default_renderpipeline/builtin-pipeline-types.ts as cce:/internal/x/cc.
14:01:10.760 debug: Resolve cc from file:///Applications/Cocos/Creator/3.8.5/CocosCreator.app/Contents/Resources/resources/3d/engine/editor/assets/default_renderpipeline/builtin-pipeline-types.ts as cce:/internal/x/cc.
14:01:10.760 debug: Resolve cce:/internal/code-quality/cr.mjs from file:///Applications/Cocos/Creator/3.8.5/CocosCreator.app/Contents/Resources/resources/3d/engine/editor/assets/default_renderpipeline/builtin-pipeline-pass.ts as cce:/internal/code-quality/cr.mjs.
14:01:10.760 debug: Resolve cc from file:///Applications/Cocos/Creator/3.8.5/CocosCreator.app/Contents/Resources/resources/3d/engine/editor/assets/default_renderpipeline/builtin-pipeline-pass.ts as cce:/internal/x/cc.
14:01:10.760 debug: Resolve cc from file:///Applications/Cocos/Creator/3.8.5/CocosCreator.app/Contents/Resources/resources/3d/engine/editor/assets/default_renderpipeline/builtin-pipeline-pass.ts as cce:/internal/x/cc.
14:01:10.760 debug: Resolve cc from file:///Applications/Cocos/Creator/3.8.5/CocosCreator.app/Contents/Resources/resources/3d/engine/editor/assets/default_renderpipeline/builtin-pipeline-pass.ts as cce:/internal/x/cc.
14:01:10.760 debug: Resolve ./builtin-pipeline-settings from file:///Applications/Cocos/Creator/3.8.5/CocosCreator.app/Contents/Resources/resources/3d/engine/editor/assets/default_renderpipeline/builtin-pipeline-pass.ts as file:///Applications/Cocos/Creator/3.8.5/CocosCreator.app/Contents/Resources/resources/3d/engine/editor/assets/default_renderpipeline/builtin-pipeline-settings.ts.
14:01:10.760 debug: Resolve cc/env from file:///Applications/Cocos/Creator/3.8.5/CocosCreator.app/Contents/Resources/resources/3d/engine/editor/assets/default_renderpipeline/builtin-pipeline-pass.ts as external dependency cc/env.
14:01:10.760 debug: Resolve cce:/internal/code-quality/cr.mjs from file:///Applications/Cocos/Creator/3.8.5/CocosCreator.app/Contents/Resources/resources/3d/engine/editor/assets/default_renderpipeline/builtin-pipeline.ts as cce:/internal/code-quality/cr.mjs.
14:01:10.760 debug: Resolve cc from file:///Applications/Cocos/Creator/3.8.5/CocosCreator.app/Contents/Resources/resources/3d/engine/editor/assets/default_renderpipeline/builtin-pipeline.ts as cce:/internal/x/cc.
14:01:10.760 debug: Resolve cc from file:///Applications/Cocos/Creator/3.8.5/CocosCreator.app/Contents/Resources/resources/3d/engine/editor/assets/default_renderpipeline/builtin-pipeline.ts as cce:/internal/x/cc.
14:01:10.760 debug: Resolve cc from file:///Applications/Cocos/Creator/3.8.5/CocosCreator.app/Contents/Resources/resources/3d/engine/editor/assets/default_renderpipeline/builtin-pipeline.ts as cce:/internal/x/cc.
14:01:10.760 debug: Resolve cc/env from file:///Applications/Cocos/Creator/3.8.5/CocosCreator.app/Contents/Resources/resources/3d/engine/editor/assets/default_renderpipeline/builtin-pipeline.ts as external dependency cc/env.
14:01:10.760 debug: Resolve ./builtin-pipeline-types from file:///Applications/Cocos/Creator/3.8.5/CocosCreator.app/Contents/Resources/resources/3d/engine/editor/assets/default_renderpipeline/builtin-pipeline.ts as file:///Applications/Cocos/Creator/3.8.5/CocosCreator.app/Contents/Resources/resources/3d/engine/editor/assets/default_renderpipeline/builtin-pipeline-types.ts.
14:01:10.760 debug: Resolve cc from file:///Applications/Cocos/Creator/3.8.5/CocosCreator.app/Contents/Resources/resources/3d/engine/editor/assets/tools/debug-view-runtime-control.ts as cce:/internal/x/cc.
14:01:10.760 debug: Resolve cc from file:///Applications/Cocos/Creator/3.8.5/CocosCreator.app/Contents/Resources/resources/3d/engine/editor/assets/tools/debug-view-runtime-control.ts as cce:/internal/x/cc.
14:01:10.760 debug: Resolve cc from file:///Applications/Cocos/Creator/3.8.5/CocosCreator.app/Contents/Resources/resources/3d/engine/editor/assets/tools/debug-view-runtime-control.ts as cce:/internal/x/cc.
14:01:10.760 debug: Resolve cc from file:///Users/fldsmdfr/Documents/GitHub/Blue_Games/Venados/_Editables/Bateando-cocos-editable/assets/scripts/BallCtrl.ts as cce:/internal/x/cc.
14:01:10.761 debug: Resolve cc from file:///Users/fldsmdfr/Documents/GitHub/Blue_Games/Venados/_Editables/Bateando-cocos-editable/assets/scripts/BallCtrl.ts as cce:/internal/x/cc.
14:01:10.761 debug: Resolve cc from file:///Users/fldsmdfr/Documents/GitHub/Blue_Games/Venados/_Editables/Bateando-cocos-editable/assets/scripts/BallCtrl.ts as cce:/internal/x/cc.
14:01:10.761 debug: Resolve cc from file:///Users/fldsmdfr/Documents/GitHub/Blue_Games/Venados/_Editables/Bateando-cocos-editable/assets/scripts/BallSpawner.ts as cce:/internal/x/cc.
14:01:10.761 debug: Resolve cc from file:///Users/fldsmdfr/Documents/GitHub/Blue_Games/Venados/_Editables/Bateando-cocos-editable/assets/scripts/BallSpawner.ts as cce:/internal/x/cc.
14:01:10.761 debug: Resolve cc from file:///Users/fldsmdfr/Documents/GitHub/Blue_Games/Venados/_Editables/Bateando-cocos-editable/assets/scripts/BallSpawner.ts as cce:/internal/x/cc.
14:01:10.761 debug: Resolve cce:/internal/code-quality/cr.mjs from file:///Users/fldsmdfr/Documents/GitHub/Blue_Games/Venados/_Editables/Bateando-cocos-editable/assets/scripts/BateosCtrl.ts as cce:/internal/code-quality/cr.mjs.
14:01:10.761 debug: Resolve cc from file:///Users/fldsmdfr/Documents/GitHub/Blue_Games/Venados/_Editables/Bateando-cocos-editable/assets/scripts/BateosCtrl.ts as cce:/internal/x/cc.
14:01:10.761 debug: Resolve cc from file:///Users/fldsmdfr/Documents/GitHub/Blue_Games/Venados/_Editables/Bateando-cocos-editable/assets/scripts/BateosCtrl.ts as cce:/internal/x/cc.
14:01:10.761 debug: Resolve cc from file:///Users/fldsmdfr/Documents/GitHub/Blue_Games/Venados/_Editables/Bateando-cocos-editable/assets/scripts/BateosCtrl.ts as cce:/internal/x/cc.
14:01:10.761 debug: Resolve ./SceneRouter from file:///Users/fldsmdfr/Documents/GitHub/Blue_Games/Venados/_Editables/Bateando-cocos-editable/assets/scripts/BateosCtrl.ts as file:///Users/fldsmdfr/Documents/GitHub/Blue_Games/Venados/_Editables/Bateando-cocos-editable/assets/scripts/SceneRouter.ts.
14:01:10.761 debug: Resolve cc from file:///Users/fldsmdfr/Documents/GitHub/Blue_Games/Venados/_Editables/Bateando-cocos-editable/assets/scripts/SceneRouter.ts as cce:/internal/x/cc.
14:01:10.761 debug: Resolve cc from file:///Users/fldsmdfr/Documents/GitHub/Blue_Games/Venados/_Editables/Bateando-cocos-editable/assets/scripts/SceneRouter.ts as cce:/internal/x/cc.
14:01:10.761 debug: Resolve cc from file:///Users/fldsmdfr/Documents/GitHub/Blue_Games/Venados/_Editables/Bateando-cocos-editable/assets/scripts/SceneRouter.ts as cce:/internal/x/cc.
14:01:10.761 debug: Resolve cce:/internal/code-quality/cr.mjs from file:///Users/fldsmdfr/Documents/GitHub/Blue_Games/Venados/_Editables/Bateando-cocos-editable/assets/scripts/BatterAi.ts as cce:/internal/code-quality/cr.mjs.
14:01:10.761 debug: Resolve cc from file:///Users/fldsmdfr/Documents/GitHub/Blue_Games/Venados/_Editables/Bateando-cocos-editable/assets/scripts/BatterAi.ts as cce:/internal/x/cc.
14:01:10.761 debug: Resolve cc from file:///Users/fldsmdfr/Documents/GitHub/Blue_Games/Venados/_Editables/Bateando-cocos-editable/assets/scripts/BatterAi.ts as cce:/internal/x/cc.
14:01:10.761 debug: Resolve cc from file:///Users/fldsmdfr/Documents/GitHub/Blue_Games/Venados/_Editables/Bateando-cocos-editable/assets/scripts/BatterAi.ts as cce:/internal/x/cc.
14:01:10.761 debug: Resolve ./BallCtrl from file:///Users/fldsmdfr/Documents/GitHub/Blue_Games/Venados/_Editables/Bateando-cocos-editable/assets/scripts/BatterAi.ts as file:///Users/fldsmdfr/Documents/GitHub/Blue_Games/Venados/_Editables/Bateando-cocos-editable/assets/scripts/BallCtrl.ts.
14:01:10.761 debug: Resolve cce:/internal/code-quality/cr.mjs from file:///Users/fldsmdfr/Documents/GitHub/Blue_Games/Venados/_Editables/Bateando-cocos-editable/assets/scripts/FinalScoreCtrl.ts as cce:/internal/code-quality/cr.mjs.
14:01:10.761 debug: Resolve cc from file:///Users/fldsmdfr/Documents/GitHub/Blue_Games/Venados/_Editables/Bateando-cocos-editable/assets/scripts/FinalScoreCtrl.ts as cce:/internal/x/cc.
14:01:10.761 debug: Resolve cc from file:///Users/fldsmdfr/Documents/GitHub/Blue_Games/Venados/_Editables/Bateando-cocos-editable/assets/scripts/FinalScoreCtrl.ts as cce:/internal/x/cc.
14:01:10.761 debug: Resolve cc from file:///Users/fldsmdfr/Documents/GitHub/Blue_Games/Venados/_Editables/Bateando-cocos-editable/assets/scripts/FinalScoreCtrl.ts as cce:/internal/x/cc.
14:01:10.761 debug: Resolve ./SceneRouter from file:///Users/fldsmdfr/Documents/GitHub/Blue_Games/Venados/_Editables/Bateando-cocos-editable/assets/scripts/FinalScoreCtrl.ts as file:///Users/fldsmdfr/Documents/GitHub/Blue_Games/Venados/_Editables/Bateando-cocos-editable/assets/scripts/SceneRouter.ts.
14:01:10.761 debug: Resolve cce:/internal/code-quality/cr.mjs from file:///Users/fldsmdfr/Documents/GitHub/Blue_Games/Venados/_Editables/Bateando-cocos-editable/assets/scripts/GameManager.ts as cce:/internal/code-quality/cr.mjs.
14:01:10.761 debug: Resolve cc from file:///Users/fldsmdfr/Documents/GitHub/Blue_Games/Venados/_Editables/Bateando-cocos-editable/assets/scripts/GameManager.ts as cce:/internal/x/cc.
14:01:10.762 debug: Resolve cc from file:///Users/fldsmdfr/Documents/GitHub/Blue_Games/Venados/_Editables/Bateando-cocos-editable/assets/scripts/GameManager.ts as cce:/internal/x/cc.
14:01:10.762 debug: Resolve cc from file:///Users/fldsmdfr/Documents/GitHub/Blue_Games/Venados/_Editables/Bateando-cocos-editable/assets/scripts/GameManager.ts as cce:/internal/x/cc.
14:01:10.762 debug: Resolve ./BallCtrl from file:///Users/fldsmdfr/Documents/GitHub/Blue_Games/Venados/_Editables/Bateando-cocos-editable/assets/scripts/GameManager.ts as file:///Users/fldsmdfr/Documents/GitHub/Blue_Games/Venados/_Editables/Bateando-cocos-editable/assets/scripts/BallCtrl.ts.
14:01:10.762 debug: Resolve cce:/internal/code-quality/cr.mjs from file:///Users/fldsmdfr/Documents/GitHub/Blue_Games/Venados/_Editables/Bateando-cocos-editable/assets/scripts/InstructionsCtrl.ts as cce:/internal/code-quality/cr.mjs.
14:01:10.762 debug: Resolve cc from file:///Users/fldsmdfr/Documents/GitHub/Blue_Games/Venados/_Editables/Bateando-cocos-editable/assets/scripts/InstructionsCtrl.ts as cce:/internal/x/cc.
14:01:10.762 debug: Resolve cc from file:///Users/fldsmdfr/Documents/GitHub/Blue_Games/Venados/_Editables/Bateando-cocos-editable/assets/scripts/InstructionsCtrl.ts as cce:/internal/x/cc.
14:01:10.762 debug: Resolve cc from file:///Users/fldsmdfr/Documents/GitHub/Blue_Games/Venados/_Editables/Bateando-cocos-editable/assets/scripts/InstructionsCtrl.ts as cce:/internal/x/cc.
14:01:10.762 debug: Resolve ./SceneRouter from file:///Users/fldsmdfr/Documents/GitHub/Blue_Games/Venados/_Editables/Bateando-cocos-editable/assets/scripts/InstructionsCtrl.ts as file:///Users/fldsmdfr/Documents/GitHub/Blue_Games/Venados/_Editables/Bateando-cocos-editable/assets/scripts/SceneRouter.ts.
14:01:10.762 debug: Resolve cc from file:///Users/fldsmdfr/Documents/GitHub/Blue_Games/Venados/_Editables/Bateando-cocos-editable/assets/scripts/MiniLabelCtrl.ts as cce:/internal/x/cc.
14:01:10.762 debug: Resolve cc from file:///Users/fldsmdfr/Documents/GitHub/Blue_Games/Venados/_Editables/Bateando-cocos-editable/assets/scripts/MiniLabelCtrl.ts as cce:/internal/x/cc.
14:01:10.762 debug: Resolve cc from file:///Users/fldsmdfr/Documents/GitHub/Blue_Games/Venados/_Editables/Bateando-cocos-editable/assets/scripts/MiniLabelCtrl.ts as cce:/internal/x/cc.
14:01:10.762 debug: Resolve cc from file:///Users/fldsmdfr/Documents/GitHub/Blue_Games/Venados/_Editables/Bateando-cocos-editable/assets/scripts/PlayerAnimationCtrl.ts as cce:/internal/x/cc.
14:01:10.762 debug: Resolve cc from file:///Users/fldsmdfr/Documents/GitHub/Blue_Games/Venados/_Editables/Bateando-cocos-editable/assets/scripts/PlayerAnimationCtrl.ts as cce:/internal/x/cc.
14:01:10.762 debug: Resolve cc from file:///Users/fldsmdfr/Documents/GitHub/Blue_Games/Venados/_Editables/Bateando-cocos-editable/assets/scripts/PlayerAnimationCtrl.ts as cce:/internal/x/cc.
14:01:10.762 debug: Resolve cc from file:///Users/fldsmdfr/Documents/GitHub/Blue_Games/Venados/_Editables/Bateando-cocos-editable/assets/scripts/ScoreCtrl.ts as cce:/internal/x/cc.
14:01:10.762 debug: Resolve cc from file:///Users/fldsmdfr/Documents/GitHub/Blue_Games/Venados/_Editables/Bateando-cocos-editable/assets/scripts/ScoreCtrl.ts as cce:/internal/x/cc.
14:01:10.762 debug: Resolve cc from file:///Users/fldsmdfr/Documents/GitHub/Blue_Games/Venados/_Editables/Bateando-cocos-editable/assets/scripts/ScoreCtrl.ts as cce:/internal/x/cc.
14:01:10.762 debug: Resolve cce:/internal/code-quality/cr.mjs from file:///Users/fldsmdfr/Documents/GitHub/Blue_Games/Venados/_Editables/Bateando-cocos-editable/assets/scripts/SplashCtrl.ts as cce:/internal/code-quality/cr.mjs.
14:01:10.762 debug: Resolve cc from file:///Users/fldsmdfr/Documents/GitHub/Blue_Games/Venados/_Editables/Bateando-cocos-editable/assets/scripts/SplashCtrl.ts as cce:/internal/x/cc.
14:01:10.762 debug: Resolve cc from file:///Users/fldsmdfr/Documents/GitHub/Blue_Games/Venados/_Editables/Bateando-cocos-editable/assets/scripts/SplashCtrl.ts as cce:/internal/x/cc.
14:01:10.762 debug: Resolve cc from file:///Users/fldsmdfr/Documents/GitHub/Blue_Games/Venados/_Editables/Bateando-cocos-editable/assets/scripts/SplashCtrl.ts as cce:/internal/x/cc.
14:01:10.762 debug: Resolve ./SceneRouter from file:///Users/fldsmdfr/Documents/GitHub/Blue_Games/Venados/_Editables/Bateando-cocos-editable/assets/scripts/SplashCtrl.ts as file:///Users/fldsmdfr/Documents/GitHub/Blue_Games/Venados/_Editables/Bateando-cocos-editable/assets/scripts/SceneRouter.ts.
14:01:10.765 debug: Target(preview) ends with cost 33.93566700000065ms.
14:01:11.054 debug: Pulling asset-db.
14:01:11.366 debug: Fetch asset-db cost: 312.6184999999996ms.
14:01:11.368 debug: Build iteration starts.
Number of accumulated asset changes: 18
Feature changed: false
14:01:11.368 debug: Target(editor) build started.
14:01:11.369 debug: Detected change: cce:/internal/x/prerequisite-imports. Last mtime: Wed Dec 31 1969 18:00:05 GMT-0600 (Central Standard Time), Current mtime: Wed Dec 31 1969 18:00:06 GMT-0600 (Central Standard Time)
14:01:11.369 debug: Inspect cce:/internal/x/prerequisite-imports
14:01:11.374 debug: transform url: 'cce:/internal/x/prerequisite-imports' costs: 4.70 ms
14:01:11.374 debug: Resolve file:///Applications/Cocos/Creator/3.8.5/CocosCreator.app/Contents/Resources/resources/3d/engine/editor/assets/default_renderpipeline/builtin-dof-pass.ts from cce:/internal/x/prerequisite-imports as file:///Applications/Cocos/Creator/3.8.5/CocosCreator.app/Contents/Resources/resources/3d/engine/editor/assets/default_renderpipeline/builtin-dof-pass.ts.
14:01:11.374 debug: Resolve file:///Applications/Cocos/Creator/3.8.5/CocosCreator.app/Contents/Resources/resources/3d/engine/editor/assets/default_renderpipeline/builtin-pipeline-pass.ts from cce:/internal/x/prerequisite-imports as file:///Applications/Cocos/Creator/3.8.5/CocosCreator.app/Contents/Resources/resources/3d/engine/editor/assets/default_renderpipeline/builtin-pipeline-pass.ts.
14:01:11.375 debug: Resolve file:///Applications/Cocos/Creator/3.8.5/CocosCreator.app/Contents/Resources/resources/3d/engine/editor/assets/default_renderpipeline/builtin-pipeline-settings.ts from cce:/internal/x/prerequisite-imports as file:///Applications/Cocos/Creator/3.8.5/CocosCreator.app/Contents/Resources/resources/3d/engine/editor/assets/default_renderpipeline/builtin-pipeline-settings.ts.
14:01:11.375 debug: Resolve file:///Applications/Cocos/Creator/3.8.5/CocosCreator.app/Contents/Resources/resources/3d/engine/editor/assets/default_renderpipeline/builtin-pipeline-types.ts from cce:/internal/x/prerequisite-imports as file:///Applications/Cocos/Creator/3.8.5/CocosCreator.app/Contents/Resources/resources/3d/engine/editor/assets/default_renderpipeline/builtin-pipeline-types.ts.
14:01:11.375 debug: Resolve file:///Applications/Cocos/Creator/3.8.5/CocosCreator.app/Contents/Resources/resources/3d/engine/editor/assets/default_renderpipeline/builtin-pipeline.ts from cce:/internal/x/prerequisite-imports as file:///Applications/Cocos/Creator/3.8.5/CocosCreator.app/Contents/Resources/resources/3d/engine/editor/assets/default_renderpipeline/builtin-pipeline.ts.
14:01:11.375 debug: Resolve file:///Applications/Cocos/Creator/3.8.5/CocosCreator.app/Contents/Resources/resources/3d/engine/editor/assets/tools/debug-view-runtime-control.ts from cce:/internal/x/prerequisite-imports as file:///Applications/Cocos/Creator/3.8.5/CocosCreator.app/Contents/Resources/resources/3d/engine/editor/assets/tools/debug-view-runtime-control.ts.
14:01:11.375 debug: Resolve file:///Users/fldsmdfr/Documents/GitHub/Blue_Games/Venados/_Editables/Bateando-cocos-editable/assets/scripts/BallCtrl.ts from cce:/internal/x/prerequisite-imports as file:///Users/fldsmdfr/Documents/GitHub/Blue_Games/Venados/_Editables/Bateando-cocos-editable/assets/scripts/BallCtrl.ts.
14:01:11.375 debug: Resolve file:///Users/fldsmdfr/Documents/GitHub/Blue_Games/Venados/_Editables/Bateando-cocos-editable/assets/scripts/BallSpawner.ts from cce:/internal/x/prerequisite-imports as file:///Users/fldsmdfr/Documents/GitHub/Blue_Games/Venados/_Editables/Bateando-cocos-editable/assets/scripts/BallSpawner.ts.
14:01:11.375 debug: Resolve file:///Users/fldsmdfr/Documents/GitHub/Blue_Games/Venados/_Editables/Bateando-cocos-editable/assets/scripts/BateosCtrl.ts from cce:/internal/x/prerequisite-imports as file:///Users/fldsmdfr/Documents/GitHub/Blue_Games/Venados/_Editables/Bateando-cocos-editable/assets/scripts/BateosCtrl.ts.
14:01:11.375 debug: Resolve file:///Users/fldsmdfr/Documents/GitHub/Blue_Games/Venados/_Editables/Bateando-cocos-editable/assets/scripts/BatterAi.ts from cce:/internal/x/prerequisite-imports as file:///Users/fldsmdfr/Documents/GitHub/Blue_Games/Venados/_Editables/Bateando-cocos-editable/assets/scripts/BatterAi.ts.
14:01:11.375 debug: Resolve file:///Users/fldsmdfr/Documents/GitHub/Blue_Games/Venados/_Editables/Bateando-cocos-editable/assets/scripts/FinalScoreCtrl.ts from cce:/internal/x/prerequisite-imports as file:///Users/fldsmdfr/Documents/GitHub/Blue_Games/Venados/_Editables/Bateando-cocos-editable/assets/scripts/FinalScoreCtrl.ts.
14:01:11.375 debug: Resolve file:///Users/fldsmdfr/Documents/GitHub/Blue_Games/Venados/_Editables/Bateando-cocos-editable/assets/scripts/GameManager.ts from cce:/internal/x/prerequisite-imports as file:///Users/fldsmdfr/Documents/GitHub/Blue_Games/Venados/_Editables/Bateando-cocos-editable/assets/scripts/GameManager.ts.
14:01:11.375 debug: Resolve file:///Users/fldsmdfr/Documents/GitHub/Blue_Games/Venados/_Editables/Bateando-cocos-editable/assets/scripts/InstructionsCtrl.ts from cce:/internal/x/prerequisite-imports as file:///Users/fldsmdfr/Documents/GitHub/Blue_Games/Venados/_Editables/Bateando-cocos-editable/assets/scripts/InstructionsCtrl.ts.
14:01:11.375 debug: Resolve file:///Users/fldsmdfr/Documents/GitHub/Blue_Games/Venados/_Editables/Bateando-cocos-editable/assets/scripts/MiniLabelCtrl.ts from cce:/internal/x/prerequisite-imports as file:///Users/fldsmdfr/Documents/GitHub/Blue_Games/Venados/_Editables/Bateando-cocos-editable/assets/scripts/MiniLabelCtrl.ts.
14:01:11.375 debug: Resolve file:///Users/fldsmdfr/Documents/GitHub/Blue_Games/Venados/_Editables/Bateando-cocos-editable/assets/scripts/PlayerAnimationCtrl.ts from cce:/internal/x/prerequisite-imports as file:///Users/fldsmdfr/Documents/GitHub/Blue_Games/Venados/_Editables/Bateando-cocos-editable/assets/scripts/PlayerAnimationCtrl.ts.
14:01:11.375 debug: Resolve file:///Users/fldsmdfr/Documents/GitHub/Blue_Games/Venados/_Editables/Bateando-cocos-editable/assets/scripts/SceneRouter.ts from cce:/internal/x/prerequisite-imports as file:///Users/fldsmdfr/Documents/GitHub/Blue_Games/Venados/_Editables/Bateando-cocos-editable/assets/scripts/SceneRouter.ts.
14:01:11.375 debug: Resolve file:///Users/fldsmdfr/Documents/GitHub/Blue_Games/Venados/_Editables/Bateando-cocos-editable/assets/scripts/ScoreCtrl.ts from cce:/internal/x/prerequisite-imports as file:///Users/fldsmdfr/Documents/GitHub/Blue_Games/Venados/_Editables/Bateando-cocos-editable/assets/scripts/ScoreCtrl.ts.
14:01:11.375 debug: Resolve file:///Users/fldsmdfr/Documents/GitHub/Blue_Games/Venados/_Editables/Bateando-cocos-editable/assets/scripts/SplashCtrl.ts from cce:/internal/x/prerequisite-imports as file:///Users/fldsmdfr/Documents/GitHub/Blue_Games/Venados/_Editables/Bateando-cocos-editable/assets/scripts/SplashCtrl.ts.
14:01:11.380 debug: Target(editor) ends with cost 12.209500000000844ms.
14:01:11.380 debug: Target(preview) build started.
14:01:11.387 debug: Detected change: cce:/internal/x/prerequisite-imports. Last mtime: Wed Dec 31 1969 18:00:05 GMT-0600 (Central Standard Time), Current mtime: Wed Dec 31 1969 18:00:06 GMT-0600 (Central Standard Time)
14:01:11.388 debug: Inspect cce:/internal/x/prerequisite-imports
14:01:11.392 debug: transform url: 'cce:/internal/x/prerequisite-imports' costs: 4.70 ms
14:01:11.393 debug: Resolve file:///Applications/Cocos/Creator/3.8.5/CocosCreator.app/Contents/Resources/resources/3d/engine/editor/assets/default_renderpipeline/builtin-dof-pass.ts from cce:/internal/x/prerequisite-imports as file:///Applications/Cocos/Creator/3.8.5/CocosCreator.app/Contents/Resources/resources/3d/engine/editor/assets/default_renderpipeline/builtin-dof-pass.ts.
14:01:11.393 debug: Resolve file:///Applications/Cocos/Creator/3.8.5/CocosCreator.app/Contents/Resources/resources/3d/engine/editor/assets/default_renderpipeline/builtin-pipeline-pass.ts from cce:/internal/x/prerequisite-imports as file:///Applications/Cocos/Creator/3.8.5/CocosCreator.app/Contents/Resources/resources/3d/engine/editor/assets/default_renderpipeline/builtin-pipeline-pass.ts.
14:01:11.393 debug: Resolve file:///Applications/Cocos/Creator/3.8.5/CocosCreator.app/Contents/Resources/resources/3d/engine/editor/assets/default_renderpipeline/builtin-pipeline-settings.ts from cce:/internal/x/prerequisite-imports as file:///Applications/Cocos/Creator/3.8.5/CocosCreator.app/Contents/Resources/resources/3d/engine/editor/assets/default_renderpipeline/builtin-pipeline-settings.ts.
14:01:11.393 debug: Resolve file:///Applications/Cocos/Creator/3.8.5/CocosCreator.app/Contents/Resources/resources/3d/engine/editor/assets/default_renderpipeline/builtin-pipeline-types.ts from cce:/internal/x/prerequisite-imports as file:///Applications/Cocos/Creator/3.8.5/CocosCreator.app/Contents/Resources/resources/3d/engine/editor/assets/default_renderpipeline/builtin-pipeline-types.ts.
14:01:11.393 debug: Resolve file:///Applications/Cocos/Creator/3.8.5/CocosCreator.app/Contents/Resources/resources/3d/engine/editor/assets/default_renderpipeline/builtin-pipeline.ts from cce:/internal/x/prerequisite-imports as file:///Applications/Cocos/Creator/3.8.5/CocosCreator.app/Contents/Resources/resources/3d/engine/editor/assets/default_renderpipeline/builtin-pipeline.ts.
14:01:11.393 debug: Resolve file:///Applications/Cocos/Creator/3.8.5/CocosCreator.app/Contents/Resources/resources/3d/engine/editor/assets/tools/debug-view-runtime-control.ts from cce:/internal/x/prerequisite-imports as file:///Applications/Cocos/Creator/3.8.5/CocosCreator.app/Contents/Resources/resources/3d/engine/editor/assets/tools/debug-view-runtime-control.ts.
14:01:11.393 debug: Resolve file:///Users/fldsmdfr/Documents/GitHub/Blue_Games/Venados/_Editables/Bateando-cocos-editable/assets/scripts/BallCtrl.ts from cce:/internal/x/prerequisite-imports as file:///Users/fldsmdfr/Documents/GitHub/Blue_Games/Venados/_Editables/Bateando-cocos-editable/assets/scripts/BallCtrl.ts.
14:01:11.393 debug: Resolve file:///Users/fldsmdfr/Documents/GitHub/Blue_Games/Venados/_Editables/Bateando-cocos-editable/assets/scripts/BallSpawner.ts from cce:/internal/x/prerequisite-imports as file:///Users/fldsmdfr/Documents/GitHub/Blue_Games/Venados/_Editables/Bateando-cocos-editable/assets/scripts/BallSpawner.ts.
14:01:11.393 debug: Resolve file:///Users/fldsmdfr/Documents/GitHub/Blue_Games/Venados/_Editables/Bateando-cocos-editable/assets/scripts/BateosCtrl.ts from cce:/internal/x/prerequisite-imports as file:///Users/fldsmdfr/Documents/GitHub/Blue_Games/Venados/_Editables/Bateando-cocos-editable/assets/scripts/BateosCtrl.ts.
14:01:11.393 debug: Resolve file:///Users/fldsmdfr/Documents/GitHub/Blue_Games/Venados/_Editables/Bateando-cocos-editable/assets/scripts/BatterAi.ts from cce:/internal/x/prerequisite-imports as file:///Users/fldsmdfr/Documents/GitHub/Blue_Games/Venados/_Editables/Bateando-cocos-editable/assets/scripts/BatterAi.ts.
14:01:11.393 debug: Resolve file:///Users/fldsmdfr/Documents/GitHub/Blue_Games/Venados/_Editables/Bateando-cocos-editable/assets/scripts/FinalScoreCtrl.ts from cce:/internal/x/prerequisite-imports as file:///Users/fldsmdfr/Documents/GitHub/Blue_Games/Venados/_Editables/Bateando-cocos-editable/assets/scripts/FinalScoreCtrl.ts.
14:01:11.393 debug: Resolve file:///Users/fldsmdfr/Documents/GitHub/Blue_Games/Venados/_Editables/Bateando-cocos-editable/assets/scripts/GameManager.ts from cce:/internal/x/prerequisite-imports as file:///Users/fldsmdfr/Documents/GitHub/Blue_Games/Venados/_Editables/Bateando-cocos-editable/assets/scripts/GameManager.ts.
14:01:11.393 debug: Resolve file:///Users/fldsmdfr/Documents/GitHub/Blue_Games/Venados/_Editables/Bateando-cocos-editable/assets/scripts/InstructionsCtrl.ts from cce:/internal/x/prerequisite-imports as file:///Users/fldsmdfr/Documents/GitHub/Blue_Games/Venados/_Editables/Bateando-cocos-editable/assets/scripts/InstructionsCtrl.ts.
14:01:11.394 debug: Resolve file:///Users/fldsmdfr/Documents/GitHub/Blue_Games/Venados/_Editables/Bateando-cocos-editable/assets/scripts/MiniLabelCtrl.ts from cce:/internal/x/prerequisite-imports as file:///Users/fldsmdfr/Documents/GitHub/Blue_Games/Venados/_Editables/Bateando-cocos-editable/assets/scripts/MiniLabelCtrl.ts.
14:01:11.394 debug: Resolve file:///Users/fldsmdfr/Documents/GitHub/Blue_Games/Venados/_Editables/Bateando-cocos-editable/assets/scripts/PlayerAnimationCtrl.ts from cce:/internal/x/prerequisite-imports as file:///Users/fldsmdfr/Documents/GitHub/Blue_Games/Venados/_Editables/Bateando-cocos-editable/assets/scripts/PlayerAnimationCtrl.ts.
14:01:11.394 debug: Resolve file:///Users/fldsmdfr/Documents/GitHub/Blue_Games/Venados/_Editables/Bateando-cocos-editable/assets/scripts/SceneRouter.ts from cce:/internal/x/prerequisite-imports as file:///Users/fldsmdfr/Documents/GitHub/Blue_Games/Venados/_Editables/Bateando-cocos-editable/assets/scripts/SceneRouter.ts.
14:01:11.394 debug: Resolve file:///Users/fldsmdfr/Documents/GitHub/Blue_Games/Venados/_Editables/Bateando-cocos-editable/assets/scripts/ScoreCtrl.ts from cce:/internal/x/prerequisite-imports as file:///Users/fldsmdfr/Documents/GitHub/Blue_Games/Venados/_Editables/Bateando-cocos-editable/assets/scripts/ScoreCtrl.ts.
14:01:11.394 debug: Resolve file:///Users/fldsmdfr/Documents/GitHub/Blue_Games/Venados/_Editables/Bateando-cocos-editable/assets/scripts/SplashCtrl.ts from cce:/internal/x/prerequisite-imports as file:///Users/fldsmdfr/Documents/GitHub/Blue_Games/Venados/_Editables/Bateando-cocos-editable/assets/scripts/SplashCtrl.ts.
14:01:11.408 debug: Target(preview) ends with cost 27.788375000000087ms.
