10-16-2025 11:19:52 - log: Load engine in /Applications/Cocos/Creator/3.8.5/CocosCreator.app/Contents/Resources/resources/3d/engine
10-16-2025 11:19:52 - log: Profile changed: engine (modules.includeModules: 2d,3d,animation,audio,base,custom-pipeline,dragon-bones,gfx-webgl,intersection-2d,light-probe,marionette,particle,particle-2d,physics-2d-box2d,physics-ammo,primitive,profiler,skeletal-animation,spine,terrain,tiled-map,tween,ui,video,websocket,webview)
10-16-2025 11:19:52 - log: Register native engine in /Applications/Cocos/Creator/3.8.5/CocosCreator.app/Contents/Resources/resources/3d/engine/native
10-16-2025 11:19:52 - log: Request namespace: device-list
10-16-2025 11:19:57 - info: [PreviewInEditor] preview process is ready
10-16-2025 11:19:57 - log: [Scene] meshopt wasm decoder initialized
10-16-2025 11:19:57 - log: [Scene] [bullet]:bullet wasm lib loaded.
10-16-2025 11:19:57 - log: [Scene] [box2d]:box2d wasm lib loaded.
10-16-2025 11:19:57 - log: [Scene] [PHYSICS]: using builtin.
10-16-2025 11:19:57 - log: [Scene] Cocos Creator v3.8.5
10-16-2025 11:19:57 - log: [Scene] Using custom pipeline: Builtin
10-16-2025 11:19:57 - log: [Scene] [PHYSICS]: switch from builtin to bullet.
10-16-2025 11:19:57 - log: [Scene] [PHYSICS2D]: switch from box2d-wasm to box2d.
10-16-2025 11:22:17 - log: [PreviewInEditor] meshopt wasm decoder initialized
10-16-2025 11:22:17 - log: [PreviewInEditor] [bullet]:bullet wasm lib loaded.
10-16-2025 11:22:17 - log: [PreviewInEditor] [box2d]:box2d wasm lib loaded.
10-16-2025 11:22:17 - log: [PreviewInEditor] [PHYSICS]: using builtin.
10-16-2025 11:22:17 - log: [PreviewInEditor] Cocos Creator v3.8.5
10-16-2025 11:22:17 - log: [PreviewInEditor] Using custom pipeline: Builtin
10-16-2025 11:22:17 - log: [PreviewInEditor] [PHYSICS]: switch from builtin to bullet.
10-16-2025 11:22:17 - log: [PreviewInEditor] [PHYSICS2D]: switch from box2d-wasm to box2d.
10-16-2025 11:22:23 - warn: [PreviewInEditor] IPC message has been lost.Error: [PreviewInEditor] IPC message has been lost.
    at console.warn (/Applications/Cocos/Creator/3.8.5/CocosCreator.app/Contents/Resources/app.asar/node_modules/@sentry/src/instrument/console.ts:40:20)
    at IpcRenderer.<anonymous> (/Applications/Cocos/Creator/3.8.5/CocosCreator.app/Contents/Resources/app.asar/builtin/scene/dist/script/3d/manager/ipc/web/webview.ccc:1:1495)
    at IpcRenderer.emit (node:events:519:28)
    at Object.onMessage (node:electron/js2c/renderer_init:2:8837)
10-16-2025 11:22:23 - info: [PreviewInEditor] preview process is ready
10-16-2025 11:22:27 - log: [PreviewInEditor] meshopt wasm decoder initialized
10-16-2025 11:22:27 - log: [PreviewInEditor] [box2d]:box2d wasm lib loaded.
10-16-2025 11:22:27 - log: [PreviewInEditor] [bullet]:bullet wasm lib loaded.
10-16-2025 11:22:27 - log: [PreviewInEditor] [PHYSICS]: using builtin.
10-16-2025 11:22:27 - log: [PreviewInEditor] Cocos Creator v3.8.5
10-16-2025 11:22:27 - log: [PreviewInEditor] Using custom pipeline: Builtin
10-16-2025 11:22:27 - log: [PreviewInEditor] [PHYSICS]: switch from builtin to bullet.
10-16-2025 11:22:27 - log: [PreviewInEditor] [PHYSICS2D]: switch from box2d-wasm to box2d.
10-16-2025 11:22:29 - log: [PreviewInEditor] Ball spawned at: -136.68979004225318, 680 (within 640px game area) with force: 6.507172902281799
10-16-2025 11:22:31 - log: [PreviewInEditor] Ball spawned at: -237.06875350599157, 680 (within 640px game area) with force: 48.95259873923605
10-16-2025 11:22:33 - log: [PreviewInEditor] 📈 Score increased by 5. Current score: 5
10-16-2025 11:22:33 - log: [PreviewInEditor] Ball spawned at: 188.22800922249456, 680 (within 640px game area) with force: 37.81916672553493
10-16-2025 11:22:33 - log: [PreviewInEditor] 📉 Score decreased by 10. Current score: 0
10-16-2025 11:22:34 - log: [PreviewInEditor] 📉 Score decreased by 10. Current score: 0
10-16-2025 11:22:34 - log: [PreviewInEditor] Ball spawned at: -11.92533557101251, 680 (within 640px game area) with force: 31.101914756502
10-16-2025 11:22:36 - log: [PreviewInEditor] 📉 Score decreased by 10. Current score: 0
10-16-2025 11:22:36 - log: [PreviewInEditor] Ball spawned at: -169.54013951225642, 680 (within 640px game area) with force: 27.367979276694697
10-16-2025 11:22:37 - log: [PreviewInEditor] 📈 Score increased by 5. Current score: 5
10-16-2025 11:22:37 - log: [PreviewInEditor] Ball spawned at: 118.05073626072948, 680 (within 640px game area) with force: 36.9273016859517
10-16-2025 11:22:38 - log: [PreviewInEditor] 📉 Score decreased by 10. Current score: 0
10-16-2025 11:22:39 - log: [PreviewInEditor] Ball spawned at: -85.2491970933134, 680 (within 640px game area) with force: 43.01496001830031
10-16-2025 11:22:40 - log: [PreviewInEditor] Ball spawned at: 114.41818080126404, 680 (within 640px game area) with force: 20.687042205619967
10-16-2025 11:22:41 - log: [PreviewInEditor] 📉 Score decreased by 10. Current score: 0
10-16-2025 11:22:42 - log: [PreviewInEditor] Ball spawned at: 216.0033006031913, 680 (within 640px game area) with force: 25.266349875967965
10-16-2025 11:22:42 - log: [PreviewInEditor] 📉 Score decreased by 10. Current score: 0
10-16-2025 11:22:43 - log: [PreviewInEditor] 📉 Score decreased by 10. Current score: 0
10-16-2025 11:22:43 - log: [PreviewInEditor] Ball spawned at: -35.20232696061427, 680 (within 640px game area) with force: 34.26155962839095
10-16-2025 11:22:44 - log: [PreviewInEditor] Ball spawned at: -117.01822305998843, 680 (within 640px game area) with force: 1.3632725426574233
10-16-2025 11:22:45 - log: [PreviewInEditor] 📉 Score decreased by 10. Current score: 0
10-16-2025 11:22:45 - log: [PreviewInEditor] ✨ GOLDEN BALL spawned!
10-16-2025 11:22:45 - log: [PreviewInEditor] Ball spawned at: 53.64600735993241, 680 (within 640px game area) with force: 30.29823327222151
10-16-2025 11:22:46 - log: [PreviewInEditor] 📉 Score decreased by 20. Current score: 0
10-16-2025 11:22:46 - log: [PreviewInEditor] Ball spawned at: -34.71399066541454, 680 (within 640px game area) with force: 12.418525462450214
10-16-2025 11:22:47 - log: [PreviewInEditor] Ball spawned at: 256.30372440079725, 680 (within 640px game area) with force: 3.3933906528282765
10-16-2025 11:22:48 - log: [PreviewInEditor] Ball spawned at: -174.49407024118938, 680 (within 640px game area) with force: 13.414511134400541
10-16-2025 11:22:48 - log: [PreviewInEditor] 📉 Score decreased by 10. Current score: 0
10-16-2025 11:22:49 - log: [PreviewInEditor] 📉 Score decreased by 10. Current score: 0
10-16-2025 11:22:49 - log: [PreviewInEditor] Ball spawned at: -235.61059229730753, 680 (within 640px game area) with force: 34.06647032729392
10-16-2025 11:22:50 - log: [PreviewInEditor] 📉 Score decreased by 10. Current score: 0
10-16-2025 11:22:50 - log: [PreviewInEditor] Ball spawned at: -3.250242085613877, 680 (within 640px game area) with force: 31.968023437130512
10-16-2025 11:22:51 - log: [PreviewInEditor] Ball spawned at: -174.90108658405717, 680 (within 640px game area) with force: 34.646853550011244
10-16-2025 11:22:51 - log: [PreviewInEditor] 📉 Score decreased by 10. Current score: 0
10-16-2025 11:22:51 - log: [PreviewInEditor] 📈 Score increased by 5. Current score: 5
10-16-2025 11:22:52 - log: [PreviewInEditor] Ball spawned at: 102.84347350840011, 680 (within 640px game area) with force: 18.752970222287402
10-16-2025 11:22:52 - log: [PreviewInEditor] 📉 Score decreased by 10. Current score: 0
10-16-2025 11:22:52 - log: [PreviewInEditor] Ball spawned at: 13.262996814649114, 680 (within 640px game area) with force: 47.121781970499455
10-16-2025 11:22:53 - log: [PreviewInEditor] 📉 Score decreased by 10. Current score: 0
10-16-2025 11:22:53 - log: [PreviewInEditor] 📉 Score decreased by 10. Current score: 0
10-16-2025 11:22:53 - log: [PreviewInEditor] Ball spawned at: 46.67875442019232, 680 (within 640px game area) with force: 29.302268765473915
10-16-2025 11:22:54 - log: [PreviewInEditor] Ball spawned at: 109.5768134043048, 680 (within 640px game area) with force: 43.93953675971184
10-16-2025 11:22:54 - log: [PreviewInEditor] 📉 Score decreased by 10. Current score: 0
10-16-2025 11:22:54 - log: [PreviewInEditor] Ball spawned at: 240.54210971771852, 680 (within 640px game area) with force: 45.8891104609799
10-16-2025 11:22:54 - log: [PreviewInEditor] 📉 Score decreased by 10. Current score: 0
10-16-2025 11:22:55 - log: [PreviewInEditor] Ball spawned at: -254.80922081998565, 680 (within 640px game area) with force: 0.4247574217778327
10-16-2025 11:22:56 - log: [PreviewInEditor] Ball spawned at: -61.94688845263448, 680 (within 640px game area) with force: 36.72001464055066
10-16-2025 11:22:56 - log: [PreviewInEditor] Ball spawned at: 157.81661657102302, 680 (within 640px game area) with force: 35.00705958397097
10-16-2025 11:22:57 - log: [PreviewInEditor] Ball spawned at: -6.609446718479774, 680 (within 640px game area) with force: 16.153282655797053
10-16-2025 11:22:57 - log: [PreviewInEditor] 📉 Score decreased by 10. Current score: 0
10-16-2025 11:22:57 - log: [PreviewInEditor] Ball spawned at: 266.96009803386823, 680 (within 640px game area) with force: 22.089566662318816
10-16-2025 11:22:58 - log: [PreviewInEditor] Ball spawned at: -25.684618436929156, 680 (within 640px game area) with force: 9.161262693567696
10-16-2025 11:22:58 - log: [PreviewInEditor] Ball spawned at: 238.02344234082074, 680 (within 640px game area) with force: 0.7587514650299276
10-16-2025 11:22:59 - log: [PreviewInEditor] Ball spawned at: 24.395252588048834, 680 (within 640px game area) with force: 49.914633904890394
10-16-2025 11:22:59 - log: [PreviewInEditor] 📉 Score decreased by 10. Current score: 0
10-16-2025 11:22:59 - log: [PreviewInEditor] 📉 Score decreased by 10. Current score: 0
10-16-2025 11:22:59 - log: [PreviewInEditor] Ball spawned at: -136.69617439614726, 680 (within 640px game area) with force: 43.548462209973785
10-16-2025 11:22:59 - log: [PreviewInEditor] 📈 Score increased by 5. Current score: 5
10-16-2025 11:22:59 - log: [PreviewInEditor] 📉 Score decreased by 10. Current score: 0
10-16-2025 11:22:59 - log: [PreviewInEditor] Ball spawned at: 220.97885746380916, 680 (within 640px game area) with force: 42.52724487197354
10-16-2025 11:23:00 - log: [PreviewInEditor] Ball spawned at: -201.91930017840917, 680 (within 640px game area) with force: 35.541334340707046
10-16-2025 11:23:00 - log: [PreviewInEditor] Ball spawned at: -219.08310514742368, 680 (within 640px game area) with force: 39.64938952512044
10-16-2025 11:23:00 - log: [PreviewInEditor] 📉 Score decreased by 10. Current score: 0
10-16-2025 11:23:01 - log: [PreviewInEditor] Ball spawned at: -59.450630174603475, 680 (within 640px game area) with force: 14.405504787645018
10-16-2025 11:23:01 - log: [PreviewInEditor] 📉 Score decreased by 10. Current score: 0
10-16-2025 11:23:01 - log: [PreviewInEditor] 📉 Score decreased by 10. Current score: 0
10-16-2025 11:23:01 - log: [PreviewInEditor] Ball spawned at: -46.605203529177686, 680 (within 640px game area) with force: 44.1980414460147
10-16-2025 11:23:01 - log: [PreviewInEditor] 📉 Score decreased by 10. Current score: 0
10-16-2025 11:23:01 - log: [PreviewInEditor] Ball spawned at: 55.913320744125826, 680 (within 640px game area) with force: 46.56168701673958
10-16-2025 11:23:01 - log: [PreviewInEditor] Ball spawned at: 248.58918333110012, 680 (within 640px game area) with force: 16.70606084179146
10-16-2025 11:23:01 - log: [PreviewInEditor] 📉 Score decreased by 10. Current score: 0
10-16-2025 11:23:01 - log: [PreviewInEditor] 📉 Score decreased by 10. Current score: 0
10-16-2025 11:23:02 - log: [PreviewInEditor] Ball spawned at: 240.37463864025432, 680 (within 640px game area) with force: 42.88829345630466
10-16-2025 11:23:02 - log: [PreviewInEditor] 📉 Score decreased by 10. Current score: 0
10-16-2025 11:23:02 - log: [PreviewInEditor] 📈 Score increased by 5. Current score: 5
10-16-2025 11:23:02 - log: [PreviewInEditor] ✨ GOLDEN BALL spawned!
10-16-2025 11:23:02 - log: [PreviewInEditor] Ball spawned at: 124.98692230497136, 680 (within 640px game area) with force: 15.125155163166271
10-16-2025 11:23:02 - log: [PreviewInEditor] Ball spawned at: -162.88700147985105, 680 (within 640px game area) with force: 43.09269849507683
10-16-2025 11:23:03 - log: [PreviewInEditor] Ball spawned at: 213.2209581906357, 680 (within 640px game area) with force: 7.070416881669095
10-16-2025 11:23:03 - log: [PreviewInEditor] Ball spawned at: -74.26142963815491, 680 (within 640px game area) with force: 18.89881710970691
10-16-2025 11:23:03 - log: [PreviewInEditor] 📈 Score increased by 5. Current score: 10
10-16-2025 11:23:03 - log: [PreviewInEditor] Ball spawned at: -145.81717110042447, 680 (within 640px game area) with force: 37.33450748406596
10-16-2025 11:23:03 - log: [PreviewInEditor] 📉 Score decreased by 10. Current score: 0
10-16-2025 11:23:04 - log: [PreviewInEditor] Ball spawned at: 71.74735395667557, 680 (within 640px game area) with force: 29.74039000379921
10-16-2025 11:23:04 - log: [PreviewInEditor] 📉 Score decreased by 20. Current score: 0
10-16-2025 11:23:04 - log: [PreviewInEditor] Ball spawned at: 95.75588441487253, 680 (within 640px game area) with force: 24.425519217016657
10-16-2025 11:23:04 - log: [PreviewInEditor] Ball spawned at: -72.39253309650888, 680 (within 640px game area) with force: 43.69139613647328
10-16-2025 11:23:04 - log: [PreviewInEditor] 📉 Score decreased by 10. Current score: 0
10-16-2025 11:23:05 - log: [PreviewInEditor] Ball spawned at: 244.81193388210738, 680 (within 640px game area) with force: 26.1645302302141
10-16-2025 11:23:05 - log: [PreviewInEditor] 📉 Score decreased by 10. Current score: 0
10-16-2025 11:23:05 - log: [PreviewInEditor] 📉 Score decreased by 10. Current score: 0
10-16-2025 11:23:05 - log: [PreviewInEditor] Ball spawned at: -235.3298703432709, 680 (within 640px game area) with force: 9.950971427111932
10-16-2025 11:23:05 - log: [PreviewInEditor] 📉 Score decreased by 10. Current score: 0
10-16-2025 11:23:05 - log: [PreviewInEditor] Ball spawned at: -220.8549761036744, 680 (within 640px game area) with force: 20.86686581424455
10-16-2025 11:23:05 - log: [PreviewInEditor] Ball spawned at: 19.046525755723565, 680 (within 640px game area) with force: 22.776141141241247
10-16-2025 11:23:05 - log: [PreviewInEditor] 📈 Score increased by 5. Current score: 5
10-16-2025 11:23:06 - log: [PreviewInEditor] 📈 Score increased by 5. Current score: 10
10-16-2025 11:23:06 - log: [PreviewInEditor] Ball spawned at: 124.85936101211882, 680 (within 640px game area) with force: 40.77187370395114
10-16-2025 11:23:06 - log: [PreviewInEditor] 📉 Score decreased by 10. Current score: 0
10-16-2025 11:23:06 - log: [PreviewInEditor] Ball spawned at: 10.8755476525331, 680 (within 640px game area) with force: 23.572078655820373
10-16-2025 11:23:06 - log: [PreviewInEditor] Ball spawned at: 239.58337902947864, 680 (within 640px game area) with force: 14.474870164040555
10-16-2025 11:23:07 - log: [PreviewInEditor] 📉 Score decreased by 10. Current score: 0
10-16-2025 11:23:07 - log: [PreviewInEditor] ✨ GOLDEN BALL spawned!
10-16-2025 11:23:07 - log: [PreviewInEditor] Ball spawned at: -128.39273785973228, 680 (within 640px game area) with force: 11.629351834453683
10-16-2025 11:23:07 - log: [PreviewInEditor] 📉 Score decreased by 10. Current score: 0
10-16-2025 11:23:07 - log: [PreviewInEditor] Ball spawned at: 27.189998383612192, 680 (within 640px game area) with force: 39.549062821039236
10-16-2025 11:23:07 - log: [PreviewInEditor] 📉 Score decreased by 10. Current score: 0
10-16-2025 11:23:07 - log: [PreviewInEditor] Ball spawned at: -141.76935368883034, 680 (within 640px game area) with force: 49.32030553221052
10-16-2025 11:23:08 - log: [PreviewInEditor] Ball spawned at: 211.22299745396066, 680 (within 640px game area) with force: 20.732980130949585
10-16-2025 11:23:08 - log: [PreviewInEditor] 📈 Score increased by 5. Current score: 5
10-16-2025 11:23:08 - log: [PreviewInEditor] 📉 Score decreased by 10. Current score: 0
10-16-2025 11:23:08 - log: [PreviewInEditor] Ball spawned at: 144.4261127513111, 680 (within 640px game area) with force: 2.0441438958368807
10-16-2025 11:23:08 - log: [PreviewInEditor] 📉 Score decreased by 10. Current score: 0
10-16-2025 11:23:08 - log: [PreviewInEditor] 📉 Score decreased by 10. Current score: 0
10-16-2025 11:23:08 - log: [PreviewInEditor] 📈 Score increased by 5. Current score: 5
10-16-2025 11:23:08 - log: [PreviewInEditor] Ball spawned at: -193.69162324599782, 680 (within 640px game area) with force: 5.956557153937581
10-16-2025 11:23:09 - log: [PreviewInEditor] Ball spawned at: -110.47741267689747, 680 (within 640px game area) with force: 48.29147718420508
10-16-2025 11:23:09 - log: [PreviewInEditor] Ball spawned at: 111.63384264916328, 680 (within 640px game area) with force: 6.891865491147642
10-16-2025 11:23:09 - log: [PreviewInEditor] 📉 Score decreased by 10. Current score: 0
10-16-2025 11:23:09 - log: [PreviewInEditor] 📉 Score decreased by 10. Current score: 0
10-16-2025 11:23:09 - log: [PreviewInEditor] Ball spawned at: 219.09467624128047, 680 (within 640px game area) with force: 43.35999661152628
10-16-2025 11:23:09 - log: [PreviewInEditor] Ball spawned at: -6.076936724973791, 680 (within 640px game area) with force: 1.9284994331562832
10-16-2025 11:23:10 - log: [PreviewInEditor] Ball spawned at: 157.99062029762473, 680 (within 640px game area) with force: 3.94341287845692
10-16-2025 11:23:10 - log: [PreviewInEditor] 📉 Score decreased by 20. Current score: 0
10-16-2025 11:23:10 - log: [PreviewInEditor] 📉 Score decreased by 10. Current score: 0
10-16-2025 11:23:10 - log: [PreviewInEditor] Ball spawned at: -201.91778093930913, 680 (within 640px game area) with force: 1.5086704656473326
10-16-2025 11:23:10 - log: [PreviewInEditor] 📉 Score decreased by 10. Current score: 0
10-16-2025 11:23:10 - log: [PreviewInEditor] Ball spawned at: -208.3146734896064, 680 (within 640px game area) with force: 10.944449945744106
10-16-2025 11:23:10 - log: [PreviewInEditor] 📉 Score decreased by 10. Current score: 0
10-16-2025 11:23:11 - log: [PreviewInEditor] Ball spawned at: 69.76807857388201, 680 (within 640px game area) with force: 39.16262975240321
10-16-2025 11:23:11 - log: [PreviewInEditor] 📉 Score decreased by 10. Current score: 0
10-16-2025 11:23:11 - log: [PreviewInEditor] 📈 Score increased by 5. Current score: 5
10-16-2025 11:23:11 - log: [PreviewInEditor] 📉 Score decreased by 10. Current score: 0
10-16-2025 11:23:11 - log: [PreviewInEditor] Ball spawned at: -187.37804445239885, 680 (within 640px game area) with force: 28.365794693614344
10-16-2025 11:23:11 - log: [PreviewInEditor] Ball spawned at: 152.93997500418703, 680 (within 640px game area) with force: 40.966717512378494
10-16-2025 11:23:11 - log: [PreviewInEditor] 📉 Score decreased by 10. Current score: 0
10-16-2025 11:23:12 - log: [PreviewInEditor] Ball spawned at: 64.37198013050977, 680 (within 640px game area) with force: 20.51444443742576
10-16-2025 11:23:12 - log: [PreviewInEditor] ✨ GOLDEN BALL spawned!
10-16-2025 11:23:12 - log: [PreviewInEditor] Ball spawned at: 99.00078624874777, 680 (within 640px game area) with force: 44.563557429519854
10-16-2025 11:23:12 - log: [PreviewInEditor] 📉 Score decreased by 10. Current score: 0
10-16-2025 11:23:12 - log: [PreviewInEditor] 📉 Score decreased by 10. Current score: 0
10-16-2025 11:23:12 - log: [PreviewInEditor] 📈 Score increased by 5. Current score: 5
10-16-2025 11:23:12 - log: [PreviewInEditor] 📉 Score decreased by 10. Current score: 0
10-16-2025 11:23:12 - log: [PreviewInEditor] Ball spawned at: -234.6158159920387, 680 (within 640px game area) with force: 6.81867975948861
10-16-2025 11:23:12 - log: [PreviewInEditor] Ball spawned at: -217.51957415907805, 680 (within 640px game area) with force: 37.227741886030266
10-16-2025 11:23:13 - log: [PreviewInEditor] 📉 Score decreased by 10. Current score: 0
10-16-2025 11:23:13 - log: [PreviewInEditor] 📉 Score decreased by 20. Current score: 0
10-16-2025 11:23:13 - log: [PreviewInEditor] 📉 Score decreased by 10. Current score: 0
10-16-2025 11:23:13 - log: [PreviewInEditor] Ball spawned at: -68.5055884280639, 680 (within 640px game area) with force: 9.309287746593897
10-16-2025 11:23:13 - log: [PreviewInEditor] ✨ GOLDEN BALL spawned!
10-16-2025 11:23:13 - log: [PreviewInEditor] Ball spawned at: 23.570740820626156, 680 (within 640px game area) with force: 34.151614472599846
10-16-2025 11:23:13 - log: [PreviewInEditor] Ball spawned at: -66.52717017276791, 680 (within 640px game area) with force: 7.082818331237917
10-16-2025 11:23:14 - log: [PreviewInEditor] Ball spawned at: -15.278122501205189, 680 (within 640px game area) with force: 31.757710293864672
10-16-2025 11:23:14 - log: [PreviewInEditor] 📈 Score increased by 5. Current score: 5
10-16-2025 11:23:14 - log: [PreviewInEditor] Ball spawned at: -80.00380057030512, 680 (within 640px game area) with force: 34.1111251803233
10-16-2025 11:23:14 - log: [PreviewInEditor] 📉 Score decreased by 10. Current score: 0
10-16-2025 11:23:14 - log: [PreviewInEditor] 📉 Score decreased by 20. Current score: 0
10-16-2025 11:23:14 - log: [PreviewInEditor] Ball spawned at: 145.3325928469539, 680 (within 640px game area) with force: 6.00568325894243
10-16-2025 11:23:15 - log: [PreviewInEditor] ✨ GOLDEN BALL spawned!
10-16-2025 11:23:15 - log: [PreviewInEditor] Ball spawned at: -126.04653744499865, 680 (within 640px game area) with force: 30.851273942421777
10-16-2025 11:23:15 - log: [PreviewInEditor] 📉 Score decreased by 10. Current score: 0
10-16-2025 11:23:15 - log: [PreviewInEditor] Ball spawned at: 246.76908377425286, 680 (within 640px game area) with force: 1.589746385041635
10-16-2025 11:23:15 - log: [PreviewInEditor] Ball spawned at: -161.52228075406555, 680 (within 640px game area) with force: 49.53933314748189
10-16-2025 11:23:16 - log: [PreviewInEditor] Ball spawned at: -187.30996592687694, 680 (within 640px game area) with force: 27.666240237288697
10-16-2025 11:23:16 - log: [PreviewInEditor] 📈 Score increased by 5. Current score: 5
10-16-2025 11:23:16 - log: [PreviewInEditor] Ball spawned at: -233.50439615325567, 680 (within 640px game area) with force: 36.591914417842574
10-16-2025 11:23:16 - log: [PreviewInEditor] 📈 Score increased by 50. Current score: 55
10-16-2025 11:23:16 - log: [PreviewInEditor] 📈 Score increased by 5. Current score: 60
10-16-2025 11:23:16 - log: [PreviewInEditor] Ball spawned at: -226.43327538276506, 680 (within 640px game area) with force: 40.58677280236832
10-16-2025 11:23:16 - log: [PreviewInEditor] Ball spawned at: -204.74027895615635, 680 (within 640px game area) with force: 1.3995289553174195
10-16-2025 11:23:17 - log: [PreviewInEditor] 📉 Score decreased by 10. Current score: 50
10-16-2025 11:23:17 - log: [PreviewInEditor] 📉 Score decreased by 10. Current score: 40
10-16-2025 11:23:17 - log: [PreviewInEditor] 📉 Score decreased by 10. Current score: 30
10-16-2025 11:23:17 - log: [PreviewInEditor] Ball spawned at: 42.644858750839376, 680 (within 640px game area) with force: 34.405580751973766
10-16-2025 11:23:17 - log: [PreviewInEditor] 📉 Score decreased by 10. Current score: 20
10-16-2025 11:23:17 - log: [PreviewInEditor] Ball spawned at: 161.32462444163082, 680 (within 640px game area) with force: 38.97744382839806
10-16-2025 11:23:17 - log: [PreviewInEditor] 📈 Score increased by 5. Current score: 25
10-16-2025 11:23:17 - log: [PreviewInEditor] Ball spawned at: 138.74505891865698, 680 (within 640px game area) with force: 31.290071868388512
10-16-2025 11:23:17 - log: [PreviewInEditor] 📈 Score increased by 5. Current score: 30
10-16-2025 11:23:18 - log: [PreviewInEditor] 📉 Score decreased by 10. Current score: 20
10-16-2025 11:23:18 - log: [PreviewInEditor] Ball spawned at: 89.64982574051749, 680 (within 640px game area) with force: 26.4547522477112
10-16-2025 11:23:18 - log: [PreviewInEditor] 📉 Score decreased by 10. Current score: 10
10-16-2025 11:23:18 - log: [PreviewInEditor] Ball spawned at: 207.55878093038518, 680 (within 640px game area) with force: 27.690964218748082
10-16-2025 11:23:18 - log: [PreviewInEditor] Ball spawned at: 255.1354230596736, 680 (within 640px game area) with force: 11.82120006759364
10-16-2025 11:23:18 - log: [PreviewInEditor] 📉 Score decreased by 10. Current score: 0
10-16-2025 11:23:19 - log: [PreviewInEditor] Ball spawned at: 145.88667575150168, 680 (within 640px game area) with force: 46.7752417465111
10-16-2025 11:23:19 - log: [PreviewInEditor] 📉 Score decreased by 10. Current score: 0
10-16-2025 11:23:19 - log: [PreviewInEditor] Ball spawned at: 115.43088866697832, 680 (within 640px game area) with force: 49.64631712555746
10-16-2025 11:23:19 - log: [PreviewInEditor] 📉 Score decreased by 10. Current score: 0
10-16-2025 11:23:19 - log: [PreviewInEditor] 📉 Score decreased by 10. Current score: 0
10-16-2025 11:23:19 - log: [PreviewInEditor] Ball spawned at: 95.97907861349881, 680 (within 640px game area) with force: 11.157371359834578
10-16-2025 11:23:19 - log: [PreviewInEditor] 📉 Score decreased by 10. Current score: 0
10-16-2025 11:23:20 - log: [PreviewInEditor] Ball spawned at: 94.43246508261262, 680 (within 640px game area) with force: 47.711503128994735
10-16-2025 11:23:20 - log: [PreviewInEditor] 📉 Score decreased by 10. Current score: 0
10-16-2025 11:23:20 - log: [PreviewInEditor] Ball spawned at: 177.6038943964429, 680 (within 640px game area) with force: 35.35983543397907
10-16-2025 11:23:20 - log: [PreviewInEditor] Ball spawned at: -258.2695338346942, 680 (within 640px game area) with force: 36.27860094570826
10-16-2025 11:23:20 - log: [PreviewInEditor] Ball spawned at: -115.74164576173229, 680 (within 640px game area) with force: 47.58664324983537
10-16-2025 11:23:20 - log: [PreviewInEditor] 📉 Score decreased by 10. Current score: 0
10-16-2025 11:23:21 - log: [PreviewInEditor] 📉 Score decreased by 10. Current score: 0
10-16-2025 11:23:21 - log: [PreviewInEditor] 📉 Score decreased by 10. Current score: 0
10-16-2025 11:23:21 - log: [PreviewInEditor] Ball spawned at: -207.83553895018912, 680 (within 640px game area) with force: 18.2845698221044
10-16-2025 11:23:21 - log: [PreviewInEditor] Ball spawned at: -142.9534685893881, 680 (within 640px game area) with force: 3.1330124733600972
10-16-2025 11:23:21 - log: [PreviewInEditor] Ball spawned at: 267.69085441486754, 680 (within 640px game area) with force: 37.807785060671186
10-16-2025 11:23:22 - log: [PreviewInEditor] Ball spawned at: 212.22866202412786, 680 (within 640px game area) with force: 33.37768967468933
10-16-2025 11:23:22 - log: [PreviewInEditor] Ball spawned at: -173.60875390575285, 680 (within 640px game area) with force: 35.05275486405605
10-16-2025 11:23:22 - log: [PreviewInEditor] 📉 Score decreased by 10. Current score: 0
10-16-2025 11:23:22 - log: [PreviewInEditor] Ball spawned at: -266.5945699791336, 680 (within 640px game area) with force: 26.484676755546268
10-16-2025 11:23:23 - log: [PreviewInEditor] Ball spawned at: -253.47121537188423, 680 (within 640px game area) with force: 19.880686347496823
10-16-2025 11:23:23 - log: [PreviewInEditor] Ball spawned at: 74.91138452927305, 680 (within 640px game area) with force: 14.42511764021097
10-16-2025 11:23:23 - log: [PreviewInEditor] 📈 Score increased by 5. Current score: 5
10-16-2025 11:23:23 - log: [PreviewInEditor] 📉 Score decreased by 10. Current score: 0
10-16-2025 11:23:23 - log: [PreviewInEditor] 📉 Score decreased by 10. Current score: 0
10-16-2025 11:23:23 - log: [PreviewInEditor] Ball spawned at: -216.4337233864412, 680 (within 640px game area) with force: 32.48151515998355
10-16-2025 11:23:24 - log: [PreviewInEditor] Ball spawned at: 146.2217426666462, 680 (within 640px game area) with force: 19.695400314781953
10-16-2025 11:23:24 - log: [PreviewInEditor] Ball spawned at: -188.86732584404075, 680 (within 640px game area) with force: 22.117290099954023
10-16-2025 11:23:24 - log: [PreviewInEditor] Ball spawned at: 134.77467929668745, 680 (within 640px game area) with force: 6.752057240297993
10-16-2025 11:23:24 - log: [PreviewInEditor] 📉 Score decreased by 10. Current score: 0
10-16-2025 11:23:24 - log: [PreviewInEditor] Ball spawned at: 118.0907806848723, 680 (within 640px game area) with force: 49.2319519656099
10-16-2025 11:23:24 - log: [PreviewInEditor] 📉 Score decreased by 10. Current score: 0
10-16-2025 11:23:25 - log: [PreviewInEditor] 📉 Score decreased by 10. Current score: 0
10-16-2025 11:23:25 - log: [PreviewInEditor] Ball spawned at: 176.0124484546771, 680 (within 640px game area) with force: 21.000022206361145
10-16-2025 11:23:25 - log: [PreviewInEditor] 📉 Score decreased by 10. Current score: 0
10-16-2025 11:23:25 - log: [PreviewInEditor] Ball spawned at: 30.754017168652638, 680 (within 640px game area) with force: 44.34197412891202
10-16-2025 11:23:25 - log: [PreviewInEditor] Ball spawned at: -14.478447360807536, 680 (within 640px game area) with force: 12.60685942712174
10-16-2025 11:23:25 - log: [PreviewInEditor] 📉 Score decreased by 10. Current score: 0
10-16-2025 11:23:25 - log: [PreviewInEditor] 📉 Score decreased by 10. Current score: 0
10-16-2025 11:23:26 - log: [PreviewInEditor] 📉 Score decreased by 10. Current score: 0
10-16-2025 11:23:26 - log: [PreviewInEditor] Ball spawned at: 172.73921172129496, 680 (within 640px game area) with force: 40.65534157641424
10-16-2025 11:23:26 - log: [PreviewInEditor] 📉 Score decreased by 10. Current score: 0
10-16-2025 11:23:26 - log: [PreviewInEditor] 📈 Score increased by 5. Current score: 5
10-16-2025 11:23:26 - log: [PreviewInEditor] 📉 Score decreased by 10. Current score: 0
10-16-2025 11:23:26 - log: [PreviewInEditor] Ball spawned at: -33.15624234384231, 680 (within 640px game area) with force: 15.601793090343264
10-16-2025 11:23:26 - log: [PreviewInEditor] 📉 Score decreased by 10. Current score: 0
10-16-2025 11:23:26 - log: [PreviewInEditor] Ball spawned at: 154.20992210337073, 680 (within 640px game area) with force: 43.30914729740574
10-16-2025 11:23:26 - log: [PreviewInEditor] 📉 Score decreased by 10. Current score: 0
10-16-2025 11:23:26 - log: [PreviewInEditor] 📉 Score decreased by 10. Current score: 0
10-16-2025 11:23:27 - log: [PreviewInEditor] Ball spawned at: -36.155552069697166, 680 (within 640px game area) with force: 11.596044664091965
10-16-2025 11:23:27 - log: [PreviewInEditor] Ball spawned at: -260.82448793472213, 680 (within 640px game area) with force: 35.1953295171304
10-16-2025 11:23:27 - log: [PreviewInEditor] 📉 Score decreased by 10. Current score: 0
10-16-2025 11:23:27 - log: [PreviewInEditor] Ball spawned at: 187.04841128375153, 680 (within 640px game area) with force: 38.582490486290766
10-16-2025 11:23:27 - log: [PreviewInEditor] 📉 Score decreased by 10. Current score: 0
10-16-2025 11:23:28 - log: [PreviewInEditor] Ball spawned at: 38.251445325590794, 680 (within 640px game area) with force: 41.009779702023295
10-16-2025 11:23:28 - log: [PreviewInEditor] Ball spawned at: -169.69467780377977, 680 (within 640px game area) with force: 3.853800342456626
10-16-2025 11:23:28 - log: [PreviewInEditor] 📉 Score decreased by 10. Current score: 0
10-16-2025 11:23:28 - log: [PreviewInEditor] Ball spawned at: 247.94620106601417, 680 (within 640px game area) with force: 28.00484175824908
10-16-2025 11:23:28 - log: [PreviewInEditor] 📉 Score decreased by 10. Current score: 0
10-16-2025 11:23:28 - log: [PreviewInEditor] Ball spawned at: -205.97083844744535, 680 (within 640px game area) with force: 41.53219449080234
10-16-2025 11:23:29 - log: [PreviewInEditor] 📉 Score decreased by 10. Current score: 0
10-16-2025 11:23:29 - log: [PreviewInEditor] Ball spawned at: 6.0080208192406985, 680 (within 640px game area) with force: 10.232377058544673
10-16-2025 11:23:29 - log: [PreviewInEditor] 📈 Score increased by 5. Current score: 5
10-16-2025 11:23:29 - log: [PreviewInEditor] Ball spawned at: -81.20130240714079, 680 (within 640px game area) with force: 37.49719336297531
10-16-2025 11:23:29 - log: [PreviewInEditor] Ball spawned at: -154.07091466320804, 680 (within 640px game area) with force: 35.57122358448282
10-16-2025 11:23:30 - log: [PreviewInEditor] 📉 Score decreased by 10. Current score: 0
10-16-2025 11:23:30 - log: [PreviewInEditor] Ball spawned at: 34.78819424652346, 680 (within 640px game area) with force: 17.80417336864811
10-16-2025 11:23:30 - log: [PreviewInEditor] Ball spawned at: -151.02957776460187, 680 (within 640px game area) with force: 4.656343220308257
10-16-2025 11:23:30 - log: [PreviewInEditor] Ball spawned at: 12.478729467675578, 680 (within 640px game area) with force: 4.589714467091632
10-16-2025 11:23:31 - log: [PreviewInEditor] 📈 Score increased by 5. Current score: 5
10-16-2025 11:23:31 - log: [PreviewInEditor] Ball spawned at: 236.70793579756986, 680 (within 640px game area) with force: 13.590780639821487
10-16-2025 11:23:31 - log: [PreviewInEditor] 📈 Score increased by 5. Current score: 10
10-16-2025 11:23:31 - log: [PreviewInEditor] Ball spawned at: -26.138805797669676, 680 (within 640px game area) with force: 35.78202359195415
10-16-2025 11:23:31 - log: [PreviewInEditor] 📈 Score increased by 5. Current score: 15
10-16-2025 11:23:31 - log: [PreviewInEditor] 📉 Score decreased by 10. Current score: 5
10-16-2025 11:23:31 - log: [PreviewInEditor] Ball spawned at: -192.52323983121516, 680 (within 640px game area) with force: 49.71653078615657
10-16-2025 11:23:31 - log: [PreviewInEditor] 📉 Score decreased by 10. Current score: 0
10-16-2025 11:23:31 - log: [PreviewInEditor] Ball spawned at: -233.10771127640373, 680 (within 640px game area) with force: 4.819529321299676
10-16-2025 11:23:32 - log: [PreviewInEditor] Ball spawned at: -53.09465635872348, 680 (within 640px game area) with force: 20.603559974474596
10-16-2025 11:23:32 - log: [PreviewInEditor] 📉 Score decreased by 10. Current score: 0
10-16-2025 11:23:32 - log: [PreviewInEditor] Ball spawned at: -58.30319965800254, 680 (within 640px game area) with force: 21.303129931934915
10-16-2025 11:23:32 - log: [PreviewInEditor] 📉 Score decreased by 10. Current score: 0
10-16-2025 11:23:32 - log: [PreviewInEditor] Ball spawned at: 194.9265404499385, 680 (within 640px game area) with force: 40.38539981002989
10-16-2025 11:23:33 - log: [PreviewInEditor] Ball spawned at: 85.64546833782043, 680 (within 640px game area) with force: 46.6634505850096
10-16-2025 11:23:33 - log: [PreviewInEditor] Ball spawned at: 160.8810213509796, 680 (within 640px game area) with force: 31.615677241259842
10-16-2025 11:23:33 - log: [PreviewInEditor] 📉 Score decreased by 10. Current score: 0
10-16-2025 11:23:33 - log: [PreviewInEditor] Ball spawned at: -154.5173052065041, 680 (within 640px game area) with force: 42.91273768342856
10-16-2025 11:23:33 - log: [PreviewInEditor] 📉 Score decreased by 10. Current score: 0
10-16-2025 11:23:34 - log: [PreviewInEditor] 📉 Score decreased by 10. Current score: 0
10-16-2025 11:23:34 - log: [PreviewInEditor] 📉 Score decreased by 10. Current score: 0
10-16-2025 11:23:34 - log: [PreviewInEditor] Ball spawned at: -254.55165062588944, 680 (within 640px game area) with force: 48.60039551881587
10-16-2025 11:23:34 - log: [PreviewInEditor] Ball spawned at: 234.64130048085724, 680 (within 640px game area) with force: 30.113596451987323
10-16-2025 11:23:34 - log: [PreviewInEditor] 📉 Score decreased by 10. Current score: 0
10-16-2025 11:23:34 - log: [PreviewInEditor] 📉 Score decreased by 10. Current score: 0
10-16-2025 11:23:34 - log: [PreviewInEditor] Ball spawned at: 20.569341200836504, 680 (within 640px game area) with force: 41.71892003410896
10-16-2025 11:23:34 - log: [PreviewInEditor] 📈 Score increased by 5. Current score: 5
10-16-2025 11:23:35 - log: [PreviewInEditor] Ball spawned at: -226.80791131836895, 680 (within 640px game area) with force: 20.8477182145163
10-16-2025 11:23:35 - log: [PreviewInEditor] Ball spawned at: -103.1393921387351, 680 (within 640px game area) with force: 28.388270883146895
10-16-2025 11:23:35 - log: [PreviewInEditor] 📉 Score decreased by 10. Current score: 0
10-16-2025 11:23:35 - log: [PreviewInEditor] Ball spawned at: 37.37299585998301, 680 (within 640px game area) with force: 10.899242552432964
10-16-2025 11:23:35 - log: [PreviewInEditor] 📉 Score decreased by 10. Current score: 0
10-16-2025 11:23:35 - log: [PreviewInEditor] Ball spawned at: -1.9835938422672825, 680 (within 640px game area) with force: 11.562729189343612
10-16-2025 11:23:36 - log: [PreviewInEditor] Ball spawned at: -252.10253098736914, 680 (within 640px game area) with force: 18.16752854525765
10-16-2025 11:23:36 - log: [PreviewInEditor] 📉 Score decreased by 10. Current score: 0
10-16-2025 11:23:36 - log: [PreviewInEditor] Ball spawned at: 153.73749432891498, 680 (within 640px game area) with force: 35.89913565457559
10-16-2025 11:23:36 - log: [PreviewInEditor] 📈 Score increased by 5. Current score: 5
10-16-2025 11:23:36 - log: [PreviewInEditor] Ball spawned at: 116.38758776743367, 680 (within 640px game area) with force: 13.301342349956647
10-16-2025 11:23:37 - log: [PreviewInEditor] Ball spawned at: -114.74123378008218, 680 (within 640px game area) with force: 16.25801464634613
10-16-2025 11:23:37 - log: [PreviewInEditor] 📉 Score decreased by 10. Current score: 0
10-16-2025 11:23:37 - log: [PreviewInEditor] Ball spawned at: 172.012722898118, 680 (within 640px game area) with force: 25.40896097194404
10-16-2025 11:23:37 - log: [PreviewInEditor] 📈 Score increased by 5. Current score: 5
10-16-2025 11:23:37 - log: [PreviewInEditor] 📉 Score decreased by 10. Current score: 0
10-16-2025 11:23:37 - log: [PreviewInEditor] 📉 Score decreased by 10. Current score: 0
10-16-2025 11:23:37 - log: [PreviewInEditor] Ball spawned at: -206.40976045981287, 680 (within 640px game area) with force: 33.62468340684865
10-16-2025 11:23:37 - log: [PreviewInEditor] 📉 Score decreased by 10. Current score: 0
10-16-2025 11:23:38 - log: [PreviewInEditor] Ball spawned at: 188.49273720615508, 680 (within 640px game area) with force: 31.210784069851815
10-16-2025 11:23:38 - log: [PreviewInEditor] Ball spawned at: 110.20162637825433, 680 (within 640px game area) with force: 37.17046570260247
10-16-2025 11:23:38 - log: [PreviewInEditor] 📉 Score decreased by 10. Current score: 0
10-16-2025 11:23:38 - log: [PreviewInEditor] 📉 Score decreased by 10. Current score: 0
10-16-2025 11:23:38 - log: [PreviewInEditor] Ball spawned at: -88.11689644551211, 680 (within 640px game area) with force: 4.419627210930099
10-16-2025 11:23:38 - log: [PreviewInEditor] 📉 Score decreased by 10. Current score: 0
10-16-2025 11:23:39 - log: [PreviewInEditor] Ball spawned at: 151.3993219681493, 680 (within 640px game area) with force: 1.8813138153411457
10-16-2025 11:23:39 - log: [PreviewInEditor] 📉 Score decreased by 10. Current score: 0
10-16-2025 11:23:39 - log: [PreviewInEditor] 📉 Score decreased by 10. Current score: 0
10-16-2025 11:23:39 - log: [PreviewInEditor] Ball spawned at: 162.14790076320827, 680 (within 640px game area) with force: 20.475540671863236
10-16-2025 11:23:39 - log: [PreviewInEditor] Ball spawned at: 87.95015622041825, 680 (within 640px game area) with force: 45.06099651207407
10-16-2025 11:23:39 - log: [PreviewInEditor] 📈 Score increased by 5. Current score: 5
10-16-2025 11:23:39 - log: [PreviewInEditor] Ball spawned at: -82.40348288452702, 680 (within 640px game area) with force: 30.478077980347294
10-16-2025 11:23:40 - log: [PreviewInEditor] Ball spawned at: -55.61957119605228, 680 (within 640px game area) with force: 43.99491494930158
10-16-2025 11:23:40 - log: [PreviewInEditor] 📉 Score decreased by 10. Current score: 0
10-16-2025 11:23:40 - log: [PreviewInEditor] 📈 Score increased by 5. Current score: 5
10-16-2025 11:23:40 - log: [PreviewInEditor] 📈 Score increased by 5. Current score: 10
10-16-2025 11:23:40 - log: [PreviewInEditor] 📈 Score increased by 5. Current score: 15
10-16-2025 11:23:40 - log: [PreviewInEditor] Ball spawned at: 137.39873035096298, 680 (within 640px game area) with force: 9.624922491608922
10-16-2025 11:23:40 - log: [PreviewInEditor] Ball spawned at: 95.28667336280034, 680 (within 640px game area) with force: 17.714328847760797
10-16-2025 11:23:41 - log: [PreviewInEditor] 📈 Score increased by 5. Current score: 20
10-16-2025 11:23:41 - log: [PreviewInEditor] Ball spawned at: -213.654267011334, 680 (within 640px game area) with force: 1.2316026639893507
10-16-2025 11:23:41 - log: [PreviewInEditor] 📈 Score increased by 5. Current score: 25
10-16-2025 11:23:41 - log: [PreviewInEditor] Ball spawned at: -232.57336439485223, 680 (within 640px game area) with force: 40.69442385204912
10-16-2025 11:23:41 - log: [PreviewInEditor] Ball spawned at: -143.19514801394902, 680 (within 640px game area) with force: 14.78410954625361
10-16-2025 11:23:41 - log: [PreviewInEditor] 📈 Score increased by 5. Current score: 30
10-16-2025 11:23:41 - log: [PreviewInEditor] 📈 Score increased by 5. Current score: 35
10-16-2025 11:23:42 - log: [PreviewInEditor] Ball spawned at: 46.60464107669492, 680 (within 640px game area) with force: 45.95830629644807
10-16-2025 11:23:42 - log: [PreviewInEditor] Ball spawned at: -200.30464075177844, 680 (within 640px game area) with force: 4.805937606820477
10-16-2025 11:23:42 - log: [PreviewInEditor] 📈 Score increased by 5. Current score: 40
10-16-2025 11:23:42 - log: [PreviewInEditor] Ball spawned at: -175.0133839961577, 680 (within 640px game area) with force: 41.91416149539676
10-16-2025 11:23:42 - log: [PreviewInEditor] 📈 Score increased by 5. Current score: 45
10-16-2025 11:23:42 - log: [PreviewInEditor] 📉 Score decreased by 10. Current score: 35
10-16-2025 11:23:42 - log: [PreviewInEditor] Ball spawned at: 194.92581173979954, 680 (within 640px game area) with force: 28.170178147625357
10-16-2025 11:23:43 - log: [PreviewInEditor] 📈 Score increased by 5. Current score: 40
10-16-2025 11:23:43 - log: [PreviewInEditor] Ball spawned at: -14.555086414049157, 680 (within 640px game area) with force: 1.7388616272452584
10-16-2025 11:23:43 - log: [PreviewInEditor] Ball spawned at: 213.67558981756724, 680 (within 640px game area) with force: 35.14555816358151
10-16-2025 11:23:43 - log: [PreviewInEditor] Ball spawned at: -200.21781506245463, 680 (within 640px game area) with force: 34.195687038224186
10-16-2025 11:23:44 - log: [PreviewInEditor] 📉 Score decreased by 10. Current score: 30
10-16-2025 11:23:44 - log: [PreviewInEditor] Ball spawned at: 147.76744885625197, 680 (within 640px game area) with force: 40.66793490755707
10-16-2025 11:23:44 - log: [PreviewInEditor] 📈 Score increased by 5. Current score: 35
10-16-2025 11:23:44 - log: [PreviewInEditor] 📉 Score decreased by 10. Current score: 25
10-16-2025 11:23:44 - log: [PreviewInEditor] Ball spawned at: -200.84706276396042, 680 (within 640px game area) with force: 1.4785246964123977
10-16-2025 11:23:44 - log: [PreviewInEditor] 📈 Score increased by 5. Current score: 30
10-16-2025 11:23:44 - log: [PreviewInEditor] Ball spawned at: 99.38659201206173, 680 (within 640px game area) with force: 3.5004112195260007
10-16-2025 11:23:44 - log: [PreviewInEditor] 📈 Score increased by 5. Current score: 35
10-16-2025 11:23:45 - log: [PreviewInEditor] ✨ GOLDEN BALL spawned!
10-16-2025 11:23:45 - log: [PreviewInEditor] Ball spawned at: 75.36432318883232, 680 (within 640px game area) with force: 33.24463990619277
10-16-2025 11:23:45 - log: [PreviewInEditor] 📈 Score increased by 5. Current score: 40
10-16-2025 11:23:45 - log: [PreviewInEditor] Ball spawned at: 14.364907855858917, 680 (within 640px game area) with force: 8.47192897455833
10-16-2025 11:23:45 - log: [PreviewInEditor] Ball spawned at: -166.48639139308432, 680 (within 640px game area) with force: 28.303076189052
10-16-2025 11:23:46 - log: [PreviewInEditor] 📈 Score increased by 5. Current score: 45
10-16-2025 11:23:46 - log: [PreviewInEditor] Ball spawned at: 122.58117592708618, 680 (within 640px game area) with force: 48.57169206770988
10-16-2025 11:23:46 - log: [PreviewInEditor] 📈 Score increased by 50. Current score: 95
10-16-2025 11:23:46 - log: [PreviewInEditor] Ball spawned at: -154.26102419256114, 680 (within 640px game area) with force: 19.708957684895957
10-16-2025 11:23:46 - log: [PreviewInEditor] Ball spawned at: -126.58328831820168, 680 (within 640px game area) with force: 44.22349498137341
10-16-2025 11:23:46 - log: [PreviewInEditor] 📈 Score increased by 5. Current score: 100
10-16-2025 11:23:46 - log: [PreviewInEditor] 📉 Score decreased by 10. Current score: 90
10-16-2025 11:23:46 - log: [PreviewInEditor] 📈 Score increased by 5. Current score: 95
10-16-2025 11:23:46 - log: [PreviewInEditor] 📉 Score decreased by 10. Current score: 85
10-16-2025 11:23:46 - log: [PreviewInEditor] Ball spawned at: 232.8895687766626, 680 (within 640px game area) with force: 48.19233089617744
10-16-2025 11:23:47 - log: [PreviewInEditor] Ball spawned at: 78.32853189413282, 680 (within 640px game area) with force: 3.0918721548688577
10-16-2025 11:23:47 - log: [PreviewInEditor] 📈 Score increased by 5. Current score: 90
10-16-2025 11:23:47 - log: [PreviewInEditor] 📉 Score decreased by 10. Current score: 80
10-16-2025 11:23:47 - log: [PreviewInEditor] 📈 Score increased by 5. Current score: 85
10-16-2025 11:23:47 - log: [PreviewInEditor] Ball spawned at: -8.450261661479146, 680 (within 640px game area) with force: 22.42657926279965
10-16-2025 11:23:47 - log: [PreviewInEditor] Ball spawned at: 139.23727686063745, 680 (within 640px game area) with force: 30.685574603036304
10-16-2025 11:23:47 - log: [PreviewInEditor] 📈 Score increased by 5. Current score: 90
10-16-2025 11:23:48 - log: [PreviewInEditor] ✨ GOLDEN BALL spawned!
10-16-2025 11:23:48 - log: [PreviewInEditor] Ball spawned at: 146.12083871298734, 680 (within 640px game area) with force: 17.5296222508632
10-16-2025 11:23:48 - log: [PreviewInEditor] 📈 Score increased by 5. Current score: 95
10-16-2025 11:23:48 - log: [PreviewInEditor] Ball spawned at: -228.36601267499327, 680 (within 640px game area) with force: 49.922874639374584
10-16-2025 11:23:48 - log: [PreviewInEditor] 📈 Score increased by 5. Current score: 100
10-16-2025 11:23:48 - log: [PreviewInEditor] Ball spawned at: -17.510507864927945, 680 (within 640px game area) with force: 49.97301300358682
10-16-2025 11:23:48 - log: [PreviewInEditor] 📈 Score increased by 5. Current score: 105
10-16-2025 11:23:49 - log: [PreviewInEditor] Ball spawned at: -98.72265745186854, 680 (within 640px game area) with force: 43.73622925537441
10-16-2025 11:23:49 - log: [PreviewInEditor] 📈 Score increased by 5. Current score: 110
10-16-2025 11:23:49 - log: [PreviewInEditor] Ball spawned at: -18.846278603738256, 680 (within 640px game area) with force: 10.121995758023116
10-16-2025 11:23:49 - log: [PreviewInEditor] 📉 Score decreased by 20. Current score: 90
10-16-2025 11:23:49 - log: [PreviewInEditor] 📈 Score increased by 5. Current score: 95
10-16-2025 11:23:49 - log: [PreviewInEditor] Ball spawned at: 147.54228031547967, 680 (within 640px game area) with force: 16.06372810307255
10-16-2025 11:23:50 - log: [PreviewInEditor] 📈 Score increased by 5. Current score: 100
10-16-2025 11:23:50 - log: [PreviewInEditor] Ball spawned at: 265.5379591646082, 680 (within 640px game area) with force: 18.501572939015908
10-16-2025 11:23:50 - log: [PreviewInEditor] Ball spawned at: 60.49530693828012, 680 (within 640px game area) with force: 18.30509236416117
10-16-2025 11:23:50 - log: [PreviewInEditor] Ball spawned at: -170.60729060507168, 680 (within 640px game area) with force: 42.325819354267836
10-16-2025 11:23:50 - log: [PreviewInEditor] 📈 Score increased by 5. Current score: 105
10-16-2025 11:23:50 - log: [PreviewInEditor] Ball spawned at: -14.841379527344202, 680 (within 640px game area) with force: 47.81475802286017
10-16-2025 11:23:50 - log: [PreviewInEditor] 📉 Score decreased by 10. Current score: 95
10-16-2025 11:23:51 - log: [PreviewInEditor] Ball spawned at: -228.50417113084447, 680 (within 640px game area) with force: 0.08635218927415256
10-16-2025 11:23:51 - log: [PreviewInEditor] 📈 Score increased by 5. Current score: 100
10-16-2025 11:23:51 - log: [PreviewInEditor] 📈 Score increased by 5. Current score: 105
10-16-2025 11:23:51 - log: [PreviewInEditor] Ball spawned at: 250.26910085822806, 680 (within 640px game area) with force: 19.642498470726068
10-16-2025 11:23:51 - log: [PreviewInEditor] 📉 Score decreased by 10. Current score: 95
10-16-2025 11:23:51 - log: [PreviewInEditor] Ball spawned at: -246.04565456728452, 680 (within 640px game area) with force: 48.26246578367582
10-16-2025 11:23:52 - log: [PreviewInEditor] Ball spawned at: 103.69966955983188, 680 (within 640px game area) with force: 42.779335557185725
10-16-2025 11:23:52 - log: [PreviewInEditor] Ball spawned at: -256.08985048761843, 680 (within 640px game area) with force: 2.7344810677732645
10-16-2025 11:23:52 - log: [PreviewInEditor] 📈 Score increased by 5. Current score: 100
10-16-2025 11:23:52 - log: [PreviewInEditor] Ball spawned at: 215.84265169659494, 680 (within 640px game area) with force: 47.00345694921426
10-16-2025 11:23:53 - log: [PreviewInEditor] Ball spawned at: -169.5532572006888, 680 (within 640px game area) with force: 1.9516264022136132
10-16-2025 11:23:53 - log: [PreviewInEditor] 📈 Score increased by 5. Current score: 105
10-16-2025 11:23:53 - log: [PreviewInEditor] 📈 Score increased by 5. Current score: 110
10-16-2025 11:23:53 - log: [PreviewInEditor] Ball spawned at: 268.1082198206574, 680 (within 640px game area) with force: 39.47460647178579
10-16-2025 11:23:53 - log: [PreviewInEditor] 📈 Score increased by 5. Current score: 115
10-16-2025 11:23:53 - log: [PreviewInEditor] Ball spawned at: 266.2406125796871, 680 (within 640px game area) with force: 3.9565832820040336
10-16-2025 11:23:53 - log: [PreviewInEditor] Ball spawned at: -41.32257598947257, 680 (within 640px game area) with force: 10.050942418253994
10-16-2025 11:23:54 - log: [PreviewInEditor] Ball spawned at: -245.2763603152772, 680 (within 640px game area) with force: 34.96932154155824
10-16-2025 11:23:54 - log: [PreviewInEditor] Ball spawned at: 252.30288658015513, 680 (within 640px game area) with force: 11.808762517372573
10-16-2025 11:23:54 - log: [PreviewInEditor] Ball spawned at: 48.39427998245998, 680 (within 640px game area) with force: 9.365221445487492
10-16-2025 11:23:55 - log: [PreviewInEditor] 📈 Score increased by 5. Current score: 120
10-16-2025 11:23:55 - log: [PreviewInEditor] Ball spawned at: 255.06163597335797, 680 (within 640px game area) with force: 44.879406983663316
10-16-2025 11:23:55 - log: [PreviewInEditor] 📈 Score increased by 5. Current score: 125
10-16-2025 11:23:55 - log: [PreviewInEditor] Ball spawned at: 36.778072108588844, 680 (within 640px game area) with force: 20.914210719468173
10-16-2025 11:23:55 - log: [PreviewInEditor] Ball spawned at: 249.20056623380356, 680 (within 640px game area) with force: 44.89509274189385
10-16-2025 11:23:56 - log: [PreviewInEditor] 📈 Score increased by 5. Current score: 130
10-16-2025 11:23:56 - log: [PreviewInEditor] Ball spawned at: -121.33221989386786, 680 (within 640px game area) with force: 4.762041678430795
10-16-2025 11:23:56 - log: [PreviewInEditor] 📈 Score increased by 5. Current score: 135
10-16-2025 11:23:56 - log: [PreviewInEditor] 📈 Score increased by 5. Current score: 140
10-16-2025 11:23:56 - log: [PreviewInEditor] 📈 Score increased by 5. Current score: 145
10-16-2025 11:23:56 - log: [PreviewInEditor] Ball spawned at: -193.12154283862628, 680 (within 640px game area) with force: 38.72626868501321
10-16-2025 11:23:56 - log: [PreviewInEditor] 📈 Score increased by 5. Current score: 150
10-16-2025 11:23:56 - log: [PreviewInEditor] Ball spawned at: -145.9799034932178, 680 (within 640px game area) with force: 4.698132652526232
10-16-2025 11:23:57 - log: [PreviewInEditor] Ball spawned at: -172.3237916979237, 680 (within 640px game area) with force: 15.081286656604787
10-16-2025 11:23:57 - log: [PreviewInEditor] Ball spawned at: -246.23159375469808, 680 (within 640px game area) with force: 2.2744879767812365
10-16-2025 11:23:57 - log: [PreviewInEditor] 📈 Score increased by 5. Current score: 155
10-16-2025 11:23:57 - log: [PreviewInEditor] Ball spawned at: -131.2370176382545, 680 (within 640px game area) with force: 16.628568787291975
10-16-2025 11:23:57 - log: [PreviewInEditor] Ball spawned at: 156.62900064271474, 680 (within 640px game area) with force: 47.61022938456693
10-16-2025 11:23:58 - log: [PreviewInEditor] 📈 Score increased by 5. Current score: 160
10-16-2025 11:23:58 - log: [PreviewInEditor] 📈 Score increased by 5. Current score: 165
10-16-2025 11:23:58 - log: [PreviewInEditor] Ball spawned at: 212.12757372672758, 680 (within 640px game area) with force: 19.050723914320887
10-16-2025 11:23:58 - log: [PreviewInEditor] 📈 Score increased by 5. Current score: 170
10-16-2025 11:23:58 - log: [PreviewInEditor] Ball spawned at: -86.52522618062034, 680 (within 640px game area) with force: 44.434233627421136
10-16-2025 11:23:58 - log: [PreviewInEditor] 📈 Score increased by 5. Current score: 175
10-16-2025 11:23:58 - log: [PreviewInEditor] Ball spawned at: 65.24839072330582, 680 (within 640px game area) with force: 49.24709752560541
10-16-2025 11:23:59 - log: [PreviewInEditor] 📈 Score increased by 5. Current score: 180
10-16-2025 11:23:59 - log: [PreviewInEditor] ✨ GOLDEN BALL spawned!
10-16-2025 11:23:59 - log: [PreviewInEditor] Ball spawned at: 97.58868705745863, 680 (within 640px game area) with force: 0.07506412315102517
10-16-2025 11:23:59 - log: [PreviewInEditor] 📉 Score decreased by 10. Current score: 170
10-16-2025 11:23:59 - log: [PreviewInEditor] 📈 Score increased by 5. Current score: 175
10-16-2025 11:23:59 - log: [PreviewInEditor] Ball spawned at: -218.61512168318376, 680 (within 640px game area) with force: 42.06619059898335
10-16-2025 11:23:59 - log: [PreviewInEditor] 📉 Score decreased by 10. Current score: 165
10-16-2025 11:23:59 - log: [PreviewInEditor] 📈 Score increased by 5. Current score: 170
10-16-2025 11:23:59 - log: [PreviewInEditor] Ball spawned at: 21.630181255862453, 680 (within 640px game area) with force: 47.6783490654429
10-16-2025 11:24:00 - log: [PreviewInEditor] Ball spawned at: -265.2897020263803, 680 (within 640px game area) with force: 17.22241526346091
10-16-2025 11:24:00 - log: [PreviewInEditor] 📈 Score increased by 5. Current score: 175
10-16-2025 11:24:00 - log: [PreviewInEditor] Ball spawned at: 114.87049719057632, 680 (within 640px game area) with force: 25.046502526812287
10-16-2025 11:24:00 - log: [PreviewInEditor] 📈 Score increased by 5. Current score: 180
10-16-2025 11:24:00 - log: [PreviewInEditor] Ball spawned at: -132.76086830766567, 680 (within 640px game area) with force: 39.81102806539164
10-16-2025 11:24:01 - log: [PreviewInEditor] Ball spawned at: -80.23237415697793, 680 (within 640px game area) with force: 23.494658553088566
10-16-2025 11:24:01 - log: [PreviewInEditor] 📈 Score increased by 5. Current score: 185
10-16-2025 11:24:01 - log: [PreviewInEditor] Ball spawned at: -207.37179642691328, 680 (within 640px game area) with force: 12.378532340818449
10-16-2025 11:24:01 - log: [PreviewInEditor] Ball spawned at: 229.68717967721778, 680 (within 640px game area) with force: 10.886930228580749
10-16-2025 11:24:01 - log: [PreviewInEditor] 📉 Score decreased by 20. Current score: 165
10-16-2025 11:24:01 - log: [PreviewInEditor] 📉 Score decreased by 10. Current score: 155
10-16-2025 11:24:01 - log: [PreviewInEditor] Ball spawned at: -214.7595009525786, 680 (within 640px game area) with force: 19.060637983730366
10-16-2025 11:24:02 - log: [PreviewInEditor] Ball spawned at: -129.78669289053565, 680 (within 640px game area) with force: 0.7100330528253873
10-16-2025 11:24:02 - log: [PreviewInEditor] Ball spawned at: -206.93463333010902, 680 (within 640px game area) with force: 32.894187080768056
10-16-2025 11:24:02 - log: [PreviewInEditor] Ball spawned at: -161.33635527559042, 680 (within 640px game area) with force: 9.554198675132108
10-16-2025 11:24:02 - log: [PreviewInEditor] 📈 Score increased by 5. Current score: 160
10-16-2025 11:24:02 - log: [PreviewInEditor] 📈 Score increased by 5. Current score: 165
10-16-2025 11:24:03 - log: [PreviewInEditor] 📈 Score increased by 5. Current score: 170
10-16-2025 11:24:03 - log: [PreviewInEditor] Ball spawned at: -118.85201737062863, 680 (within 640px game area) with force: 6.8109876411796115
10-16-2025 11:24:03 - log: [PreviewInEditor] 📈 Score increased by 5. Current score: 175
10-16-2025 11:24:03 - log: [PreviewInEditor] Ball spawned at: 58.153309418375386, 680 (within 640px game area) with force: 10.125889332611726
10-16-2025 11:24:03 - log: [PreviewInEditor] ✨ GOLDEN BALL spawned!
10-16-2025 11:24:03 - log: [PreviewInEditor] Ball spawned at: 185.01486906914403, 680 (within 640px game area) with force: 31.2308626305981
10-16-2025 11:24:03 - log: [PreviewInEditor] 📈 Score increased by 5. Current score: 180
10-16-2025 11:24:04 - log: [PreviewInEditor] Ball spawned at: 181.88551358189176, 680 (within 640px game area) with force: 35.63014284435094
10-16-2025 11:24:04 - log: [PreviewInEditor] Ball spawned at: -25.330675170903106, 680 (within 640px game area) with force: 21.657635276511332
10-16-2025 11:24:04 - log: [PreviewInEditor] Ball spawned at: -91.591212847424, 680 (within 640px game area) with force: 38.084445741992326
10-16-2025 11:24:04 - log: [PreviewInEditor] 📉 Score decreased by 20. Current score: 160
10-16-2025 11:24:04 - log: [PreviewInEditor] 📉 Score decreased by 10. Current score: 150
10-16-2025 11:24:05 - log: [PreviewInEditor] Ball spawned at: -4.3148919047498, 680 (within 640px game area) with force: 37.56375254939556
10-16-2025 11:24:05 - log: [PreviewInEditor] Ball spawned at: -187.45072953125097, 680 (within 640px game area) with force: 28.945865450559904
10-16-2025 11:24:05 - log: [PreviewInEditor] 📉 Score decreased by 10. Current score: 140
10-16-2025 11:24:05 - log: [PreviewInEditor] Ball spawned at: 243.43885827843178, 680 (within 640px game area) with force: 20.809991151624384
10-16-2025 11:24:05 - log: [PreviewInEditor] Ball spawned at: 90.2299233169989, 680 (within 640px game area) with force: 22.113840432574918
10-16-2025 11:24:06 - log: [PreviewInEditor] 📈 Score increased by 5. Current score: 145
10-16-2025 11:24:06 - log: [PreviewInEditor] Ball spawned at: -120.60221753434081, 680 (within 640px game area) with force: 31.16342772251889
10-16-2025 11:24:06 - log: [PreviewInEditor] 📈 Score increased by 5. Current score: 150
10-16-2025 11:24:06 - log: [PreviewInEditor] 📈 Score increased by 5. Current score: 155
10-16-2025 11:24:06 - log: [PreviewInEditor] Ball spawned at: -157.354754575312, 680 (within 640px game area) with force: 32.615327883600145
10-16-2025 11:24:06 - log: [PreviewInEditor] Ball spawned at: 30.164931400623857, 680 (within 640px game area) with force: 33.53687871740247
10-16-2025 11:24:07 - log: [PreviewInEditor] 📈 Score increased by 5. Current score: 160
10-16-2025 11:24:07 - log: [PreviewInEditor] 📈 Score increased by 5. Current score: 165
10-16-2025 11:24:07 - log: [PreviewInEditor] 📉 Score decreased by 10. Current score: 155
10-16-2025 11:24:07 - log: [PreviewInEditor] 📉 Score decreased by 10. Current score: 145
10-16-2025 11:24:07 - log: [PreviewInEditor] ✨ GOLDEN BALL spawned!
10-16-2025 11:24:07 - log: [PreviewInEditor] Ball spawned at: 183.86710351629728, 680 (within 640px game area) with force: 35.39213183136612
10-16-2025 11:24:07 - log: [PreviewInEditor] 📈 Score increased by 5. Current score: 150
10-16-2025 11:24:07 - log: [PreviewInEditor] 📈 Score increased by 5. Current score: 155
10-16-2025 11:24:07 - log: [PreviewInEditor] 📉 Score decreased by 10. Current score: 145
10-16-2025 11:24:07 - log: [PreviewInEditor] Ball spawned at: -206.1441317194434, 680 (within 640px game area) with force: 19.44253285464943
10-16-2025 11:24:07 - log: [PreviewInEditor] 📈 Score increased by 5. Current score: 150
10-16-2025 11:24:07 - log: [PreviewInEditor] 📈 Score increased by 5. Current score: 155
10-16-2025 11:24:07 - log: [PreviewInEditor] Ball spawned at: 132.96847184351805, 680 (within 640px game area) with force: 39.25529702321482
10-16-2025 11:24:07 - log: [PreviewInEditor] 📈 Score increased by 5. Current score: 160
10-16-2025 11:24:08 - log: [PreviewInEditor] 📉 Score decreased by 20. Current score: 140
10-16-2025 11:24:08 - log: [PreviewInEditor] Ball spawned at: -97.31949156503231, 680 (within 640px game area) with force: 5.029073897257296
10-16-2025 11:24:08 - log: [PreviewInEditor] Ball spawned at: -146.863780875665, 680 (within 640px game area) with force: 13.636388109739727
10-16-2025 11:24:08 - log: [PreviewInEditor] 📉 Score decreased by 10. Current score: 130
10-16-2025 11:24:08 - log: [PreviewInEditor] Ball spawned at: -31.214539259044898, 680 (within 640px game area) with force: 10.071363410984368
10-16-2025 11:24:08 - log: [PreviewInEditor] 📈 Score increased by 5. Current score: 135
10-16-2025 11:24:09 - log: [PreviewInEditor] Ball spawned at: 37.35872660337765, 680 (within 640px game area) with force: 17.169242084333124
10-16-2025 11:24:09 - log: [PreviewInEditor] Ball spawned at: -129.2721556421485, 680 (within 640px game area) with force: 9.716057381313291
10-16-2025 11:24:09 - log: [PreviewInEditor] Ball spawned at: 40.284853291143236, 680 (within 640px game area) with force: 40.49858325415578
10-16-2025 11:24:09 - log: [PreviewInEditor] 📈 Score increased by 5. Current score: 140
10-16-2025 11:24:09 - log: [PreviewInEditor] ✨ GOLDEN BALL spawned!
10-16-2025 11:24:09 - log: [PreviewInEditor] Ball spawned at: 46.16825622120257, 680 (within 640px game area) with force: 16.241113974717525
10-16-2025 11:24:10 - log: [PreviewInEditor] 📈 Score increased by 5. Current score: 145
10-16-2025 11:24:10 - log: [PreviewInEditor] Ball spawned at: 37.64666597863089, 680 (within 640px game area) with force: 5.190377665683476
10-16-2025 11:24:10 - log: [PreviewInEditor] Ball spawned at: 76.9899157961895, 680 (within 640px game area) with force: 8.149640200857899
10-16-2025 11:24:10 - log: [PreviewInEditor] 📈 Score increased by 5. Current score: 150
10-16-2025 11:24:10 - log: [PreviewInEditor] 📈 Score increased by 5. Current score: 155
10-16-2025 11:24:10 - log: [PreviewInEditor] Ball spawned at: 146.47390088230486, 680 (within 640px game area) with force: 0.8127143123520475
10-16-2025 11:24:10 - log: [PreviewInEditor] 📈 Score increased by 50. Current score: 205
10-16-2025 11:24:10 - log: [PreviewInEditor] 📈 Score increased by 5. Current score: 210
10-16-2025 11:24:11 - log: [PreviewInEditor] Ball spawned at: -203.14880892209035, 680 (within 640px game area) with force: 46.60863465237863
10-16-2025 11:24:11 - log: [PreviewInEditor] 📈 Score increased by 5. Current score: 215
10-16-2025 11:24:11 - log: [PreviewInEditor] Ball spawned at: -64.30409460675139, 680 (within 640px game area) with force: 23.171475976436863
10-16-2025 11:24:11 - log: [PreviewInEditor] Ball spawned at: 143.44330724957723, 680 (within 640px game area) with force: 45.020656368517834
10-16-2025 11:24:12 - log: [PreviewInEditor] Ball spawned at: 149.4729030417538, 680 (within 640px game area) with force: 42.28578363314121
10-16-2025 11:24:12 - log: [PreviewInEditor] 📈 Score increased by 5. Current score: 220
10-16-2025 11:24:12 - log: [PreviewInEditor] Ball spawned at: -201.2690022551058, 680 (within 640px game area) with force: 49.59639277762804
10-16-2025 11:24:12 - log: [PreviewInEditor] 📈 Score increased by 5. Current score: 225
10-16-2025 11:24:12 - log: [PreviewInEditor] 📈 Score increased by 5. Current score: 230
10-16-2025 11:24:12 - log: [PreviewInEditor] 📈 Score increased by 5. Current score: 235
10-16-2025 11:24:12 - log: [PreviewInEditor] Ball spawned at: -201.09577341520335, 680 (within 640px game area) with force: 34.655481334951354
10-16-2025 11:24:12 - log: [PreviewInEditor] Ball spawned at: -248.61966059757142, 680 (within 640px game area) with force: 16.277182723994144
10-16-2025 11:24:13 - log: [PreviewInEditor] 📉 Score decreased by 10. Current score: 225
10-16-2025 11:24:13 - log: [PreviewInEditor] 📈 Score increased by 5. Current score: 230
10-16-2025 11:24:13 - log: [PreviewInEditor] 📈 Score increased by 5. Current score: 235
10-16-2025 11:24:13 - log: [PreviewInEditor] Ball spawned at: -268.7581432030056, 680 (within 640px game area) with force: 36.61354546867251
10-16-2025 11:24:13 - log: [PreviewInEditor] 📉 Score decreased by 10. Current score: 225
10-16-2025 11:24:13 - log: [PreviewInEditor] Ball spawned at: -189.63667083307627, 680 (within 640px game area) with force: 3.394875672336939
10-16-2025 11:24:13 - log: [PreviewInEditor] Ball spawned at: -156.93370482021675, 680 (within 640px game area) with force: 17.050303464174277
10-16-2025 11:24:14 - log: [PreviewInEditor] Ball spawned at: 22.780577800938545, 680 (within 640px game area) with force: 7.469022998631514
10-16-2025 11:24:14 - log: [PreviewInEditor] Ball spawned at: -18.873962665062635, 680 (within 640px game area) with force: 34.22800847266932
10-16-2025 11:24:14 - log: [PreviewInEditor] Ball spawned at: 157.9433521293472, 680 (within 640px game area) with force: 48.67702306571909
10-16-2025 11:24:15 - log: [PreviewInEditor] 📈 Score increased by 5. Current score: 230
10-16-2025 11:24:15 - log: [PreviewInEditor] Ball spawned at: -29.219263797311925, 680 (within 640px game area) with force: 27.549930358698795
10-16-2025 11:24:15 - log: [PreviewInEditor] 📈 Score increased by 5. Current score: 235
10-16-2025 11:24:15 - log: [PreviewInEditor] Ball spawned at: 77.41797033822331, 680 (within 640px game area) with force: 37.31386157557122
10-16-2025 11:24:15 - log: [PreviewInEditor] 📉 Score decreased by 10. Current score: 225
10-16-2025 11:24:15 - log: [PreviewInEditor] 📈 Score increased by 5. Current score: 230
10-16-2025 11:24:15 - log: [PreviewInEditor] Ball spawned at: 196.5627811079254, 680 (within 640px game area) with force: 8.135900849423427
10-16-2025 11:24:15 - log: [PreviewInEditor] 📈 Score increased by 5. Current score: 235
10-16-2025 11:24:16 - log: [PreviewInEditor] 📈 Score increased by 5. Current score: 240
10-16-2025 11:24:16 - log: [PreviewInEditor] Ball spawned at: -246.596139952917, 680 (within 640px game area) with force: 46.598589381904
10-16-2025 11:24:16 - log: [PreviewInEditor] Ball spawned at: 228.95367484947099, 680 (within 640px game area) with force: 14.986285990668414
10-16-2025 11:24:16 - log: [PreviewInEditor] Ball spawned at: 33.248214971805396, 680 (within 640px game area) with force: 33.59323137442163
10-16-2025 11:24:16 - log: [PreviewInEditor] Ball spawned at: 165.43834680878712, 680 (within 640px game area) with force: 23.46476060293322
10-16-2025 11:24:17 - log: [PreviewInEditor] Ball spawned at: -24.546036181294483, 680 (within 640px game area) with force: 30.31211220418255
10-16-2025 11:24:17 - log: [PreviewInEditor] 📈 Score increased by 5. Current score: 245
10-16-2025 11:24:17 - log: [PreviewInEditor] Ball spawned at: 204.24500854791108, 680 (within 640px game area) with force: 12.253385650864622
10-16-2025 11:24:17 - log: [PreviewInEditor] 📉 Score decreased by 10. Current score: 235
10-16-2025 11:24:17 - log: [PreviewInEditor] 📈 Score increased by 5. Current score: 240
10-16-2025 11:24:17 - log: [PreviewInEditor] Ball spawned at: -134.7944950760065, 680 (within 640px game area) with force: 38.96925848458892
10-16-2025 11:24:17 - log: [PreviewInEditor] 📈 Score increased by 5. Current score: 245
10-16-2025 11:24:17 - log: [PreviewInEditor] 📈 Score increased by 5. Current score: 250
10-16-2025 11:24:18 - log: [PreviewInEditor] Ball spawned at: 112.08899274469331, 680 (within 640px game area) with force: 49.9619690973286
10-16-2025 11:24:18 - log: [PreviewInEditor] 📈 Score increased by 5. Current score: 255
10-16-2025 11:24:18 - log: [PreviewInEditor] Ball spawned at: -173.48633170840657, 680 (within 640px game area) with force: 28.472684587438003
10-16-2025 11:24:18 - log: [PreviewInEditor] 📈 Score increased by 5. Current score: 260
10-16-2025 11:24:18 - log: [PreviewInEditor] Ball spawned at: -33.493951263311544, 680 (within 640px game area) with force: 21.664717016610023
10-16-2025 11:24:18 - log: [PreviewInEditor] 📈 Score increased by 5. Current score: 265
10-16-2025 11:24:19 - log: [PreviewInEditor] Ball spawned at: 224.331373190612, 680 (within 640px game area) with force: 23.971287104784988
10-16-2025 11:24:19 - log: [PreviewInEditor] 📉 Score decreased by 10. Current score: 255
10-16-2025 11:24:19 - log: [PreviewInEditor] 📈 Score increased by 5. Current score: 260
10-16-2025 11:24:19 - log: [PreviewInEditor] Ball spawned at: 12.054665367081839, 680 (within 640px game area) with force: 5.290384760307587
10-16-2025 11:24:19 - log: [PreviewInEditor] Ball spawned at: -203.15149940363335, 680 (within 640px game area) with force: 35.72728163247665
10-16-2025 11:24:19 - log: [PreviewInEditor] 📈 Score increased by 5. Current score: 265
10-16-2025 11:24:19 - log: [PreviewInEditor] 📈 Score increased by 5. Current score: 270
10-16-2025 11:24:19 - log: [PreviewInEditor] 🎮 GAME OVER! Bateos reached 0
10-16-2025 11:24:19 - log: [PreviewInEditor] Final Score: 270
10-16-2025 11:24:19 - log: [PreviewInEditor] 💾 Stored final score globally: 270
10-16-2025 11:24:20 - log: [PreviewInEditor] Ball spawned at: 142.8473129265218, 680 (within 640px game area) with force: 42.98603383956014
10-16-2025 11:24:20 - log: [PreviewInEditor] 🔄 Found stored final score: 270
10-16-2025 11:24:20 - log: [PreviewInEditor] 🚀 Attempting to send score: 270
10-16-2025 11:24:20 - log: [PreviewInEditor] 📨 PostMessage sent successfully: {score: 270}
