10-16-2025 15:47:30-log: Cannot access game frame or container.
10-16-2025 15:47:30-debug: asset-db:require-engine-code (561ms)
10-16-2025 15:47:30-log: [box2d]:box2d wasm lib loaded.
10-16-2025 15:47:30-log: [bullet]:bullet wasm lib loaded.
10-16-2025 15:47:30-log: meshopt wasm decoder initialized
10-16-2025 15:47:30-log: Cocos Creator v3.8.5
10-16-2025 15:47:30-debug: [Assets Memory track]: asset-db-plugin-register: programming start:80.17MB, end 87.82MB, increase: 7.65MB
10-16-2025 15:47:32-debug: [Assets Memory track]: asset-db-plugin-register: builder start:87.84MB, end 178.31MB, increase: 90.46MB
10-16-2025 15:47:32-debug: [Assets Memory track]: asset-db-plugin-register: project start:80.04MB, end 175.33MB, increase: 95.29MB
10-16-2025 15:47:30-debug: [Assets Memory track]: asset-db:worker-init: initEngine start:29.31MB, end 79.33MB, increase: 50.02MB
10-16-2025 15:47:30-log: Using legacy pipeline
10-16-2025 15:47:32-debug: [Assets Memory track]: asset-db:worker-init: initPlugin start:79.35MB, end 175.36MB, increase: 96.01MB
10-16-2025 15:47:30-log: Forward render pipeline initialized.
10-16-2025 15:47:32-debug: run package(web-mobile) handler(enable) start
10-16-2025 15:47:32-debug: run package(web-mobile) handler(enable) success!
10-16-2025 15:47:32-debug: run package(wechatgame) handler(enable) start
10-16-2025 15:47:32-debug: run package(wechatprogram) handler(enable) success!
10-16-2025 15:47:32-debug: run package(windows) handler(enable) start
10-16-2025 15:47:32-debug: run package(xiaomi-quick-game) handler(enable) start
10-16-2025 15:47:32-debug: run package(xiaomi-quick-game) handler(enable) success!
10-16-2025 15:47:32-debug: run package(cocos-service) handler(enable) start
10-16-2025 15:47:32-debug: run package(cocos-service) handler(enable) success!
10-16-2025 15:47:32-debug: run package(im-plugin) handler(enable) start
10-16-2025 15:47:32-debug: run package(wechatprogram) handler(enable) start
10-16-2025 15:47:32-debug: run package(placeholder) handler(enable) start
10-16-2025 15:47:32-debug: run package(windows) handler(enable) success!
10-16-2025 15:47:32-debug: asset-db:worker-init: initPlugin (1546ms)
10-16-2025 15:47:32-debug: run package(wechatgame) handler(enable) success!
10-16-2025 15:47:32-debug: run package(placeholder) handler(enable) success!
10-16-2025 15:47:32-debug: run package(im-plugin) handler(enable) success!
10-16-2025 15:47:32-debug: [Assets Memory track]: asset-db:worker-init start:29.30MB, end 176.00MB, increase: 146.69MB
10-16-2025 15:47:32-debug: Run asset db hook engine-extends:beforePreStart success!
10-16-2025 15:47:32-debug: Run asset db hook programming:beforePreStart success!
10-16-2025 15:47:32-debug: Run asset db hook engine-extends:beforePreStart ...
10-16-2025 15:47:32-debug: Run asset db hook programming:beforePreStart ...
10-16-2025 15:47:32-debug: asset-db:worker-init (2231ms)
10-16-2025 15:47:32-debug: asset-db-hook-programming-beforePreStart (61ms)
10-16-2025 15:47:32-debug: asset-db-hook-engine-extends-beforePreStart (61ms)
10-16-2025 15:47:32-debug: Preimport db internal success
10-16-2025 15:47:32-debug: Preimport db assets success
10-16-2025 15:47:32-debug: starting packer-driver...
10-16-2025 15:47:32-debug: Run asset db hook programming:afterPreStart ...
10-16-2025 15:47:32-debug: initialize scripting environment...
10-16-2025 15:47:32-debug: [[Executor]] prepare before lock
10-16-2025 15:47:32-debug: Set detail map pack:///resolution-detail-map.json: {}
10-16-2025 15:47:32-debug: [[Executor]] prepare after unlock
10-16-2025 15:47:32-debug: Run asset db hook programming:afterPreStart success!
10-16-2025 15:47:32-debug: Start up the 'internal' database...
10-16-2025 15:47:32-debug: Run asset db hook engine-extends:afterPreStart success!
10-16-2025 15:47:32-debug: [Assets Memory track]: asset-db:worker-init: preStart start:176.01MB, end 179.86MB, increase: 3.85MB
10-16-2025 15:47:32-debug: Run asset db hook engine-extends:afterPreStart ...
10-16-2025 15:47:32-debug: asset-db-hook-programming-afterPreStart (350ms)
10-16-2025 15:47:32-debug: asset-db:worker-effect-data-processing (205ms)
10-16-2025 15:47:32-debug: asset-db-hook-engine-extends-afterPreStart (205ms)
10-16-2025 15:47:32-debug: [Assets Memory track]: asset-db:worker-startup-database[internal] start:176.09MB, end 192.00MB, increase: 15.91MB
10-16-2025 15:47:32-debug: Start up the 'assets' database...
10-16-2025 15:47:32-debug: asset-db:worker-startup-database[internal] (483ms)
10-16-2025 15:47:32-debug: [Assets Memory track]: asset-db:worker-startup-database[assets] start:178.73MB, end 192.85MB, increase: 14.12MB
10-16-2025 15:47:32-debug: lazy register asset handler text
10-16-2025 15:47:32-debug: lazy register asset handler json
10-16-2025 15:47:32-debug: lazy register asset handler spine-data
10-16-2025 15:47:32-debug: lazy register asset handler dragonbones
10-16-2025 15:47:32-debug: lazy register asset handler dragonbones-atlas
10-16-2025 15:47:32-debug: lazy register asset handler terrain
10-16-2025 15:47:32-debug: lazy register asset handler directory
10-16-2025 15:47:32-debug: lazy register asset handler typescript
10-16-2025 15:47:32-debug: lazy register asset handler scene
10-16-2025 15:47:32-debug: lazy register asset handler prefab
10-16-2025 15:47:32-debug: lazy register asset handler sprite-frame
10-16-2025 15:47:32-debug: lazy register asset handler tiled-map
10-16-2025 15:47:32-debug: lazy register asset handler buffer
10-16-2025 15:47:32-debug: lazy register asset handler image
10-16-2025 15:47:32-debug: lazy register asset handler sign-image
10-16-2025 15:47:32-debug: lazy register asset handler alpha-image
10-16-2025 15:47:32-debug: lazy register asset handler texture
10-16-2025 15:47:32-debug: lazy register asset handler texture-cube
10-16-2025 15:47:32-debug: lazy register asset handler erp-texture-cube
10-16-2025 15:47:32-debug: lazy register asset handler render-texture
10-16-2025 15:47:32-debug: lazy register asset handler texture-cube-face
10-16-2025 15:47:32-debug: lazy register asset handler rt-sprite-frame
10-16-2025 15:47:32-debug: lazy register asset handler gltf
10-16-2025 15:47:32-debug: lazy register asset handler gltf-mesh
10-16-2025 15:47:32-debug: lazy register asset handler gltf-animation
10-16-2025 15:47:32-debug: lazy register asset handler gltf-skeleton
10-16-2025 15:47:32-debug: lazy register asset handler gltf-material
10-16-2025 15:47:32-debug: lazy register asset handler gltf-scene
10-16-2025 15:47:32-debug: lazy register asset handler gltf-embeded-image
10-16-2025 15:47:32-debug: lazy register asset handler fbx
10-16-2025 15:47:32-debug: lazy register asset handler material
10-16-2025 15:47:32-debug: lazy register asset handler physics-material
10-16-2025 15:47:32-debug: lazy register asset handler effect
10-16-2025 15:47:32-debug: lazy register asset handler effect-header
10-16-2025 15:47:32-debug: lazy register asset handler audio-clip
10-16-2025 15:47:32-debug: lazy register asset handler animation-clip
10-16-2025 15:47:32-debug: lazy register asset handler animation-graph
10-16-2025 15:47:32-debug: lazy register asset handler animation-graph-variant
10-16-2025 15:47:32-debug: lazy register asset handler animation-mask
10-16-2025 15:47:32-debug: lazy register asset handler ttf-font
10-16-2025 15:47:32-debug: lazy register asset handler bitmap-font
10-16-2025 15:47:32-debug: lazy register asset handler particle
10-16-2025 15:47:32-debug: lazy register asset handler sprite-atlas
10-16-2025 15:47:32-debug: lazy register asset handler auto-atlas
10-16-2025 15:47:32-debug: lazy register asset handler label-atlas
10-16-2025 15:47:32-debug: lazy register asset handler render-pipeline
10-16-2025 15:47:32-debug: lazy register asset handler render-stage
10-16-2025 15:47:32-debug: lazy register asset handler render-flow
10-16-2025 15:47:32-debug: lazy register asset handler instantiation-material
10-16-2025 15:47:32-debug: lazy register asset handler instantiation-mesh
10-16-2025 15:47:32-debug: lazy register asset handler instantiation-skeleton
10-16-2025 15:47:32-debug: lazy register asset handler instantiation-animation
10-16-2025 15:47:32-debug: lazy register asset handler video-clip
10-16-2025 15:47:32-debug: lazy register asset handler *
10-16-2025 15:47:32-debug: [Assets Memory track]: asset-db:worker-init: startup start:179.88MB, end 192.86MB, increase: 12.99MB
10-16-2025 15:47:32-debug: lazy register asset handler javascript
10-16-2025 15:47:32-debug: asset-db:worker-startup-database[assets] (428ms)
10-16-2025 15:47:32-debug: asset-db:start-database (515ms)
10-16-2025 15:47:32-debug: asset-db:ready (4467ms)
10-16-2025 15:47:32-debug: init worker message success
10-16-2025 15:47:32-debug: programming:execute-script (4ms)
10-16-2025 15:47:33-debug: [Build Memory track]: builder:worker-init start:190.58MB, end 202.78MB, increase: 12.21MB
10-16-2025 15:47:33-debug: builder:worker-init (290ms)
10-16-2025 15:47:49-debug: refresh db internal success
10-16-2025 15:47:49-debug: Run asset db hook engine-extends:afterRefresh success!
10-16-2025 15:47:49-debug: Run asset db hook engine-extends:afterRefresh ...
10-16-2025 15:47:49-debug: asset-db:refresh-all-database (29ms)
10-16-2025 15:47:49-debug: asset-db-hook-engine-extends-afterRefresh (2ms)
10-16-2025 15:47:49-debug: refresh db assets success
10-16-2025 15:47:49-debug: asset-db:worker-effect-data-processing (1ms)
10-16-2025 15:48:35-debug: refresh db internal success
10-16-2025 15:48:35-debug: refresh db assets success
10-16-2025 15:48:35-debug: Run asset db hook engine-extends:afterRefresh success!
10-16-2025 15:48:35-debug: Run asset db hook engine-extends:afterRefresh ...
10-16-2025 15:48:35-debug: asset-db:worker-effect-data-processing (1ms)
10-16-2025 15:48:35-debug: asset-db-hook-engine-extends-afterRefresh (2ms)
10-16-2025 15:48:35-debug: asset-db:refresh-all-database (44ms)
10-16-2025 15:48:45-debug: refresh db internal success
10-16-2025 15:48:45-debug: refresh db assets success
10-16-2025 15:48:45-debug: Run asset db hook engine-extends:afterRefresh ...
10-16-2025 15:48:45-debug: Run asset db hook engine-extends:afterRefresh success!
10-16-2025 15:48:45-debug: asset-db:refresh-all-database (25ms)
10-16-2025 15:49:05-debug: Query all assets info in project
10-16-2025 15:49:05-debug: init custom config: keepNodeUuid: false, useCache: true
10-16-2025 15:49:05-debug: // ---- build task Query asset bundle ----
10-16-2025 15:49:05-debug: Query asset bundle start, progress: 0%
10-16-2025 15:49:05-debug: Query preload assets/scripts from cc.config.json: 60f7195c-ec2a-45eb-ba94-8955f60e81d0,1c02ae6f-4492-4915-b8f8-7492a3b1e4cd,810e96e4-e456-4468-9b59-f4e8f39732c0,efe8e2a3-eace-427b-b4f1-cb8a937ec77d,e9aa9a3e-5b2b-4ac7-a2c7-073de2b2b24f,8bbdbcdd-5cd4-4100-b6d5-b7c9625b6107,50f4348b-c883-4e2f-8f11-ce233b859fa1,fda095cb-831d-4601-ad94-846013963de8,f92806d7-1768-443f-afe8-12bcde84d0f0,dd3a144d-ab7f-41f0-82b8-2e43a090d496,f0416e68-0200-4b77-a926-4f9d16e494da,511d2633-09a7-4bdd-ac42-f778032124b3,5d45aa00-e064-4938-b314-4265f0c2258c,9361fd90-ba52-4f84-aa93-6e878fd576ca,970b0598-bcb0-4714-91fb-2e81440dccd8,bcd64cc6-2dd9-43f6-abbe-66318d332032,d930590d-bb92-4cc8-8bd1-23cd027f9edf,a3cd009f-0ab0-420d-9278-b9fdab939bbc,6a2d0734-bd9e-4ddf-946e-caa52498cb75,c27215d8-6835-4b68-bfbb-bdeac6100c04,b5d6115f-0370-4d7c-aad3-c194cc71cf98,d1346436-ac96-4271-b863-1f4fdead95b0,971bdb23-3ff6-43eb-b422-1c30165a3663,17debcc3-0a6b-4b8a-b00b-dc58b885581e,711ebe11-f673-4cd9-9a83-63c60ba54c5b,c0143906-9aed-447e-9436-2ae8512d1b6e,14da1725-c4c2-42b4-ab08-ee0aeb6898b3,081cab31-dccd-428e-8652-f2404cc81c47,78e0584a-4343-4727-8f37-e14e65c2a2db,ba21476f-2866-4f81-9c4d-6e359316e448,871c3b6c-7379-419d-bda3-794b239ab90d,1d08ef62-a503-4ce2-8b9a-46c90873f7d3,ff9b0199-ce04-4cfe-86cc-6c719f08d6e4,de1c2107-70c8-4021-8459-6399f24d01c6,cbf30902-517f-40dc-af90-a550bac27cf1
10-16-2025 15:49:05-debug:   Number of all scenes: 4
10-16-2025 15:49:05-debug:   Number of all scripts: 18
10-16-2025 15:49:05-debug:   Number of other assets: 400
10-16-2025 15:49:05-debug: // ---- build task Query asset bundle ---- (5ms)
10-16-2025 15:49:05-debug: run build task Query asset bundle success in 5 ms√, progress: 5%
10-16-2025 15:49:05-debug: [Build Memory track]: Query asset bundle start:168.14MB, end 168.16MB, increase: 23.08KB
10-16-2025 15:49:05-debug: Query asset bundle start, progress: 5%
10-16-2025 15:49:05-debug: // ---- build task Query asset bundle ----
10-16-2025 15:49:05-debug: // ---- build task Query asset bundle ---- (2ms)
10-16-2025 15:49:05-debug: run build task Query asset bundle success in 2 ms√, progress: 10%
10-16-2025 15:49:05-debug: [Build Memory track]: Query asset bundle start:168.19MB, end 168.29MB, increase: 105.56KB
10-16-2025 15:49:05-debug: Sort some build options to settings.json start, progress: 10%
10-16-2025 15:49:05-debug: // ---- build task Sort some build options to settings.json ----
10-16-2025 15:49:05-debug: // ---- build task Sort some build options to settings.json ---- (1ms)
10-16-2025 15:49:05-debug: run build task Sort some build options to settings.json success in 1 ms√, progress: 12%
10-16-2025 15:49:05-debug: [Build Memory track]: Sort some build options to settings.json start:168.33MB, end 168.36MB, increase: 28.79KB
10-16-2025 15:49:05-debug: // ---- build task Fill script data to settings ----
10-16-2025 15:49:05-debug: Fill script data to settings start, progress: 12%
10-16-2025 15:49:05-debug: run build task Fill script data to settings success in √, progress: 13%
10-16-2025 15:49:05-debug: [Build Memory track]: Fill script data to settings start:168.39MB, end 168.41MB, increase: 18.68KB
10-16-2025 15:49:05-debug: Sort some build options to settings.json start, progress: 13%
10-16-2025 15:49:05-debug: // ---- build task Sort some build options to settings.json ----
10-16-2025 15:49:05-debug: // ---- build task Sort some build options to settings.json ---- (3ms)
10-16-2025 15:49:05-debug: run build task Sort some build options to settings.json success in 3 ms√, progress: 15%
10-16-2025 15:49:05-debug: [Build Memory track]: Sort some build options to settings.json start:168.45MB, end 168.52MB, increase: 76.63KB
10-16-2025 15:49:09-debug: refresh db internal success
10-16-2025 15:49:09-debug: refresh db assets success
10-16-2025 15:49:09-debug: Run asset db hook engine-extends:afterRefresh ...
10-16-2025 15:49:09-debug: Run asset db hook engine-extends:afterRefresh success!
10-16-2025 15:49:09-debug: asset-db:refresh-all-database (23ms)
10-16-2025 15:49:09-debug: asset-db-hook-engine-extends-afterRefresh (1ms)
10-16-2025 15:49:09-debug: asset-db:worker-effect-data-processing (1ms)
10-16-2025 15:49:10-debug: %cImport%c: /Users/fldsmdfr/Documents/GitHub/Blue_Games/Venados/_Editables/Bateando-cocos-editable/assets/scenes/0-splash.scenebackground: #aaff85; color: #000;color: #000;
10-16-2025 15:49:10-debug: asset-db:reimport-asset0403c61a-f2c9-450f-83a8-379fe5a69703 (5ms)
10-16-2025 15:49:21-debug: Start record console... {file(/Users/fldsmdfr/Documents/GitHub/Blue_Games/Venados/_Editables/Bateando-cocos-editable/temp/builder/log/web-mobile10-15-2025 09-52.log)}
10-16-2025 15:49:21-debug: =================================== build Task (web-mobile-001) Start ================================
10-16-2025 15:49:21-debug: Build with Cocos Creator 3.8.5
10-16-2025 15:49:21-debug: Start build task, options:{"name":"Bateando","server":"","platform":"web-mobile","buildPath":"project://build","debug":false,"buildMode":"normal","mangleProperties":false,"md5Cache":false,"skipCompressTexture":false,"sourceMaps":false,"overwriteProjectSettings":{"includeModules":{"gfx-webgl2":"on","physics":"inherit-project-setting","physics-2d":"inherit-project-setting"},"macroConfig":{"cleanupImageCache":"on"}},"nativeCodeBundleMode":"both","polyfills":{"asyncFunctions":true},"experimentalEraseModules":false,"startSceneAssetBundle":false,"bundleConfigs":[],"inlineEnum":true,"useBuiltinServer":false,"md5CacheOptions":{"excludes":[],"includes":[],"replaceOnly":[],"handleTemplateMd5Link":true},"mainBundleIsRemote":false,"mainBundleCompressionType":"merge_dep","useSplashScreen":true,"bundleCommonChunk":false,"packAutoAtlas":true,"startScene":"0403c61a-f2c9-450f-83a8-379fe5a69703","outputName":"web-mobile-001","taskName":"web-mobile-001","scenes":[{"url":"db://assets/scenes/0-splash.scene","uuid":"0403c61a-f2c9-450f-83a8-379fe5a69703"},{"url":"db://assets/scenes/10-instructions.scene","uuid":"3d7a6860-e583-4c13-bef8-1e64be010179"},{"url":"db://assets/scenes/20-game.scene","uuid":"8223d7a3-8853-48b8-9e5b-5104828b0744"},{"url":"db://assets/scenes/30-gameover.scene","uuid":"b6d3fabe-bab9-4a0a-8dd2-1875e94c786a"}],"wasmCompressionMode":false,"packages":{"adsense-h5g-plugin":{"enableAdsense":false,"enableTestAd":false,"__version__":"1.0.1","AFPHostPropertyCode":"ca-host-pub-5396158963872751","AFPHostDomain":"douyougame.com","otherAFPHostPropertyCode":"","otherAFPDomain":""},"web-mobile":{"useWebGPU":false,"orientation":"auto","embedWebDebugger":false,"__version__":"1.0.1"},"cocos-service":{"configID":"0b9ead","services":[],"__version__":"3.0.8"}},"__version__":"1.3.9","logDest":"project://temp/builder/log/web-mobile10-15-2025 09-52.log"}
10-16-2025 15:49:21-debug: cocos-service:(onBeforeBuild) start..., progress: 0%
10-16-2025 15:49:21-debug: // ---- build task cocos-service：onBeforeBuild ----
10-16-2025 15:49:21-debug: // ---- build task cocos-service：onBeforeBuild ---- (799ms)
10-16-2025 15:49:21-debug: cocos-service:(onBeforeBuild) in 799 ms ✓, progress: 2%
10-16-2025 15:49:21-debug: scene:(onBeforeBuild) start..., progress: 2%
10-16-2025 15:49:21-debug: // ---- build task scene：onBeforeBuild ----
10-16-2025 15:49:21-debug: // ---- build task scene：onBeforeBuild ---- (18ms)
10-16-2025 15:49:21-debug: Query all assets info in project
10-16-2025 15:49:21-debug: scene:(onBeforeBuild) in 18 ms ✓, progress: 4%
10-16-2025 15:49:21-log: Asset DB is paused with build!
10-16-2025 15:49:21-debug: Start lock asset db..., progress: 4%
10-16-2025 15:49:21-debug: init custom config: keepNodeUuid: false, useCache: true
10-16-2025 15:49:21-debug: web-mobile:(onAfterInit) start..., progress: 4%
10-16-2025 15:49:21-debug: // ---- build task web-mobile：onAfterInit ----
10-16-2025 15:49:21-debug: // ---- build task web-mobile：onAfterInit ---- (4ms)
10-16-2025 15:49:21-debug: web-mobile:(onAfterInit) in 4 ms ✓, progress: 5%
10-16-2025 15:49:21-debug: cocos-service:(onAfterInit) start..., progress: 5%
10-16-2025 15:49:21-debug: // ---- build task cocos-service：onAfterInit ----
10-16-2025 15:49:22-debug: // ---- build task cocos-service：onAfterInit ---- (313ms)
10-16-2025 15:49:22-debug: cocos-service:(onAfterInit) in 313 ms ✓, progress: 7%
10-16-2025 15:49:22-debug: adsense-h5g-plugin:(onBeforeBundleInit) start..., progress: 7%
10-16-2025 15:49:22-debug: // ---- build task adsense-h5g-plugin：onBeforeBundleInit ----
10-16-2025 15:49:22-debug: [adsense-h5g-plugin] remove script success
10-16-2025 15:49:22-debug: // ---- build task adsense-h5g-plugin：onBeforeBundleInit ---- (12ms)
10-16-2025 15:49:22-debug: adsense-h5g-plugin:(onBeforeBundleInit) in 12 ms ✓, progress: 7%
10-16-2025 15:49:22-debug: Init all bundles start..., progress: 7%
10-16-2025 15:49:22-debug: web-mobile:(onAfterBundleInit) start..., progress: 7%
10-16-2025 15:49:22-debug: // ---- build task web-mobile：onAfterBundleInit ----
10-16-2025 15:49:22-debug: Num of bundles: 2..., progress: 7%
10-16-2025 15:49:22-debug: // ---- build task web-mobile：onAfterBundleInit ---- (11ms)
10-16-2025 15:49:22-debug: web-mobile:(onAfterBundleInit) in 11 ms ✓, progress: 7%
10-16-2025 15:49:22-debug: Query asset bundle start, progress: 7%
10-16-2025 15:49:22-debug: // ---- build task Query asset bundle ----
10-16-2025 15:49:22-debug: Init bundle root assets start..., progress: 7%
10-16-2025 15:49:22-debug: Query preload assets/scripts from cc.config.json: 60f7195c-ec2a-45eb-ba94-8955f60e81d0,1c02ae6f-4492-4915-b8f8-7492a3b1e4cd,810e96e4-e456-4468-9b59-f4e8f39732c0,efe8e2a3-eace-427b-b4f1-cb8a937ec77d,e9aa9a3e-5b2b-4ac7-a2c7-073de2b2b24f,8bbdbcdd-5cd4-4100-b6d5-b7c9625b6107,50f4348b-c883-4e2f-8f11-ce233b859fa1,fda095cb-831d-4601-ad94-846013963de8,f92806d7-1768-443f-afe8-12bcde84d0f0,dd3a144d-ab7f-41f0-82b8-2e43a090d496,f0416e68-0200-4b77-a926-4f9d16e494da,511d2633-09a7-4bdd-ac42-f778032124b3,5d45aa00-e064-4938-b314-4265f0c2258c,9361fd90-ba52-4f84-aa93-6e878fd576ca,970b0598-bcb0-4714-91fb-2e81440dccd8,bcd64cc6-2dd9-43f6-abbe-66318d332032,d930590d-bb92-4cc8-8bd1-23cd027f9edf,a3cd009f-0ab0-420d-9278-b9fdab939bbc,6a2d0734-bd9e-4ddf-946e-caa52498cb75,c27215d8-6835-4b68-bfbb-bdeac6100c04,b5d6115f-0370-4d7c-aad3-c194cc71cf98,d1346436-ac96-4271-b863-1f4fdead95b0,971bdb23-3ff6-43eb-b422-1c30165a3663,17debcc3-0a6b-4b8a-b00b-dc58b885581e,711ebe11-f673-4cd9-9a83-63c60ba54c5b,c0143906-9aed-447e-9436-2ae8512d1b6e,14da1725-c4c2-42b4-ab08-ee0aeb6898b3,081cab31-dccd-428e-8652-f2404cc81c47,78e0584a-4343-4727-8f37-e14e65c2a2db,ba21476f-2866-4f81-9c4d-6e359316e448,871c3b6c-7379-419d-bda3-794b239ab90d,1d08ef62-a503-4ce2-8b9a-46c90873f7d3,ff9b0199-ce04-4cfe-86cc-6c719f08d6e4,de1c2107-70c8-4021-8459-6399f24d01c6,cbf30902-517f-40dc-af90-a550bac27cf1
10-16-2025 15:49:22-debug:   Number of all scenes: 4
10-16-2025 15:49:22-debug: reload all scripts.
10-16-2025 15:49:22-log: creating executor ...
10-16-2025 15:49:22-debug: Init bundle root assets success..., progress: 7%
10-16-2025 15:49:22-debug:   Number of other assets: 400
10-16-2025 15:49:22-debug:   Number of all scripts: 18
10-16-2025 15:49:22-debug: [[Executor]] reload before lock
10-16-2025 15:49:22-debug: Set detail map pack:///resolution-detail-map.json: {}
10-16-2025 15:49:22-debug: /Users/fldsmdfr/Documents/GitHub/Blue_Games/Venados/_Editables/Bateando-cocos-editable/temp/programming/packer-driver/targets/editor/chunks/93/93ba276ea7b26ffcdc433fab14afc1ed6f05647b.js resolved to /Users/fldsmdfr/Documents/GitHub/Blue_Games/Venados/_Editables/Bateando-cocos-editable/temp/programming/packer-driver/targets/editor/chunks/93/93ba276ea7b26ffcdc433fab14afc1ed6f05647b.js is not in module cache!
10-16-2025 15:49:22-debug: [[Executor]] Module "cce:/internal/x/cc-fu/gfx-webgl2" loaded.
10-16-2025 15:49:22-debug: [[Executor]] Module "cce:/internal/x/cc-fu/gfx-empty" loaded.
10-16-2025 15:49:22-debug: [[Executor]] Module "cce:/internal/x/cc-fu/3d" loaded.
10-16-2025 15:49:22-debug: [[Executor]] Module "cce:/internal/x/cc-fu/animation" loaded.
10-16-2025 15:49:22-debug: [[Executor]] Module "cce:/internal/x/cc-fu/skeletal-animation" loaded.
10-16-2025 15:49:22-debug: [[Executor]] Module "cce:/internal/x/cc-fu/2d" loaded.
10-16-2025 15:49:22-debug: [[Executor]] Module "cce:/internal/x/cc-fu/sorting" loaded.
10-16-2025 15:49:22-debug: [[Executor]] Module "cce:/internal/x/cc-fu/ui" loaded.
10-16-2025 15:49:22-debug: [[Executor]] Module "cce:/internal/x/cc-fu/particle" loaded.
10-16-2025 15:49:22-debug: [[Executor]] Module "cce:/internal/x/cc-fu/particle-2d" loaded.
10-16-2025 15:49:22-debug: [[Executor]] Module "cce:/internal/x/cc-fu/physics-framework" loaded.
10-16-2025 15:49:22-debug: [[Executor]] Module "cce:/internal/x/cc-fu/physics-2d-framework" loaded.
10-16-2025 15:49:22-debug: [[Executor]] Module "cce:/internal/x/cc-fu/physics-2d-box2d-wasm" loaded.
10-16-2025 15:49:22-debug: [[Executor]] Module "cce:/internal/x/cc-fu/intersection-2d" loaded.
10-16-2025 15:49:22-debug: [[Executor]] Module "cce:/internal/x/cc-fu/primitive" loaded.
10-16-2025 15:49:22-debug: [[Executor]] Module "cce:/internal/x/cc-fu/profiler" loaded.
10-16-2025 15:49:22-debug: [[Executor]] Module "cce:/internal/x/cc-fu/geometry-renderer" loaded.
10-16-2025 15:49:22-debug: [[Executor]] Module "cce:/internal/x/cc-fu/gfx-webgl" loaded.
10-16-2025 15:49:22-debug: [[Executor]] Module "cce:/internal/x/cc-fu/audio" loaded.
10-16-2025 15:49:22-debug: [[Executor]] Module "cce:/internal/x/cc-fu/gfx-webgpu" loaded.
10-16-2025 15:49:22-debug: [[Executor]] Module "cce:/internal/x/cc-fu/light-probe" loaded.
10-16-2025 15:49:22-debug: [[Executor]] Module "cce:/internal/x/cc-fu/webview" loaded.
10-16-2025 15:49:22-debug: [[Executor]] Module "cce:/internal/x/cc-fu/tween" loaded.
10-16-2025 15:49:22-debug: [[Executor]] Module "cce:/internal/x/cc-fu/terrain" loaded.
10-16-2025 15:49:22-debug: [[Executor]] Module "cce:/internal/x/cc-fu/xr" loaded.
10-16-2025 15:49:22-debug: [[Executor]] Module "cce:/internal/x/cc-fu/vendor-google" loaded.
10-16-2025 15:49:22-debug: [[Executor]] Module "cce:/internal/x/cc-fu/video" loaded.
10-16-2025 15:49:22-debug: [[Executor]] Module "cce:/internal/x/cc-fu/dragon-bones" loaded.
10-16-2025 15:49:22-debug: [[Executor]] Module "cce:/internal/x/cc-fu/custom-pipeline" loaded.
10-16-2025 15:49:22-debug: [[Executor]] Module "cce:/internal/x/cc-fu/spine" loaded.
10-16-2025 15:49:22-debug: [[Executor]] Module "cce:/internal/x/cc-fu/legacy-pipeline" loaded.
10-16-2025 15:49:22-debug: [[Executor]] Module "cce:/internal/x/cc-fu/tiled-map" loaded.
10-16-2025 15:49:22-debug: [[Executor]] Module "cce:/internal/x/cc-fu/gfx-webgl" loaded.
10-16-2025 15:49:22-debug: [[Executor]] Module "cce:/internal/x/cc-fu/gfx-webgl2" loaded.
10-16-2025 15:49:22-debug: [[Executor]] Module "cce:/internal/x/cc-fu/gfx-empty" loaded.
10-16-2025 15:49:22-debug: [[Executor]] Module "cce:/internal/x/cc-fu/gfx-webgpu" loaded.
10-16-2025 15:49:22-debug: [[Executor]] Module "cce:/internal/x/cc-fu/3d" loaded.
10-16-2025 15:49:22-debug: [[Executor]] Module "cce:/internal/x/cc-fu/base" loaded.
10-16-2025 15:49:22-debug: [[Executor]] Module "cce:/internal/x/cc-fu/base" loaded.
10-16-2025 15:49:22-debug: [[Executor]] Module "cce:/internal/x/cc-fu/2d" loaded.
10-16-2025 15:49:22-debug: [[Executor]] Module "cce:/internal/x/cc-fu/animation" loaded.
10-16-2025 15:49:22-debug: [[Executor]] Module "cce:/internal/x/cc-fu/ui" loaded.
10-16-2025 15:49:22-debug: [[Executor]] Module "cce:/internal/x/cc-fu/particle" loaded.
10-16-2025 15:49:22-debug: [[Executor]] Module "cce:/internal/x/cc-fu/particle-2d" loaded.
10-16-2025 15:49:22-debug: [[Executor]] Module "cce:/internal/x/cc-fu/physics-framework" loaded.
10-16-2025 15:49:22-debug: [[Executor]] Module "cce:/internal/x/cc-fu/skeletal-animation" loaded.
10-16-2025 15:49:22-debug: [[Executor]] Module "cce:/internal/x/cc-fu/physics-2d-box2d-wasm" loaded.
10-16-2025 15:49:22-debug: [[Executor]] Module "cce:/internal/x/cc-fu/intersection-2d" loaded.
10-16-2025 15:49:22-debug: [[Executor]] Module "cce:/internal/x/cc-fu/primitive" loaded.
10-16-2025 15:49:22-debug: [[Executor]] Module "cce:/internal/x/cc-fu/sorting" loaded.
10-16-2025 15:49:22-debug: [[Executor]] Module "cce:/internal/x/cc-fu/geometry-renderer" loaded.
10-16-2025 15:49:22-debug: [[Executor]] Module "cce:/internal/x/cc-fu/physics-2d-framework" loaded.
10-16-2025 15:49:22-debug: [[Executor]] Module "cce:/internal/x/cc-fu/profiler" loaded.
10-16-2025 15:49:22-debug: [[Executor]] Module "cce:/internal/x/cc-fu/audio" loaded.
10-16-2025 15:49:22-debug: [[Executor]] Module "cce:/internal/x/cc-fu/video" loaded.
10-16-2025 15:49:22-debug: [[Executor]] Module "cce:/internal/x/cc-fu/terrain" loaded.
10-16-2025 15:49:22-debug: [[Executor]] Module "cce:/internal/x/cc-fu/custom-pipeline-post-process" loaded.
10-16-2025 15:49:22-debug: [[Executor]] Module "cce:/internal/x/cc-fu/tween" loaded.
10-16-2025 15:49:22-debug: [[Executor]] Module "cce:/internal/x/cc-fu/tiled-map" loaded.
10-16-2025 15:49:22-debug: [[Executor]] Module "cce:/internal/x/cc-fu/vendor-google" loaded.
10-16-2025 15:49:22-debug: [[Executor]] Module "cce:/internal/x/cc-fu/spine" loaded.
10-16-2025 15:49:22-debug: [[Executor]] Module "cce:/internal/x/cc-fu/dragon-bones" loaded.
10-16-2025 15:49:22-debug: [[Executor]] Module "cce:/internal/x/cc-fu/custom-pipeline" loaded.
10-16-2025 15:49:22-debug: [[Executor]] Module "cce:/internal/x/cc-fu/custom-pipeline-post-process" loaded.
10-16-2025 15:49:22-debug: [[Executor]] Module "cce:/internal/x/cc-fu/legacy-pipeline" loaded.
10-16-2025 15:49:22-debug: [[Executor]] Module "cce:/internal/x/cc-fu/light-probe" loaded.
10-16-2025 15:49:22-debug: Invalidating 'pack:///chunks/93/93ba276ea7b26ffcdc433fab14afc1ed6f05647b.js'
10-16-2025 15:49:22-debug: [[Executor]] Module "pack:///chunks/93/93ba276ea7b26ffcdc433fab14afc1ed6f05647b.js" loaded.
10-16-2025 15:49:22-debug: [[Executor]] Module "cce:/internal/x/cc-fu/webview" loaded.
10-16-2025 15:49:22-debug: [[Executor]] Module "pack:///chunks/93/93ba276ea7b26ffcdc433fab14afc1ed6f05647b.js" loaded.
10-16-2025 15:49:22-debug: [[Executor]] Module "cce:/internal/x/cc-fu/xr" loaded.
10-16-2025 15:49:22-debug: /Users/fldsmdfr/Documents/GitHub/Blue_Games/Venados/_Editables/Bateando-cocos-editable/temp/programming/packer-driver/targets/editor/chunks/6d/6d8fd2b0177941b032ddc0733af48a561fb60657.js resolved to /Users/fldsmdfr/Documents/GitHub/Blue_Games/Venados/_Editables/Bateando-cocos-editable/temp/programming/packer-driver/targets/editor/chunks/6d/6d8fd2b0177941b032ddc0733af48a561fb60657.js is not in module cache!
10-16-2025 15:49:22-debug: [[Executor]] Module "pack:///chunks/6d/6d8fd2b0177941b032ddc0733af48a561fb60657.js" loaded.
10-16-2025 15:49:22-debug: /Users/fldsmdfr/Documents/GitHub/Blue_Games/Venados/_Editables/Bateando-cocos-editable/temp/programming/packer-driver/targets/editor/chunks/39/39926cf5e0e4969f7479897f8590f00a613b4b9b.js resolved to /Users/fldsmdfr/Documents/GitHub/Blue_Games/Venados/_Editables/Bateando-cocos-editable/temp/programming/packer-driver/targets/editor/chunks/39/39926cf5e0e4969f7479897f8590f00a613b4b9b.js is not in module cache!
10-16-2025 15:49:22-debug: /Users/fldsmdfr/Documents/GitHub/Blue_Games/Venados/_Editables/Bateando-cocos-editable/temp/programming/packer-driver/targets/editor/chunks/6a/6a5019a719a9014c047e67aa1cf34453ab8392ce.js resolved to /Users/fldsmdfr/Documents/GitHub/Blue_Games/Venados/_Editables/Bateando-cocos-editable/temp/programming/packer-driver/targets/editor/chunks/6a/6a5019a719a9014c047e67aa1cf34453ab8392ce.js is not in module cache!
10-16-2025 15:49:22-debug: /Users/fldsmdfr/Documents/GitHub/Blue_Games/Venados/_Editables/Bateando-cocos-editable/temp/programming/packer-driver/targets/editor/chunks/15/1595b67b17e43e1b429bd847b765b5253bd254ea.js resolved to /Users/fldsmdfr/Documents/GitHub/Blue_Games/Venados/_Editables/Bateando-cocos-editable/temp/programming/packer-driver/targets/editor/chunks/15/1595b67b17e43e1b429bd847b765b5253bd254ea.js is not in module cache!
10-16-2025 15:49:22-debug: /Users/fldsmdfr/Documents/GitHub/Blue_Games/Venados/_Editables/Bateando-cocos-editable/temp/programming/packer-driver/targets/editor/chunks/a8/a84255202056a94c36103325568f86b699baf59c.js resolved to /Users/fldsmdfr/Documents/GitHub/Blue_Games/Venados/_Editables/Bateando-cocos-editable/temp/programming/packer-driver/targets/editor/chunks/a8/a84255202056a94c36103325568f86b699baf59c.js is not in module cache!
10-16-2025 15:49:22-debug: /Users/fldsmdfr/Documents/GitHub/Blue_Games/Venados/_Editables/Bateando-cocos-editable/temp/programming/packer-driver/targets/editor/chunks/97/977af1171136a24400239ed262f40b7207483423.js resolved to /Users/fldsmdfr/Documents/GitHub/Blue_Games/Venados/_Editables/Bateando-cocos-editable/temp/programming/packer-driver/targets/editor/chunks/97/977af1171136a24400239ed262f40b7207483423.js is not in module cache!
10-16-2025 15:49:22-debug: /Users/fldsmdfr/Documents/GitHub/Blue_Games/Venados/_Editables/Bateando-cocos-editable/temp/programming/packer-driver/targets/editor/chunks/ad/ad4471749ee2670f87f75e8dfc6d6eadc58f7496.js resolved to /Users/fldsmdfr/Documents/GitHub/Blue_Games/Venados/_Editables/Bateando-cocos-editable/temp/programming/packer-driver/targets/editor/chunks/ad/ad4471749ee2670f87f75e8dfc6d6eadc58f7496.js is not in module cache!
10-16-2025 15:49:22-debug: [[Executor]] Module "cce:/internal/x/engine-export-to-editor/cc/editor/populate-internal-constants" loaded.
10-16-2025 15:49:22-debug: [[Executor]] Register BuiltinPipelineSettings
10-16-2025 15:49:22-debug: [[Executor]] Module "pack:///chunks/a8/a84255202056a94c36103325568f86b699baf59c.js" loaded.
10-16-2025 15:49:22-debug: [[Executor]] Module "pack:///chunks/97/977af1171136a24400239ed262f40b7207483423.js" loaded.
10-16-2025 15:49:22-debug: [[Executor]] Register BuiltinPipelinePassBuilder
10-16-2025 15:49:22-debug: [[Executor]] Module "pack:///chunks/15/1595b67b17e43e1b429bd847b765b5253bd254ea.js" loaded.
10-16-2025 15:49:22-debug: [[Executor]] Module "pack:///chunks/6a/6a5019a719a9014c047e67aa1cf34453ab8392ce.js" loaded.
10-16-2025 15:49:22-debug: [[Executor]] Module "pack:///chunks/39/39926cf5e0e4969f7479897f8590f00a613b4b9b.js" loaded.
10-16-2025 15:49:22-debug: [[Executor]] Module "pack:///chunks/ad/ad4471749ee2670f87f75e8dfc6d6eadc58f7496.js" loaded.
10-16-2025 15:49:22-debug: [[Executor]] Register BuiltinDepthOfFieldPass
10-16-2025 15:49:22-debug: [[Executor]] Module "cce:/internal/x/engine-export-to-editor/cc/editor/populate-internal-constants" loaded.
10-16-2025 15:49:22-debug: /Users/fldsmdfr/Documents/GitHub/Blue_Games/Venados/_Editables/Bateando-cocos-editable/temp/programming/packer-driver/targets/editor/chunks/3f/3f836b73eb0384e41dadfab72b683f449670040c.js resolved to /Users/fldsmdfr/Documents/GitHub/Blue_Games/Venados/_Editables/Bateando-cocos-editable/temp/programming/packer-driver/targets/editor/chunks/3f/3f836b73eb0384e41dadfab72b683f449670040c.js is not in module cache!
10-16-2025 15:49:22-debug: [[Executor]] Register DebugViewRuntimeControl
10-16-2025 15:49:22-debug: [[Executor]] Module "pack:///chunks/3f/3f836b73eb0384e41dadfab72b683f449670040c.js" loaded.
10-16-2025 15:49:22-debug: /Users/fldsmdfr/Documents/GitHub/Blue_Games/Venados/_Editables/Bateando-cocos-editable/temp/programming/packer-driver/targets/editor/chunks/a5/a5b90f76f98593598478e5907ca23c06b4123016.js resolved to /Users/fldsmdfr/Documents/GitHub/Blue_Games/Venados/_Editables/Bateando-cocos-editable/temp/programming/packer-driver/targets/editor/chunks/a5/a5b90f76f98593598478e5907ca23c06b4123016.js is not in module cache!
10-16-2025 15:49:22-debug: [[Executor]] Module "pack:///chunks/a5/a5b90f76f98593598478e5907ca23c06b4123016.js" loaded.
10-16-2025 15:49:22-debug: [[Executor]] Register BallController
10-16-2025 15:49:22-debug: /Users/fldsmdfr/Documents/GitHub/Blue_Games/Venados/_Editables/Bateando-cocos-editable/temp/programming/packer-driver/targets/editor/chunks/39/39c39cd869cdbe365ffefc38e7cc5ccc826f9108.js resolved to /Users/fldsmdfr/Documents/GitHub/Blue_Games/Venados/_Editables/Bateando-cocos-editable/temp/programming/packer-driver/targets/editor/chunks/39/39c39cd869cdbe365ffefc38e7cc5ccc826f9108.js is not in module cache!
10-16-2025 15:49:22-debug: [[Executor]] Module "pack:///chunks/39/39c39cd869cdbe365ffefc38e7cc5ccc826f9108.js" loaded.
10-16-2025 15:49:22-debug: [[Executor]] Register BallSpawner
10-16-2025 15:49:22-debug: /Users/fldsmdfr/Documents/GitHub/Blue_Games/Venados/_Editables/Bateando-cocos-editable/temp/programming/packer-driver/targets/editor/chunks/b1/b1593525aabe7ac03a49e99878eb1b39bf1bffe6.js resolved to /Users/fldsmdfr/Documents/GitHub/Blue_Games/Venados/_Editables/Bateando-cocos-editable/temp/programming/packer-driver/targets/editor/chunks/b1/b1593525aabe7ac03a49e99878eb1b39bf1bffe6.js is not in module cache!
10-16-2025 15:49:22-debug: /Users/fldsmdfr/Documents/GitHub/Blue_Games/Venados/_Editables/Bateando-cocos-editable/temp/programming/packer-driver/targets/editor/chunks/c1/c1f7fe414b5e1052903c3467737800e52b801b03.js resolved to /Users/fldsmdfr/Documents/GitHub/Blue_Games/Venados/_Editables/Bateando-cocos-editable/temp/programming/packer-driver/targets/editor/chunks/c1/c1f7fe414b5e1052903c3467737800e52b801b03.js is not in module cache!
10-16-2025 15:49:22-debug: [[Executor]] Register BateosCtrl
10-16-2025 15:49:22-debug: [[Executor]] Register SceneRouter
10-16-2025 15:49:22-debug: [[Executor]] Module "pack:///chunks/b1/b1593525aabe7ac03a49e99878eb1b39bf1bffe6.js" loaded.
10-16-2025 15:49:22-debug: [[Executor]] Module "pack:///chunks/c1/c1f7fe414b5e1052903c3467737800e52b801b03.js" loaded.
10-16-2025 15:49:22-debug: /Users/fldsmdfr/Documents/GitHub/Blue_Games/Venados/_Editables/Bateando-cocos-editable/temp/programming/packer-driver/targets/editor/chunks/08/086bf7a62f19f298540f3e272f327267d07fc7f0.js resolved to /Users/fldsmdfr/Documents/GitHub/Blue_Games/Venados/_Editables/Bateando-cocos-editable/temp/programming/packer-driver/targets/editor/chunks/08/086bf7a62f19f298540f3e272f327267d07fc7f0.js is not in module cache!
10-16-2025 15:49:22-debug: [[Executor]] Module "pack:///chunks/08/086bf7a62f19f298540f3e272f327267d07fc7f0.js" loaded.
10-16-2025 15:49:22-debug: [[Executor]] Register BatterAI
10-16-2025 15:49:22-debug: /Users/fldsmdfr/Documents/GitHub/Blue_Games/Venados/_Editables/Bateando-cocos-editable/temp/programming/packer-driver/targets/editor/chunks/0d/0da17c7444a5d9f5fcc8e9519b727778034af2d5.js resolved to /Users/fldsmdfr/Documents/GitHub/Blue_Games/Venados/_Editables/Bateando-cocos-editable/temp/programming/packer-driver/targets/editor/chunks/0d/0da17c7444a5d9f5fcc8e9519b727778034af2d5.js is not in module cache!
10-16-2025 15:49:22-debug: [[Executor]] Module "pack:///chunks/0d/0da17c7444a5d9f5fcc8e9519b727778034af2d5.js" loaded.
10-16-2025 15:49:22-debug: [[Executor]] Register FinalScoreCtrl
10-16-2025 15:49:22-debug: /Users/fldsmdfr/Documents/GitHub/Blue_Games/Venados/_Editables/Bateando-cocos-editable/temp/programming/packer-driver/targets/editor/chunks/d8/d82ccf000c18590ff2e6b17517fdf06837c634f4.js resolved to /Users/fldsmdfr/Documents/GitHub/Blue_Games/Venados/_Editables/Bateando-cocos-editable/temp/programming/packer-driver/targets/editor/chunks/d8/d82ccf000c18590ff2e6b17517fdf06837c634f4.js is not in module cache!
10-16-2025 15:49:22-debug: [[Executor]] Register GameManager
10-16-2025 15:49:22-debug: [[Executor]] Module "pack:///chunks/d8/d82ccf000c18590ff2e6b17517fdf06837c634f4.js" loaded.
10-16-2025 15:49:22-debug: /Users/fldsmdfr/Documents/GitHub/Blue_Games/Venados/_Editables/Bateando-cocos-editable/temp/programming/packer-driver/targets/editor/chunks/c2/c25dc7b90e3dc115fd403262c318fbaa980803da.js resolved to /Users/fldsmdfr/Documents/GitHub/Blue_Games/Venados/_Editables/Bateando-cocos-editable/temp/programming/packer-driver/targets/editor/chunks/c2/c25dc7b90e3dc115fd403262c318fbaa980803da.js is not in module cache!
10-16-2025 15:49:22-debug: [[Executor]] Register InstructionsCtrl
10-16-2025 15:49:22-debug: [[Executor]] Module "pack:///chunks/c2/c25dc7b90e3dc115fd403262c318fbaa980803da.js" loaded.
10-16-2025 15:49:22-debug: /Users/fldsmdfr/Documents/GitHub/Blue_Games/Venados/_Editables/Bateando-cocos-editable/temp/programming/packer-driver/targets/editor/chunks/7d/7dc62ed63d7f077e93d11bcde488b287b9801d10.js resolved to /Users/fldsmdfr/Documents/GitHub/Blue_Games/Venados/_Editables/Bateando-cocos-editable/temp/programming/packer-driver/targets/editor/chunks/7d/7dc62ed63d7f077e93d11bcde488b287b9801d10.js is not in module cache!
10-16-2025 15:49:22-debug: [[Executor]] Register MiniLabelCtrl
10-16-2025 15:49:22-debug: [[Executor]] Module "pack:///chunks/7d/7dc62ed63d7f077e93d11bcde488b287b9801d10.js" loaded.
10-16-2025 15:49:22-debug: /Users/fldsmdfr/Documents/GitHub/Blue_Games/Venados/_Editables/Bateando-cocos-editable/temp/programming/packer-driver/targets/editor/chunks/2a/2aa7c067305ed8f30edbb29649d8369a605bfa38.js resolved to /Users/fldsmdfr/Documents/GitHub/Blue_Games/Venados/_Editables/Bateando-cocos-editable/temp/programming/packer-driver/targets/editor/chunks/2a/2aa7c067305ed8f30edbb29649d8369a605bfa38.js is not in module cache!
10-16-2025 15:49:22-debug: [[Executor]] Module "pack:///chunks/2a/2aa7c067305ed8f30edbb29649d8369a605bfa38.js" loaded.
10-16-2025 15:49:22-debug: [[Executor]] Register PlayerAnimationCtrl
10-16-2025 15:49:22-debug: /Users/fldsmdfr/Documents/GitHub/Blue_Games/Venados/_Editables/Bateando-cocos-editable/temp/programming/packer-driver/targets/editor/chunks/12/12ae386be10ba52f6aa92e0147ddc822c2c0d826.js resolved to /Users/fldsmdfr/Documents/GitHub/Blue_Games/Venados/_Editables/Bateando-cocos-editable/temp/programming/packer-driver/targets/editor/chunks/12/12ae386be10ba52f6aa92e0147ddc822c2c0d826.js is not in module cache!
10-16-2025 15:49:22-debug: [[Executor]] Register ScoreCtrl
10-16-2025 15:49:22-debug: [[Executor]] Module "pack:///chunks/12/12ae386be10ba52f6aa92e0147ddc822c2c0d826.js" loaded.
10-16-2025 15:49:22-debug: /Users/fldsmdfr/Documents/GitHub/Blue_Games/Venados/_Editables/Bateando-cocos-editable/temp/programming/packer-driver/targets/editor/chunks/f7/f7108e4bb16a3883e4b8ba236b37e5e643902bee.js resolved to /Users/fldsmdfr/Documents/GitHub/Blue_Games/Venados/_Editables/Bateando-cocos-editable/temp/programming/packer-driver/targets/editor/chunks/f7/f7108e4bb16a3883e4b8ba236b37e5e643902bee.js is not in module cache!
10-16-2025 15:49:22-debug: [[Executor]] Module "pack:///chunks/6d/6d8fd2b0177941b032ddc0733af48a561fb60657.js" loaded.
10-16-2025 15:49:22-debug: [[Executor]] Module "pack:///chunks/f7/f7108e4bb16a3883e4b8ba236b37e5e643902bee.js" loaded.
10-16-2025 15:49:22-debug: [[Executor]] Register SplashCtrl
10-16-2025 15:49:22-debug: [[Executor]] after unlock
10-16-2025 15:49:22-debug: Init bundle share assets start..., progress: 7%
10-16-2025 15:49:22-debug: Incremental keys: regeneratorRuntime
10-16-2025 15:49:22-debug: Init bundle share assets success..., progress: 7%
10-16-2025 15:49:22-debug: handle json group in bundle internal
10-16-2025 15:49:22-debug: init image compress task 0 in bundle internal
10-16-2025 15:49:22-debug: handle json group in bundle internal success
10-16-2025 15:49:22-debug: handle json group in bundle main success
10-16-2025 15:49:22-debug: init image compress task 0 in bundle main
10-16-2025 15:49:22-debug: handle json group in bundle main
10-16-2025 15:49:22-debug: // ---- build task Query asset bundle ---- (73ms)
10-16-2025 15:49:22-debug: [Build Memory track]: Query asset bundle start:170.19MB, end 172.44MB, increase: 2.25MB
10-16-2025 15:49:22-debug: Query asset bundle start, progress: 12%
10-16-2025 15:49:22-debug: run build task Query asset bundle success in 73 ms√, progress: 12%
10-16-2025 15:49:22-debug: // ---- build task Query asset bundle ----
10-16-2025 15:49:22-debug: // ---- build task Query asset bundle ---- (7ms)
10-16-2025 15:49:22-debug: run build task Query asset bundle success in 7 ms√, progress: 17%
10-16-2025 15:49:22-debug: [Build Memory track]: Query asset bundle start:172.47MB, end 172.62MB, increase: 146.06KB
10-16-2025 15:49:22-log: Run build task(build-script) in child, see: chrome://inspect/#devices
10-16-2025 15:49:22-debug: // ---- build task Build script ----
10-16-2025 15:49:22-debug: Build script start, progress: 17%
10-16-2025 15:49:22-log: [build-script]enter sub process 48905, /Applications/Cocos/Creator/3.8.5/CocosCreator.app/Contents/Frameworks/CocosCreator Helper (Renderer).app/Contents/MacOS/CocosCreator Helper (Renderer),/Applications/Cocos/Creator/3.8.5/CocosCreator.app/Contents/Resources/app.asar/builtin/builder/static/sub-process-index
10-16-2025 15:49:23-debug: excute-script over with build-script 1590ms
10-16-2025 15:49:23-debug: Generate systemJs..., progress: 17%
10-16-2025 15:49:23-log: Run build task(build-script) in child, see: chrome://inspect/#devices
10-16-2025 15:49:24-debug: excute-script over with build-script 1004ms
10-16-2025 15:49:24-debug: Build project script start..., progress: 17%
10-16-2025 15:49:24-debug: Build script in bundle start, progress: 17%
10-16-2025 15:49:24-log: Run build task(build-script) in child, see: chrome://inspect/#devices
10-16-2025 15:49:26-debug: excute-script over with build-script 1174ms
10-16-2025 15:49:26-debug: Copy externalScripts success!
10-16-2025 15:49:26-debug: Build script in bundle success, progress: 17%
10-16-2025 15:49:26-debug: Build project script in (1203 ms) √, progress: 17%
10-16-2025 15:49:26-debug: Build engine start..., progress: 17%
10-16-2025 15:49:26-debug: Use cache engine: {link(/var/folders/y8/27c95ftx0jn3hggcv9w3phb80000gn/T/CocosCreator/3.8.5/builder/engine/ffacadbc48db6a98a1863fcc9cb9189d)}
10-16-2025 15:49:26-debug: {"debug":false,"mangleProperties":false,"inlineEnum":true,"sourceMaps":false,"includeModules":["2d","3d","animation","audio","base","custom-pipeline","dragon-bones","gfx-webgl","intersection-2d","light-probe","marionette","particle","particle-2d","physics-2d-box2d","physics-ammo","primitive","profiler","skeletal-animation","spine","terrain","tiled-map","tween","ui","video","websocket","webview","gfx-webgl2","custom-pipeline-builtin-scripts"],"engineVersion":"3.8.5","md5Map":[],"engineName":"cocos-js","platform":"HTML5","useCache":true,"nativeCodeBundleMode":"both","wasmCompressionMode":false,"split":false,"assetURLFormat":"runtime-resolved","output":"/Users/fldsmdfr/Documents/GitHub/Blue_Games/Venados/_Editables/Bateando-cocos-editable/build/web-mobile-001/cocos-js","flags":{"DEBUG":false,"LOAD_BULLET_MANUALLY":false,"LOAD_SPINE_MANUALLY":false,"WEBGPU":false},"entry":"/Applications/Cocos/Creator/3.8.5/CocosCreator.app/Contents/Resources/resources/3d/engine"}
10-16-2025 15:49:26-debug: Build engine in (59 ms) √, progress: 17%
10-16-2025 15:49:26-debug: Copy plugin script ..., progress: 17%
10-16-2025 15:49:26-debug: Generate import-map..., progress: 17%
10-16-2025 15:49:26-debug: // ---- build task Build script ---- (3868ms)
10-16-2025 15:49:26-debug: run build task Build script success in 3 s√, progress: 22%
10-16-2025 15:49:26-debug: Build bundles..., progress: 22%
10-16-2025 15:49:26-debug: Pack Images start, progress: 22%
10-16-2025 15:49:26-debug: Build Assets start, progress: 22%
10-16-2025 15:49:26-debug: [Build Memory track]: Build script start:172.74MB, end 173.92MB, increase: 1.17MB
10-16-2025 15:49:26-debug: // ---- build task Build Assets ----
10-16-2025 15:49:26-debug: Get Cache info of pac success {asset(f557bf09-982d-4f17-9c53-4eff39d2acd5)}
10-16-2025 15:49:26-debug: remove spriteAtlas._uuid : {asset(b05d734d-4896-4307-9b1f-bb08e22ebe7d)}
10-16-2025 15:49:26-debug: remove spriteAtlas._uuid : {asset(b05d734d-4896-4307-9b1f-bb08e22ebe7d)}
10-16-2025 15:49:26-debug: remove spriteAtlas._uuid : {asset(b05d734d-4896-4307-9b1f-bb08e22ebe7d)}
10-16-2025 15:49:26-debug: Get Cache info of pac success {asset(b05d734d-4896-4307-9b1f-bb08e22ebe7d)}
10-16-2025 15:49:26-debug: builder:pack-auto-atlas-image (49ms)
10-16-2025 15:49:26-debug: sort compress task {}
10-16-2025 15:49:26-debug: No image need to compress
10-16-2025 15:49:26-debug: Compress image success..., progress: 22%
10-16-2025 15:49:26-debug: Pack Images success, progress: 22%
10-16-2025 15:49:26-debug: Handle all json groups in bundle internal
10-16-2025 15:49:26-debug: handle json group
10-16-2025 15:49:26-debug: Num of all image compress task 0, really: 0, configTasks: 0
10-16-2025 15:49:26-debug: handle json group
10-16-2025 15:49:26-debug: Output asset in bundles start, progress: 22%
10-16-2025 15:49:26-debug: Handle all json groups in bundle main
10-16-2025 15:49:26-debug: Compress image start..., progress: 22%
10-16-2025 15:49:26-debug: Json group(02acc46f4) compile success，json number: 6
10-16-2025 15:49:26-debug: Json group(01639c92f) compile success，json number: 6
10-16-2025 15:49:26-debug: Json group(02c7ec91d) compile success，json number: 6
10-16-2025 15:49:26-debug: Json group(0a1e9e07a) compile success，json number: 6
10-16-2025 15:49:26-debug: Json group(05435efb7) compile success，json number: 6
10-16-2025 15:49:26-debug: Json group(0e081b603) compile success，json number: 6
10-16-2025 15:49:26-debug: Json group(0c8d6f822) compile success，json number: 6
10-16-2025 15:49:26-debug: handle single json
10-16-2025 15:49:26-debug: Json group(05397e933) compile success，json number: 6
10-16-2025 15:49:26-debug: Json group(0fcbd05f8) compile success，json number: 6
10-16-2025 15:49:26-debug: handle single json
10-16-2025 15:49:26-debug: Output asset in bundles success, progress: 22%
10-16-2025 15:49:26-debug: Output asset in bundles start, progress: 22%
10-16-2025 15:49:26-debug: compress config of bundle internal...
10-16-2025 15:49:26-debug: compress config of bundle internal success
10-16-2025 15:49:26-debug: compress config of bundle main...
10-16-2025 15:49:26-debug: compress config of bundle main success
10-16-2025 15:49:26-debug: output config of bundle internal
10-16-2025 15:49:26-debug: output config of bundle internal success
10-16-2025 15:49:26-debug: output config of bundle main
10-16-2025 15:49:26-debug: output config of bundle main success
10-16-2025 15:49:26-debug: Output asset in bundles success, progress: 22%
10-16-2025 15:49:26-debug: // ---- build task Build Assets ---- (202ms)
10-16-2025 15:49:26-debug: // ---- build task Sort some build options to settings.json ----
10-16-2025 15:49:26-debug: run build task Build Assets success in 202 ms√, progress: 27%
10-16-2025 15:49:26-debug: Sort some build options to settings.json start, progress: 27%
10-16-2025 15:49:26-debug: [Build Memory track]: Build Assets start:173.74MB, end 171.07MB, increase: -2731.70KB
10-16-2025 15:49:26-debug: // ---- build task Sort some build options to settings.json ---- (7ms)
10-16-2025 15:49:26-debug: run build task Sort some build options to settings.json success in 7 ms√, progress: 29%
10-16-2025 15:49:26-debug: [Build Memory track]: Sort some build options to settings.json start:171.15MB, end 171.21MB, increase: 63.96KB
10-16-2025 15:49:26-debug: Fill script data to settings start, progress: 29%
10-16-2025 15:49:26-debug: // ---- build task Fill script data to settings ----
10-16-2025 15:49:26-debug: // ---- build task Fill script data to settings ---- (7ms)
10-16-2025 15:49:26-debug: run build task Fill script data to settings success in 7 ms√, progress: 31%
10-16-2025 15:49:26-debug: // ---- build task Sort some build options to settings.json ----
10-16-2025 15:49:26-debug: Sort some build options to settings.json start, progress: 31%
10-16-2025 15:49:26-debug: [Build Memory track]: Fill script data to settings start:171.25MB, end 171.31MB, increase: 69.76KB
10-16-2025 15:49:27-debug: // ---- build task Sort some build options to settings.json ---- (1453ms)
10-16-2025 15:49:27-debug: run build task Sort some build options to settings.json success in 1 s√, progress: 32%
10-16-2025 15:49:27-debug: [Build Memory track]: Sort some build options to settings.json start:171.35MB, end 171.52MB, increase: 177.96KB
10-16-2025 15:49:27-debug: // ---- build task web-mobile：onBeforeCompressSettings ----
10-16-2025 15:49:27-debug: web-mobile:(onBeforeCompressSettings) start..., progress: 32%
10-16-2025 15:49:27-debug: // ---- build task web-mobile：onBeforeCompressSettings ---- (10ms)
10-16-2025 15:49:27-debug: web-mobile:(onBeforeCompressSettings) in 10 ms ✓, progress: 34%
10-16-2025 15:49:27-debug: // ---- build task cocos-service：onBeforeCompressSettings ----
10-16-2025 15:49:27-debug: cocos-service:(onBeforeCompressSettings) start..., progress: 34%
10-16-2025 15:49:28-debug: // ---- build task cocos-service：onBeforeCompressSettings ---- (688ms)
10-16-2025 15:49:28-debug: cocos-service:(onBeforeCompressSettings) in 688 ms ✓, progress: 36%
10-16-2025 15:49:28-debug: Sort build template start, progress: 36%
10-16-2025 15:49:28-debug: // ---- build task Sort build template ----
10-16-2025 15:49:28-debug: // ---- build task Sort build template ---- (52ms)
10-16-2025 15:49:28-debug: cocos-service:(onAfterCompressSettings) start..., progress: 41%
10-16-2025 15:49:28-debug: // ---- build task cocos-service：onAfterCompressSettings ----
10-16-2025 15:49:28-debug: run build task Sort build template success in 52 ms√, progress: 41%
10-16-2025 15:49:28-debug: [Build Memory track]: Sort build template start:171.78MB, end 173.94MB, increase: 2.16MB
10-16-2025 15:49:28-debug: // ---- build task cocos-service：onAfterCompressSettings ---- (310ms)
10-16-2025 15:49:28-debug: // ---- build task web-mobile：onBeforeCopyBuildTemplate ----
10-16-2025 15:49:28-debug: web-mobile:(onBeforeCopyBuildTemplate) start..., progress: 43%
10-16-2025 15:49:28-debug: cocos-service:(onAfterCompressSettings) in 310 ms ✓, progress: 43%
10-16-2025 15:49:28-debug: // ---- build task web-mobile：onBeforeCopyBuildTemplate ---- (17ms)
10-16-2025 15:49:28-debug: web-mobile:(onBeforeCopyBuildTemplate) in 17 ms ✓, progress: 45%
10-16-2025 15:49:28-debug: Add md5 suffix to assets start, progress: 45%
10-16-2025 15:49:28-debug: // ---- build task Add md5 suffix to assets ----
10-16-2025 15:49:28-debug: // ---- build task Add md5 suffix to assets ---- (7ms)
10-16-2025 15:49:28-debug: // ---- build task cocos-service：onAfterBuild ----
10-16-2025 15:49:28-debug: [Build Memory track]: Add md5 suffix to assets start:177.11MB, end 177.17MB, increase: 63.44KB
10-16-2025 15:49:28-debug: cocos-service:(onAfterBuild) start..., progress: 55%
10-16-2025 15:49:28-debug: run build task Add md5 suffix to assets success in 7 ms√, progress: 55%
10-16-2025 15:49:29-debug: // ---- build task cocos-service：onAfterBuild ---- (328ms)
10-16-2025 15:49:29-debug: cocos-service:(onAfterBuild) in 328 ms ✓, progress: 56%
10-16-2025 15:49:29-debug: adsense-h5g-plugin:(onAfterBuild) start..., progress: 56%
10-16-2025 15:49:29-debug: // ---- build task adsense-h5g-plugin：onAfterBuild ----
10-16-2025 15:49:29-debug: // ---- build task adsense-h5g-plugin：onAfterBuild ---- (7ms)
10-16-2025 15:49:29-debug: adsense-h5g-plugin:(onAfterBuild) in 7 ms ✓, progress: 58%
10-16-2025 15:49:29-log: Asset DB is resume!
10-16-2025 15:49:29-debug: builder:build-project-total (8236ms)
10-16-2025 15:49:29-debug: build success in 8236!
10-16-2025 15:49:29-debug: [Build Memory track]: builder:build-project-total start:169.74MB, end 177.00MB, increase: 7.27MB
10-16-2025 15:49:29-debug: ================================ build Task (web-mobile-001) Finished in (8 s)ms ================================
10-16-2025 15:49:29-debug: Stop record console. {file(/Users/fldsmdfr/Documents/GitHub/Blue_Games/Venados/_Editables/Bateando-cocos-editable/temp/builder/log/web-mobile10-15-2025 09-52.log)}
10-16-2025 15:49:50-debug: refresh db internal success
10-16-2025 15:49:50-debug: refresh db assets success
10-16-2025 15:49:50-debug: Run asset db hook engine-extends:afterRefresh ...
10-16-2025 15:49:50-debug: Run asset db hook engine-extends:afterRefresh success!
10-16-2025 15:49:50-debug: asset-db:refresh-all-database (45ms)
10-16-2025 15:49:50-debug: asset-db-hook-engine-extends-afterRefresh (1ms)
10-16-2025 16:01:30-debug: refresh db internal success
10-16-2025 16:01:30-debug: refresh db assets success
10-16-2025 16:01:30-debug: Run asset db hook engine-extends:afterRefresh ...
10-16-2025 16:01:30-debug: Run asset db hook engine-extends:afterRefresh success!
10-16-2025 16:01:30-debug: asset-db:refresh-all-database (137ms)
10-16-2025 16:01:30-debug: asset-db-hook-engine-extends-afterRefresh (8ms)
10-16-2025 16:01:30-debug: asset-db:worker-effect-data-processing (2ms)
